
####
#### Preparing source for "TIBCO BusinessEvents Version 5.1.1.034" (Thu Dec 13 21:53:41 PST 2012): ...
####

Buildfile: build.xml

set-BE_DATE:

set-platform:

set-environment:

set-properties:

set-src:

set-versioning:

set-filter:

pre-admin:
     [copy] Copying 1 file to /local/amaiuolo/be/branches/5.1/runtime/mm/administrator/src/com/tibco/be/deployment/administrator

pre-as-channel:
     [copy] Copying 1 file to /local/amaiuolo/be/branches/5.1/runtime/modules/channels/as/src/com/tibco/cep/driver/as

pre-base:
     [copy] Copying 1 file to /local/amaiuolo/be/branches/5.1/runtime/core/base/be/src/com/tibco/cep

set-plt:

pre-bebw:

set-plt:

pre-bebw:
     [copy] Copying 1 file to /local/amaiuolo/be/branches/5.1/runtime/modules/bw/src/com/tibco/be/bw/plugin
     [copy] Copying 1 file to /local/amaiuolo/be/branches/5.1/runtime/modules/bw/src/com/tibco/be/bw/plugin

pre-backingstore:
     [copy] Copying 1 file to /local/amaiuolo/be/branches/5.1/runtime/core/backingstore/src/com/tibco/be/oracle
     [copy] Copying 1 file to /local/amaiuolo/be/branches/5.1/runtime/core/backingstore/src/com/tibco/be/jdbcstore

pre-backingstore-bdb:
     [copy] Copying 1 file to /local/amaiuolo/be/branches/5.1/runtime/core/backingstore-bdb/src/com/tibco/cep/persister

pre-common:
     [copy] Copying 1 file to /local/amaiuolo/be/branches/5.1/runtime/core/common/src/com/tibco/cep

pre-container:
     [copy] Copying 1 file to /local/amaiuolo/be/branches/5.1/runtime/core/container/src/com/tibco/cep/container

pre-dbutils:
     [copy] Copying 1 file to /local/amaiuolo/be/branches/5.1/runtime/modules/tools/migration/src/com/tibco/be/dbutils

pre-drivers:
     [copy] Copying 1 file to /local/amaiuolo/be/branches/5.1/runtime/core/drivers/src/com/tibco/cep/driver

pre-datagrid-oracle:
     [copy] Copying 1 file to /local/amaiuolo/be/branches/5.1/runtime/core/datagrid/coherence/src/com/tibco/cep

pre-datagrid-tibco:
     [copy] Copying 1 file to /local/amaiuolo/be/branches/5.1/runtime/core/datagrid/activespaces/src/com/tibco/cep/as

pre-hawk-channel:
     [copy] Copying 1 file to /local/amaiuolo/be/branches/5.1/runtime/modules/channels/hawk/src/com/tibco/cep/driver/hawk

pre-mm:
     [copy] Copying 1 file to /local/amaiuolo/be/branches/5.1/runtime/mm/em/src/com/tibco/be/bemm/functions

pre-functions:
     [copy] Copying 1 file to /local/amaiuolo/be/branches/5.1/runtime/core/functions/src/com/tibco/be/functions

pre-interpreter:
     [copy] Copying 1 file to /local/amaiuolo/be/branches/5.1/runtime/modules/interpreter/src/com/tibco/cep/interpreter

pre-studio:

update-studio-version:

pre-studiofunctions:
     [copy] Copying 1 file to /local/amaiuolo/be/branches/5.1/designtime/studio/functions/src/com/tibco/be/functions

pre-kernel:
     [copy] Copying 1 file to /local/amaiuolo/be/branches/5.1/runtime/core/kernel/src/com/tibco/cep/kernel

pre-security:
     [copy] Copying 1 file to /local/amaiuolo/be/branches/5.1/runtime/modules/security/src/com/tibco/cep/security

pre-migration:
     [copy] Copying 1 file to /local/amaiuolo/be/branches/5.1/runtime/modules/tools/migration/src/com/tibco/be/migration

pre-modules:
     [copy] Copying 1 file to /local/amaiuolo/be/branches/5.1/runtime/modules/dbconcepts/src/com/tibco/cep/modules

pre-pattern:
     [copy] Copying 1 file to /local/amaiuolo/be/branches/5.1/runtime/modules/pattern/pattern-be/src/com/tibco/cep/pattern

pre-bpmn:
     [copy] Copying 1 file to /local/amaiuolo/be/branches/5.1/runtime/modules/bpmn/src/com/tibco/cep/bpmn

pre-query:
     [copy] Copying 1 file to /local/amaiuolo/be/branches/5.1/runtime/modules/query/common/src/com/tibco/cep/query

pre-rms:
     [copy] Copying 1 file to /local/amaiuolo/be/branches/5.1/runtime/modules/rms/src/com/tibco/be/rms

pre-uirms:
     [copy] Copying 1 file to /local/amaiuolo/be/branches/5.1/common/src/com/tibco/be/uirms

pre-uirt:
     [copy] Copying 1 file to /local/amaiuolo/be/branches/5.1/common/src/com/tibco/be/uirt

set-bld:

pre-beviews:

set-properties:

set-src:

set-bld:

set-exp:

set-dep:

set-all:

pre-metricengine:
     [copy] Copying 1 file to /local/amaiuolo/be/branches/5.1/runtime/modules/dashboard/metricengine/src/com/tibco/cep/metric

pre-dashboard-rt-common:
     [copy] Copying 1 file to /local/amaiuolo/be/branches/5.1/common/src/com/tibco/be/viewsrt

pre-agent:
     [copy] Copying 1 file to /local/amaiuolo/be/branches/5.1/runtime/modules/dashboard/agent/common/src/com/tibco/cep/dashboard

pre-all:

pre-loadbalancer:
     [copy] Copying 1 file to /local/amaiuolo/be/branches/5.1/runtime/modules/loadbalancer/loadbalancer-be/src/com/tibco/cep/loadbalancer

set-bom:

pre-bom:
     [copy] Copying 1 file to /local/amaiuolo/be/branches/5.1/build/pkg_info/bom/5.1.1/base
     [copy] Copying 1 file to /local/amaiuolo/be/branches/5.1/build/pkg_info/bom/5.1.1/base
     [copy] Copying 1 file to /local/amaiuolo/be/branches/5.1/build/pkg_info/bom/5.1.1/base
     [copy] Copying 1 file to /local/amaiuolo/be/branches/5.1/build/pkg_info/bom/5.1.1/base
     [copy] Copying 1 file to /local/amaiuolo/be/branches/5.1/build/pkg_info/bom/5.1.1/base
     [copy] Copying 1 file to /local/amaiuolo/be/branches/5.1/build/pkg_info/bom/5.1.1/base
     [copy] Copying 1 file to /local/amaiuolo/be/branches/5.1/build/pkg_info/bom/5.1.1/base
     [copy] Copying 1 file to /local/amaiuolo/be/branches/5.1/build/pkg_info/bom/5.1.1/base
     [copy] Copying 1 file to /local/amaiuolo/be/branches/5.1/build/pkg_info/bom/5.1.1/base
     [copy] Copying 1 file to /local/amaiuolo/be/branches/5.1/build/pkg_info/bom/5.1.1/base
     [copy] Copying 1 file to /local/amaiuolo/be/branches/5.1/build/pkg_info/bom/5.1.1/base
     [copy] Copying 1 file to /local/amaiuolo/be/branches/5.1/build/pkg_info/bom/5.1.1/base
     [copy] Copying 1 file to /local/amaiuolo/be/branches/5.1/build/pkg_info/bom/5.1.1/base
     [copy] Copying 1 file to /local/amaiuolo/be/branches/5.1/build/pkg_info/bom/5.1.1/base
     [copy] Copying 1 file to /local/amaiuolo/be/branches/5.1/build/pkg_info/bom/5.1.1/base
     [copy] Copying 1 file to /local/amaiuolo/be/branches/5.1/build/pkg_info/bom/5.1.1/base
     [copy] Copying 1 file to /local/amaiuolo/be/branches/5.1/build/pkg_info/bom/5.1.1/base
     [copy] Copying 1 file to /local/amaiuolo/be/branches/5.1/build/pkg_info/bom/5.1.1/base
     [copy] Copying 1 file to /local/amaiuolo/be/branches/5.1/build/pkg_info/bom/5.1.1/base
     [copy] Copying 1 file to /local/amaiuolo/be/branches/5.1/build/pkg_info/bom/5.1.1/base
     [copy] Copying 1 file to /local/amaiuolo/be/branches/5.1/build/pkg_info/bom/5.1.1/base
     [copy] Copying 1 file to /local/amaiuolo/be/branches/5.1/build/pkg_info/bom/5.1.1/base

pre-all:

BUILD SUCCESSFUL
Total time: 2 seconds

####
#### Checking version files status (Thu Dec 13 21:53:44 PST 2012): ...
####


####
#### Skipping modified files (Thu Dec 13 21:53:45 PST 2012): ...
####


####
#### Checking version files diffs (Thu Dec 13 21:53:45 PST 2012): ...
####

Index: build/pkg_info/bom/5.1.1/base/contrib_be-views-server_5.1.1_FeatureConfig.xml
===================================================================
--- build/pkg_info/bom/5.1.1/base/contrib_be-views-server_5.1.1_FeatureConfig.xml	(revision 55958)
+++ build/pkg_info/bom/5.1.1/base/contrib_be-views-server_5.1.1_FeatureConfig.xml	(working copy)
@@ -20,21 +20,17 @@
  !
  !-->
 <TIBCOInstallerFeatures>
-    <productDef productType="contributor" name="be-views-server" id="be-views-server" version="5.1.1.033" />
+    <productDef productType="contributor" name="be-views-server" id="be-views-server" version="5.1.1.034" />
 
     <customVariables>
         <localVariable name="be.shortVersion" value="5.1"/>
         <localVariable name="be.version" value="5.1.1"/>
         <localVariable name="be.product.home" value="${tibco.home}/be/5.1"/>                       
     </customVariables>
-    
-   <featureconfigincludes>
- 		 <featureconfiginclude svnrev="HEAD" svnurlloc="http://svn.tibco.com/install/trunk/contribs/wrapper/2.3" featureconfigname="contrib_gwrapper_2.3.1_FeatureConfig.xml" plat="macos_x86_64"/>
-   </featureconfigincludes>
 
-    <installerFeature visible="false" name="be-views-server" installLocation="$L{be.product.home}" version="5.1.1.033" >
+    <installerFeature visible="false" name="be-views-server" installLocation="$L{be.product.home}" version="5.1.1.034" >
     <assemblyList>
-        <assembly uid="product_tibco_be_views_server" version="5.1.1.033"/>
+        <assembly uid="product_tibco_be_views_server" version="5.1.1.034"/>
     </assemblyList>
 	<dependency type="feature" uid="main_gwrapper" version="2.3.1" description="gwrapper" plat="macos_x86_64" />
     <postInstallAction sequence="post-assembly-ref" target="post-install" taskFile="${TIBCO_HOME}/be/5.1/uninstaller_scripts/post-views_server-install.xml" description="Performing post-installation tasks for BusinessEvents Views Server"/>
Index: build/pkg_info/bom/5.1.1/base/contrib_be-studio_5.1.1_FeatureConfig.xml
===================================================================
--- build/pkg_info/bom/5.1.1/base/contrib_be-studio_5.1.1_FeatureConfig.xml	(revision 55958)
+++ build/pkg_info/bom/5.1.1/base/contrib_be-studio_5.1.1_FeatureConfig.xml	(working copy)
@@ -20,7 +20,7 @@
  !
  !-->
 <TIBCOInstallerFeatures>
-    <productDef productType="contributor" name="be-studio" id="be-studio" version="5.1.1.033" />
+    <productDef productType="contributor" name="be-studio" id="be-studio" version="5.1.1.034" />
     
     <customVariables>
         <localVariable name="be.shortVersion" value="5.1"/>
@@ -28,9 +28,9 @@
 		<localVariable name="be.product.home" value="${tibco.home}/be/5.1"/>                       
     </customVariables>
 	
-	<installerFeature visible="false" name="be-studio" installLocation="$L{be.product.home}" version="5.1.1.033" plat="macos_x86_64">
+	<installerFeature visible="false" name="be-studio" installLocation="$L{be.product.home}" version="5.1.1.034" plat="macos_x86_64">
 		<assemblyList>
-			<assembly uid="product_tibco_be_studio" plat="macos_x86_64" version="5.1.1.033"/>
+			<assembly uid="product_tibco_be_studio" plat="macos_x86_64" version="5.1.1.034"/>
 		</assemblyList>
 		<postInstallAction sequence="post-assembly-ref" target="post-install" taskFile="${TIBCO_HOME}/be/5.1/uninstaller_scripts/post-studio-install.xml" description="Performing post-installation tasks for BusinessEvents Studio"/>
 		<postInstallAction sequence="pre-uninstall-ref" target="pre-uninstall" taskFile="${TIBCO_HOME}/be/5.1/uninstaller_scripts/pre-studio-uninstall.xml" description="Performing pre-uninstallation tasks for BusinessEvents Studio"/>
Index: build/pkg_info/bom/5.1.1/base/contrib_be-datagrid_5.1.1_FeatureConfig.xml
===================================================================
--- build/pkg_info/bom/5.1.1/base/contrib_be-datagrid_5.1.1_FeatureConfig.xml	(revision 55958)
+++ build/pkg_info/bom/5.1.1/base/contrib_be-datagrid_5.1.1_FeatureConfig.xml	(working copy)
@@ -20,7 +20,7 @@
  !
  !-->
 <TIBCOInstallerFeatures>
-    <productDef productType="contributor" name="be-datagrid" id="be-datagrid" version="5.1.1.033" />
+    <productDef productType="contributor" name="be-datagrid" id="be-datagrid" version="5.1.1.034" />
     
     <customVariables>
         <localVariable name="be.shortVersion" value="5.1"/>
@@ -28,9 +28,9 @@
 		<localVariable name="be.product.home" value="${tibco.home}/be/5.1"/>                       
     </customVariables>
 
-	<installerFeature name="be-datagrid" installLocation="$L{be.product.home}" visible="false" version="5.1.1.033" plat="macos_x86_64">
+	<installerFeature name="be-datagrid" installLocation="$L{be.product.home}" visible="false" version="5.1.1.034" plat="macos_x86_64">
 		<assemblyList>
-			<assembly uid="product_tibco_be_backingstore" plat="macos_x86_64" version="5.1.1.033"/>
+			<assembly uid="product_tibco_be_backingstore" plat="macos_x86_64" version="5.1.1.034"/>
 		</assemblyList>
 		<postInstallAction sequence="post-assembly-ref" target="post-install" taskFile="${TIBCO_HOME}/be/5.1/uninstaller_scripts/post-backingstore-install.xml" description="Performing post-installation tasks for BusinessEvents BackingStore"/>
 	</installerFeature>
Index: build/pkg_info/bom/5.1.1/base/businessevents-decisionmanager_FeatureConfig.xml
===================================================================
--- build/pkg_info/bom/5.1.1/base/businessevents-decisionmanager_FeatureConfig.xml	(revision 55958)
+++ build/pkg_info/bom/5.1.1/base/businessevents-decisionmanager_FeatureConfig.xml	(working copy)
@@ -56,7 +56,7 @@
     
 	<installerFeature name="Documentation" installLocation="$L{be.product.home}" visible="true" version="5.1.1">
 		<assemblyList>
-			<assembly uid="product_tibco_be_decisionmanager_documentation" version="5.1.1.033"/>
+			<assembly uid="product_tibco_be_decisionmanager_documentation" version="5.1.1.034"/>
 		</assemblyList>
 		<postInstallAction sequence="post-assembly-ref" target="post-install" taskFile="${TIBCO_HOME}/be/5.1/uninstaller_scripts/post-decisionmanager_documentation-install.xml" description="Performing post-installation tasks for BusinessEvents Decision Manager Documentation"/>
 		<postInstallAction sequence="pre-uninstall-ref" target="pre-uninstall" taskFile="${TIBCO_HOME}/be/5.1/uninstaller_scripts/pre-decisionmanager_documentation-uninstall.xml" description="Performing pre-uninstallation tasks for BusinessEvents Decision Manager Documentation"/>
Index: build/pkg_info/bom/5.1.1/base/businessevents-express_FeatureConfig.xml
===================================================================
--- build/pkg_info/bom/5.1.1/base/businessevents-express_FeatureConfig.xml	(revision 55958)
+++ build/pkg_info/bom/5.1.1/base/businessevents-express_FeatureConfig.xml	(working copy)
@@ -77,7 +77,7 @@
 
 	<installerFeature name="Documentation" installLocation="$L{be.product.home}" visible="true" version="5.1.1">
 		<assemblyList>
-			<assembly uid="product_tibco_be_express_documentation" version="5.1.1.033"/>
+			<assembly uid="product_tibco_be_express_documentation" version="5.1.1.034"/>
 		</assemblyList>
 		<dependency type="feature" uid="Server_businessevents-express" parentID="businessevents-express" mustBeInstalled="false" version="5.1.1" description="TIBCO BusinessEvents Server" />		
 		<postInstallAction sequence="post-assembly-ref" target="post-install" taskFile="${TIBCO_HOME}/be/5.1/uninstaller_scripts/post-express_documentation-install.xml" description="Performing post-installation tasks for BusinessEvents Express Documentation"/>
Index: build/pkg_info/bom/5.1.1/base/contrib_be-views-modeler_5.1.1_FeatureConfig.xml
===================================================================
--- build/pkg_info/bom/5.1.1/base/contrib_be-views-modeler_5.1.1_FeatureConfig.xml	(revision 55958)
+++ build/pkg_info/bom/5.1.1/base/contrib_be-views-modeler_5.1.1_FeatureConfig.xml	(working copy)
@@ -20,7 +20,7 @@
  !
  !-->
 <TIBCOInstallerFeatures>
-    <productDef productType="contributor" name="be-views-modeler" id="be-views-modeler" version="5.1.1.033" />
+    <productDef productType="contributor" name="be-views-modeler" id="be-views-modeler" version="5.1.1.034" />
     
     <customVariables>
         <localVariable name="be.shortVersion" value="5.1"/>
@@ -28,9 +28,9 @@
 		<localVariable name="be.product.home" value="${tibco.home}/be/5.1"/>                       
     </customVariables>
 	
-    <installerFeature visible="false" name="be-views-modeler" installLocation="$L{be.product.home}" version="5.1.1.033"  plat="macos_x86_64">
+    <installerFeature visible="false" name="be-views-modeler" installLocation="$L{be.product.home}" version="5.1.1.034"  plat="macos_x86_64">
 		<assemblyList>
-			<assembly uid="product_tibco_be_views_modeler" version="5.1.1.033"  plat="macos_x86_64"/>
+			<assembly uid="product_tibco_be_views_modeler" version="5.1.1.034"  plat="macos_x86_64"/>
 		</assemblyList>
 	</installerFeature>
 
Index: build/pkg_info/bom/5.1.1/base/contrib_be-eclipse_5.1.1_FeatureConfig.xml
===================================================================
--- build/pkg_info/bom/5.1.1/base/contrib_be-eclipse_5.1.1_FeatureConfig.xml	(revision 55958)
+++ build/pkg_info/bom/5.1.1/base/contrib_be-eclipse_5.1.1_FeatureConfig.xml	(working copy)
@@ -20,7 +20,7 @@
  !
  !-->
 <TIBCOInstallerFeatures>
-    <productDef productType="contributor" name="be-eclipse" id="be-eclipse" version="5.1.1.033" />
+    <productDef productType="contributor" name="be-eclipse" id="be-eclipse" version="5.1.1.034" />
     
     <customVariables>
         <localVariable name="be.shortVersion" value="5.1"/>
@@ -28,9 +28,9 @@
 		<localVariable name="be.product.home" value="${tibco.home}/be/5.1"/>                       
     </customVariables>
 
-    <installerFeature name="be-eclipse" installLocation="$L{be.product.home}" visible="false" version="5.1.1.033" plat="macos_x86_64">
+    <installerFeature name="be-eclipse" installLocation="$L{be.product.home}" visible="false" version="5.1.1.034" plat="macos_x86_64">
 		<assemblyList>
-			<assembly uid="product_tibco_be_eclipse" plat="macos_x86_64" version="5.1.1.033"/>
+			<assembly uid="product_tibco_be_eclipse" plat="macos_x86_64" version="5.1.1.034"/>
 		</assemblyList>
 	</installerFeature>
     
Index: build/pkg_info/bom/5.1.1/base/businessevents-views_FeatureConfig.xml
===================================================================
--- build/pkg_info/bom/5.1.1/base/businessevents-views_FeatureConfig.xml	(revision 55958)
+++ build/pkg_info/bom/5.1.1/base/businessevents-views_FeatureConfig.xml	(working copy)
@@ -49,7 +49,7 @@
 	
 	<installerFeature name="Documentation" installLocation="$L{be.product.home}" visible="true" version="5.1.1">
 		<assemblyList>
-			<assembly uid="product_tibco_be_views_documentation" version="5.1.1.033"/>
+			<assembly uid="product_tibco_be_views_documentation" version="5.1.1.034"/>
 		</assemblyList>
 		<postInstallAction sequence="post-assembly-ref" target="post-install" taskFile="${TIBCO_HOME}/be/5.1/uninstaller_scripts/post-views_documentation-install.xml" description="Performing post-installation tasks for BusinessEvents Views Documentation"/>
 		<wizardAction class="com.tibco.installer.wizard.action.TIBCOCreateWindowsShortcutWizardAction" sequence="post-install">
Index: build/pkg_info/bom/5.1.1/base/contrib_be-statemodeler_5.1.1_FeatureConfig.xml
===================================================================
--- build/pkg_info/bom/5.1.1/base/contrib_be-statemodeler_5.1.1_FeatureConfig.xml	(revision 55958)
+++ build/pkg_info/bom/5.1.1/base/contrib_be-statemodeler_5.1.1_FeatureConfig.xml	(working copy)
@@ -20,7 +20,7 @@
  !
  !-->
 <TIBCOInstallerFeatures>
-    <productDef productType="contributor" name="be-statemodeler" id="be-statemodeler" version="5.1.1.033" />
+    <productDef productType="contributor" name="be-statemodeler" id="be-statemodeler" version="5.1.1.034" />
     
     <customVariables>
     <localVariable name="be.shortVersion" value="5.1"/>
@@ -28,9 +28,9 @@
     <localVariable name="be.product.home" value="${tibco.home}/be/5.1"/>                       
     </customVariables>
 	
-	<installerFeature name="be-statemodeler" installLocation="$L{be.product.home}" visible="false" version="5.1.1.033" plat="macos_x86_64">
+	<installerFeature name="be-statemodeler" installLocation="$L{be.product.home}" visible="false" version="5.1.1.034" plat="macos_x86_64">
 		<assemblyList>
-			<assembly uid="product_tibco_be_statemodeler" plat="macos_x86_64" version="5.1.1.033"/>
+			<assembly uid="product_tibco_be_statemodeler" plat="macos_x86_64" version="5.1.1.034"/>
 		</assemblyList>
 	</installerFeature>
 
Index: build/pkg_info/bom/5.1.1/base/contrib_be-process-modeler_1.0.1_FeatureConfig.xml
===================================================================
--- build/pkg_info/bom/5.1.1/base/contrib_be-process-modeler_1.0.1_FeatureConfig.xml	(revision 55958)
+++ build/pkg_info/bom/5.1.1/base/contrib_be-process-modeler_1.0.1_FeatureConfig.xml	(working copy)
@@ -20,7 +20,7 @@
  !
  !-->
 <TIBCOInstallerFeatures>
-    <productDef productType="contributor" name="be-process-modeler" id="be-process-modeler" version="1.0.1.033" />
+    <productDef productType="contributor" name="be-process-modeler" id="be-process-modeler" version="1.0.1.034" />
     
     <customVariables>
         <localVariable name="be.shortVersion" value="5.1"/>
@@ -28,9 +28,9 @@
 		<localVariable name="be.product.home" value="${tibco.home}/be/5.1"/>                       
     </customVariables>
 	
-    <installerFeature visible="false" name="be-process-modeler" installLocation="$L{be.product.home}" version="1.0.1.033" plat="macos_x86_64">
+    <installerFeature visible="false" name="be-process-modeler" installLocation="$L{be.product.home}" version="1.0.1.034" plat="macos_x86_64">
 		<assemblyList>
-			<assembly uid="product_tibco_be_process_editor" plat="macos_x86_64" version="1.0.1.033"/>
+			<assembly uid="product_tibco_be_process_editor" plat="macos_x86_64" version="1.0.1.034"/>
 		</assemblyList>
 	</installerFeature>
 </TIBCOInstallerFeatures>
Index: build/pkg_info/bom/5.1.1/base/contrib_be-monitoringandmanagement_5.1.1_FeatureConfig.xml
===================================================================
--- build/pkg_info/bom/5.1.1/base/contrib_be-monitoringandmanagement_5.1.1_FeatureConfig.xml	(revision 55958)
+++ build/pkg_info/bom/5.1.1/base/contrib_be-monitoringandmanagement_5.1.1_FeatureConfig.xml	(working copy)
@@ -20,7 +20,7 @@
  !
  !-->
 <TIBCOInstallerFeatures>
-    <productDef productType="contributor" name="be-monitoringandmanagement" id="be-monitoringandmanagement" version="5.1.1.033" />
+    <productDef productType="contributor" name="be-monitoringandmanagement" id="be-monitoringandmanagement" version="5.1.1.034" />
     
     <customVariables>
         <localVariable name="be.shortVersion" value="5.1"/>
@@ -29,9 +29,9 @@
     </customVariables>
 
     
-	<installerFeature name="be-monitoringandmanagement" installLocation="$L{be.product.home}" visible="false" version="5.1.1.033">
+	<installerFeature name="be-monitoringandmanagement" installLocation="$L{be.product.home}" visible="false" version="5.1.1.034">
 		<assemblyList>
-			<assembly uid="product_tibco_be_monitoringandmanagement" version="5.1.1.033"/>
+			<assembly uid="product_tibco_be_monitoringandmanagement" version="5.1.1.034"/>
 		</assemblyList>
 		<postInstallAction sequence="post-assembly-ref" target="post-install" taskFile="${TIBCO_HOME}/be/5.1/uninstaller_scripts/post-mm-install.xml" description="Performing post-installation tasks for BusinessEvents Monitoring and Management"/>
     </installerFeature>
Index: build/pkg_info/bom/5.1.1/base/contrib_be-query_5.1.1_FeatureConfig.xml
===================================================================
--- build/pkg_info/bom/5.1.1/base/contrib_be-query_5.1.1_FeatureConfig.xml	(revision 55958)
+++ build/pkg_info/bom/5.1.1/base/contrib_be-query_5.1.1_FeatureConfig.xml	(working copy)
@@ -20,7 +20,7 @@
  !
  !-->
 <TIBCOInstallerFeatures>
-    <productDef productType="contributor" name="be-query" id="be-query" version="5.1.1.033" />
+    <productDef productType="contributor" name="be-query" id="be-query" version="5.1.1.034" />
     
     <customVariables>
         <localVariable name="be.shortVersion" value="5.1"/>
@@ -28,9 +28,9 @@
 		<localVariable name="be.product.home" value="${tibco.home}/be/5.1"/>                       
     </customVariables>
 	
-    <installerFeature name="be-query" installLocation="$L{be.product.home}" visible="false" version="5.1.1.033">
+    <installerFeature name="be-query" installLocation="$L{be.product.home}" visible="false" version="5.1.1.034">
 		<assemblyList>
-			<assembly uid="product_tibco_be_query" version="5.1.1.033"/>
+			<assembly uid="product_tibco_be_query" version="5.1.1.034"/>
 		</assemblyList>
    </installerFeature>
 
Index: build/pkg_info/bom/5.1.1/base/businessevents-process_FeatureConfig.xml
===================================================================
--- build/pkg_info/bom/5.1.1/base/businessevents-process_FeatureConfig.xml	(revision 55958)
+++ build/pkg_info/bom/5.1.1/base/businessevents-process_FeatureConfig.xml	(working copy)
@@ -48,7 +48,7 @@
 	
 	<installerFeature name="Documentation" installLocation="$L{be.product.home}" visible="true" version="1.0.1">
 		<assemblyList>
-			<assembly uid="product_tibco_be_process_documentation" version="1.0.1.033"/>
+			<assembly uid="product_tibco_be_process_documentation" version="1.0.1.034"/>
 		</assemblyList>
 		<postInstallAction sequence="post-assembly-ref" target="post-install" taskFile="${TIBCO_HOME}/be/5.1/uninstaller_scripts/post-process_documentation-install.xml" description="Performing post-installation tasks for BusinessEvents Process Documentation"/>
 		<postInstallAction sequence="pre-uninstall-ref" target="pre-uninstall" taskFile="${TIBCO_HOME}/be/5.1/uninstaller_scripts/pre-process_documentation-uninstall.xml" description="Performing pre-uninstallation tasks for BusinessEvents Process Documentation"/>
Index: build/pkg_info/bom/5.1.1/base/contrib_be-server_5.1.1_FeatureConfig.xml
===================================================================
--- build/pkg_info/bom/5.1.1/base/contrib_be-server_5.1.1_FeatureConfig.xml	(revision 55958)
+++ build/pkg_info/bom/5.1.1/base/contrib_be-server_5.1.1_FeatureConfig.xml	(working copy)
@@ -20,7 +20,7 @@
  !
  !-->
 <TIBCOInstallerFeatures>
-    <productDef productType="contributor" name="be-server" id="be-server" version="5.1.1.033" />
+    <productDef productType="contributor" name="be-server" id="be-server" version="5.1.1.034" />
     
     <customVariables>
         <localVariable name="be.shortVersion" value="5.1"/>
@@ -28,14 +28,9 @@
 		<localVariable name="be.product.home" value="${tibco.home}/be/5.1"/>                       
     </customVariables>
 
-    <featureconfigincludes>
-		 <featureconfiginclude svnrev="HEAD" svnurlloc="http://svn.tibco.com/install/trunk/contribs/java/1.7" featureconfigname="contrib_tibcojava64-oracle_1.7.0.007_FeatureConfig.xml" plat="macos_x86_64"/>
- 		 <featureconfiginclude svnrev="HEAD" svnurlloc="http://svn.tibco.com/install/trunk/contribs/wrapper/2.3" featureconfigname="contrib_wrapper_2.3.0_FeatureConfig.xml" plat="macos_x86_64"/>
-   </featureconfigincludes>
-
-	<installerFeature name="be-server" visible="false" version="5.1.1.033">
+	<installerFeature name="be-server" visible="false" version="5.1.1.034">
 		<assemblyList>
-             <assembly uid="product_tibco_be_server" version="5.1.1.033" overrideTargetDirectory="$L{be.product.home}"/>
+             <assembly uid="product_tibco_be_server" version="5.1.1.034" overrideTargetDirectory="$L{be.product.home}"/>
         </assemblyList>
 		<dependency type="feature" uid="main_tibcojava64-oracle" version="1.7.0" description="64bit Oracle JRE" plat="macos_x86_64"/>
 		<dependency type="feature" uid="main_wrapper" version="2.3.0" description="Wrapper" plat="macos_x86_64" />
Index: build/pkg_info/bom/5.1.1/base/contrib_be-pattern_5.1.1_FeatureConfig.xml
===================================================================
--- build/pkg_info/bom/5.1.1/base/contrib_be-pattern_5.1.1_FeatureConfig.xml	(revision 55958)
+++ build/pkg_info/bom/5.1.1/base/contrib_be-pattern_5.1.1_FeatureConfig.xml	(working copy)
@@ -20,7 +20,7 @@
  !
  !-->
 <TIBCOInstallerFeatures>
-    <productDef productType="contributor" name="be-pattern" id="be-pattern" version="5.1.1.033" />
+    <productDef productType="contributor" name="be-pattern" id="be-pattern" version="5.1.1.034" />
     
     <customVariables>
         <localVariable name="be.shortVersion" value="5.1"/>
@@ -28,9 +28,9 @@
 		<localVariable name="be.product.home" value="${tibco.home}/be/5.1"/>                       
     </customVariables>
 	
-    <installerFeature name="be-pattern" installLocation="$L{be.product.home}" visible="false" version="5.1.1.033">
+    <installerFeature name="be-pattern" installLocation="$L{be.product.home}" visible="false" version="5.1.1.034">
 	<assemblyList>
-            <assembly uid="product_tibco_be_pattern" version="5.1.1.033"/>
+            <assembly uid="product_tibco_be_pattern" version="5.1.1.034"/>
 	</assemblyList>
     </installerFeature>
 	
Index: build/pkg_info/bom/5.1.1/base/contrib_be-process-server_1.0.1_FeatureConfig.xml
===================================================================
--- build/pkg_info/bom/5.1.1/base/contrib_be-process-server_1.0.1_FeatureConfig.xml	(revision 55958)
+++ build/pkg_info/bom/5.1.1/base/contrib_be-process-server_1.0.1_FeatureConfig.xml	(working copy)
@@ -20,7 +20,7 @@
  !
  !-->
 <TIBCOInstallerFeatures>
-    <productDef productType="contributor" name="be-process-server" id="be-process-server" version="1.0.1.033" />
+    <productDef productType="contributor" name="be-process-server" id="be-process-server" version="1.0.1.034" />
     
     <customVariables>
         <localVariable name="be.shortVersion" value="5.1"/>
@@ -28,9 +28,9 @@
 		<localVariable name="be.product.home" value="${tibco.home}/be/5.1"/>                            
     </customVariables>
 	
-    <installerFeature visible="false" name="be-process-server" installLocation="$L{be.product.home}" version="1.0.1.033">
+    <installerFeature visible="false" name="be-process-server" installLocation="$L{be.product.home}" version="1.0.1.034">
 		<assemblyList>
-			<assembly uid="product_tibco_be_process_server" version="1.0.1.033"/>
+			<assembly uid="product_tibco_be_process_server" version="1.0.1.034"/>
 		</assemblyList>
 	</installerFeature>
 </TIBCOInstallerFeatures>
Index: build/pkg_info/bom/5.1.1/base/businessevents-datamodeling_FeatureConfig.xml
===================================================================
--- build/pkg_info/bom/5.1.1/base/businessevents-datamodeling_FeatureConfig.xml	(revision 55958)
+++ build/pkg_info/bom/5.1.1/base/businessevents-datamodeling_FeatureConfig.xml	(working copy)
@@ -48,7 +48,7 @@
 
 	<installerFeature name="Documentation" installLocation="$L{be.product.home}" visible="true" version="5.1.1">
 		<assemblyList>
-			<assembly uid="product_tibco_be_datamodeling_documentation" version="5.1.1.033"/>
+			<assembly uid="product_tibco_be_datamodeling_documentation" version="5.1.1.034"/>
 		</assemblyList>
 		<postInstallAction sequence="post-assembly-ref" target="post-install" taskFile="${TIBCO_HOME}/be/5.1/uninstaller_scripts/post-datamodeling_documentation-install.xml" description="Performing post-installation tasks for BusinessEvents Data Modeling Documentation"/>
 		<postInstallAction sequence="pre-uninstall-ref" target="pre-uninstall" taskFile="${TIBCO_HOME}/be/5.1/uninstaller_scripts/pre-datamodeling_documentation-uninstall.xml" description="Performing pre-uninstallation tasks for BusinessEvents Data Modeling Documentation"/>
Index: build/pkg_info/bom/5.1.1/base/businessevents-eventstreamprocessing_FeatureConfig.xml
===================================================================
--- build/pkg_info/bom/5.1.1/base/businessevents-eventstreamprocessing_FeatureConfig.xml	(revision 55958)
+++ build/pkg_info/bom/5.1.1/base/businessevents-eventstreamprocessing_FeatureConfig.xml	(working copy)
@@ -46,7 +46,7 @@
 
 	<installerFeature name="Documentation" installLocation="$L{be.product.home}" visible="true" version="5.1.1">
 		<assemblyList>
-			<assembly uid="product_tibco_be_eventstreamprocessing_documentation" version="5.1.1.033"/>
+			<assembly uid="product_tibco_be_eventstreamprocessing_documentation" version="5.1.1.034"/>
 		</assemblyList>
 		<postInstallAction sequence="post-assembly-ref" target="post-install" taskFile="${TIBCO_HOME}/be/5.1/uninstaller_scripts/post-eventstreamprocessing_documentation-install.xml" description="Performing post-installation tasks for BusinessEvents Event Stream Processing Documentation"/>
 		<wizardAction class="com.tibco.installer.wizard.action.TIBCOCreateWindowsShortcutWizardAction" sequence="post-install">
Index: build/pkg_info/bom/5.1.1/base/contrib_be-dbconcepts_5.1.1_FeatureConfig.xml
===================================================================
--- build/pkg_info/bom/5.1.1/base/contrib_be-dbconcepts_5.1.1_FeatureConfig.xml	(revision 55958)
+++ build/pkg_info/bom/5.1.1/base/contrib_be-dbconcepts_5.1.1_FeatureConfig.xml	(working copy)
@@ -20,7 +20,7 @@
  !
  !-->
 <TIBCOInstallerFeatures>
-    <productDef productType="contributor" name="be-dbconcepts" id="be-dbconcepts" version="5.1.1.033" />
+    <productDef productType="contributor" name="be-dbconcepts" id="be-dbconcepts" version="5.1.1.034" />
     
     <customVariables>
         <localVariable name="be.shortVersion" value="5.1"/>
@@ -28,9 +28,9 @@
 		<localVariable name="be.product.home" value="${tibco.home}/be/5.1"/>                       
     </customVariables>
 	
-    <installerFeature name="be-dbconcepts" installLocation="$L{be.product.home}" visible="false" version="5.1.1.033">
+    <installerFeature name="be-dbconcepts" installLocation="$L{be.product.home}" visible="false" version="5.1.1.034">
 		<assemblyList>
-			<assembly uid="product_tibco_be_dbconcepts" version="5.1.1.033"/>
+			<assembly uid="product_tibco_be_dbconcepts" version="5.1.1.034"/>
 		</assemblyList>
     </installerFeature>
 
Index: build/pkg_info/bom/5.1.1/base/contrib_be-rulesmanagement_5.1.1_FeatureConfig.xml
===================================================================
--- build/pkg_info/bom/5.1.1/base/contrib_be-rulesmanagement_5.1.1_FeatureConfig.xml	(revision 55958)
+++ build/pkg_info/bom/5.1.1/base/contrib_be-rulesmanagement_5.1.1_FeatureConfig.xml	(working copy)
@@ -20,7 +20,7 @@
  !
  !-->
 <TIBCOInstallerFeatures>
-    <productDef productType="contributor" name="be-rulesmanagement" id="be-rulesmanagement" version="5.1.1.033" />
+    <productDef productType="contributor" name="be-rulesmanagement" id="be-rulesmanagement" version="5.1.1.034" />
     
     <customVariables>
         <localVariable name="be.shortVersion" value="5.1"/>
@@ -28,9 +28,9 @@
 		<localVariable name="be.product.home" value="${tibco.home}/be/5.1"/>                       
     </customVariables>
 
-    <installerFeature name="be-rulesmanagement" installLocation="$L{be.product.home}" visible="false" version="5.1.1.033">
+    <installerFeature name="be-rulesmanagement" installLocation="$L{be.product.home}" visible="false" version="5.1.1.034">
 		<assemblyList>
-			<assembly uid="product_tibco_be_rulesmanagement" version="5.1.1.033"/>
+			<assembly uid="product_tibco_be_rulesmanagement" version="5.1.1.034"/>
 		</assemblyList>
 		<postInstallAction sequence="post-assembly-ref" target="post-install" taskFile="${TIBCO_HOME}/be/5.1/uninstaller_scripts/post-rulesmanagement-install.xml" description="Performing post-installation tasks for BusinessEvents Rules Management Server"/>
 	</installerFeature>
Index: build/pkg_info/bom/5.1.1/base/contrib_be-decisionmanager_5.1.1_FeatureConfig.xml
===================================================================
--- build/pkg_info/bom/5.1.1/base/contrib_be-decisionmanager_5.1.1_FeatureConfig.xml	(revision 55958)
+++ build/pkg_info/bom/5.1.1/base/contrib_be-decisionmanager_5.1.1_FeatureConfig.xml	(working copy)
@@ -20,7 +20,7 @@
  !
  !-->
 <TIBCOInstallerFeatures>
-    <productDef productType="contributor" name="be-decisionmanager" id="be-decisionmanager" version="5.1.1.033" />
+    <productDef productType="contributor" name="be-decisionmanager" id="be-decisionmanager" version="5.1.1.034" />
     
     <customVariables>
         <localVariable name="be.shortVersion" value="5.1"/>
@@ -28,9 +28,9 @@
 		<localVariable name="be.product.home" value="${tibco.home}/be/5.1"/>                       
     </customVariables>
 	
-    <installerFeature visible="false" name="be-decisionmanager" installLocation="$L{be.product.home}" version="5.1.1.033" plat="macos_x86_64" >
+    <installerFeature visible="false" name="be-decisionmanager" installLocation="$L{be.product.home}" version="5.1.1.034" plat="macos_x86_64" >
 		<assemblyList>
-			<assembly uid="product_tibco_be_decisionmanager" version="5.1.1.033" plat="macos_x86_64"/>
+			<assembly uid="product_tibco_be_decisionmanager" version="5.1.1.034" plat="macos_x86_64"/>
 		</assemblyList>
 		<postInstallAction sequence="post-assembly-ref" target="post-install" taskFile="${TIBCO_HOME}/be/5.1/uninstaller_scripts/post-decisionmanager-install.xml" description="Performing post-installation tasks for BusinessEvents Decision Manager"/>
 	</installerFeature>
Index: build/pkg_info/bom/5.1.1/base/businessevents-standard_FeatureConfig.xml
===================================================================
--- build/pkg_info/bom/5.1.1/base/businessevents-standard_FeatureConfig.xml	(revision 55958)
+++ build/pkg_info/bom/5.1.1/base/businessevents-standard_FeatureConfig.xml	(working copy)
@@ -93,7 +93,7 @@
     
 	<installerFeature name="Documentation" installLocation="$L{be.product.home}" visible="true" version="5.1.1">
 		<assemblyList>
-			<assembly uid="product_tibco_be_standard_documentation" version="5.1.1.033"/>
+			<assembly uid="product_tibco_be_standard_documentation" version="5.1.1.034"/>
 		</assemblyList>
 		<dependency type="feature" uid="Server_businessevents-standard"  mustBeInstalled="false" version="5.0.0" description="TIBCO BusinessEvents Server" />				
 		<postInstallAction sequence="post-assembly-ref" target="post-install" taskFile="${TIBCO_HOME}/be/5.1/uninstaller_scripts/post-standard_documentation-install.xml" description="Performing post-installation tasks for BusinessEvents Standard Documentation"/>
Index: runtime/core/datagrid/activespaces/src/com/tibco/cep/as/cep_datagrid_tibcoVersion.java
===================================================================
--- runtime/core/datagrid/activespaces/src/com/tibco/cep/as/cep_datagrid_tibcoVersion.java	(revision 55958)
+++ runtime/core/datagrid/activespaces/src/com/tibco/cep/as/cep_datagrid_tibcoVersion.java	(working copy)
@@ -41,8 +41,8 @@
         static final public String version         = "5.1.1";
         static final public String engineMinVersion = "5.1.1.0";
         static final public String engineName      = "be-engine";
-        static final public String build           = "033";
-        static final public String buildDate       = "2012-12-10";
+        static final public String build           = "034";
+        static final public String buildDate       = "2012-12-13";
         static final public String container_id    = "be-engine";
         static final private String company        = "TIBCO Software Inc.";
         static final private String component      = "TIBCO BusinessEvents";
Index: runtime/core/datagrid/coherence/src/com/tibco/cep/cep_datagrid_oracleVersion.java
===================================================================
--- runtime/core/datagrid/coherence/src/com/tibco/cep/cep_datagrid_oracleVersion.java	(revision 55958)
+++ runtime/core/datagrid/coherence/src/com/tibco/cep/cep_datagrid_oracleVersion.java	(working copy)
@@ -41,8 +41,8 @@
         static final public String version         = "5.1.1";
         static final public String engineMinVersion = "5.1.1.0";
         static final public String engineName      = "be-engine";
-        static final public String build           = "033";
-        static final public String buildDate       = "2012-12-10";
+        static final public String build           = "034";
+        static final public String buildDate       = "2012-12-13";
         static final public String container_id    = "be-engine";
         static final private String company        = "TIBCO Software Inc.";
         static final private String component      = "TIBCO BusinessEvents";
Index: runtime/core/backingstore-bdb/src/com/tibco/cep/persister/be_bdbVersion.java
===================================================================
--- runtime/core/backingstore-bdb/src/com/tibco/cep/persister/be_bdbVersion.java	(revision 55958)
+++ runtime/core/backingstore-bdb/src/com/tibco/cep/persister/be_bdbVersion.java	(working copy)
@@ -43,8 +43,8 @@
         static final public String version         = "5.1.1";
         static final public String engineMinVersion = "5.1.1.0";
         static final public String engineName      = "be-engine";
-        static final public String build           = "033";
-        static final public String buildDate       = "2012-12-10";
+        static final public String build           = "034";
+        static final public String buildDate       = "2012-12-13";
         static final public String container_id    = "be-engine";
         static final private String company        = "TIBCO Software Inc.";
         static final private String component      = "TIBCO BusinessEvents";
Index: runtime/core/kernel/src/com/tibco/cep/kernel/cep_kernelVersion.java
===================================================================
--- runtime/core/kernel/src/com/tibco/cep/kernel/cep_kernelVersion.java	(revision 55958)
+++ runtime/core/kernel/src/com/tibco/cep/kernel/cep_kernelVersion.java	(working copy)
@@ -41,8 +41,8 @@
         static final public String copyright       = "Copyright 2004-2012 TIBCO Software Inc. All rights reserved.";
         static final public String line_separator  = System.getProperty("line.separator");
         static final public String version         = "5.1.1";
-        static final public String build           = "033";
-        static final public String buildDate       = "2012-12-10";
+        static final public String build           = "034";
+        static final public String buildDate       = "2012-12-13";
         static final public String container_id    = "be-engine";
         static final private String company        = "TIBCO Software Inc.";
         static final private String component      = "TIBCO BusinessEvents";
Index: runtime/core/container/src/com/tibco/cep/container/cep_containerVersion.java
===================================================================
--- runtime/core/container/src/com/tibco/cep/container/cep_containerVersion.java	(revision 55958)
+++ runtime/core/container/src/com/tibco/cep/container/cep_containerVersion.java	(working copy)
@@ -41,8 +41,8 @@
         static final public String copyright       = "Copyright 2004-2012 TIBCO Software Inc. All rights reserved.";
         static final public String line_separator  = System.getProperty("line.separator");
         static final public String version         = "5.1.1";
-        static final public String build           = "033";
-        static final public String buildDate       = "2012-12-10";
+        static final public String build           = "034";
+        static final public String buildDate       = "2012-12-13";
         static final public String container_id    = "be-engine";
         static final public String readme	   = "";
         static final private String company        = "TIBCO Software Inc.";
Index: runtime/core/common/src/com/tibco/cep/cep_commonVersion.java
===================================================================
--- runtime/core/common/src/com/tibco/cep/cep_commonVersion.java	(revision 55958)
+++ runtime/core/common/src/com/tibco/cep/cep_commonVersion.java	(working copy)
@@ -43,8 +43,8 @@
         static final public String version         = "5.1.1";
         static final public String engineMinVersion = "5.1.1.0";
         static final public String engineName      = "be-engine";
-        static final public String build           = "033";
-        static final public String buildDate       = "2012-12-10";
+        static final public String build           = "034";
+        static final public String buildDate       = "2012-12-13";
         static final public String container_id    = "be-engine";
         static final private String company        = "TIBCO Software Inc.";
         static final private String component      = "TIBCO BusinessEvents";
Index: runtime/core/functions/src/com/tibco/be/functions/be_functionsVersion.java
===================================================================
--- runtime/core/functions/src/com/tibco/be/functions/be_functionsVersion.java	(revision 55958)
+++ runtime/core/functions/src/com/tibco/be/functions/be_functionsVersion.java	(working copy)
@@ -41,8 +41,8 @@
         static final public String copyright       = "Copyright 2004-2012 TIBCO Software Inc. All rights reserved.";
         static final public String line_separator  = System.getProperty("line.separator");
         static final public String version = "5.1.1";
-        static final public String build = "033";
-        static final public String buildDate = "2012-12-10";
+        static final public String build = "034";
+        static final public String buildDate = "2012-12-13";
         static final private String company = "TIBCO Software Inc.";
         static final private String component = "TIBCO BusinessEvents";
         static final private String license = "";
Index: runtime/core/base/be/src/com/tibco/cep/cep_baseVersion.java
===================================================================
--- runtime/core/base/be/src/com/tibco/cep/cep_baseVersion.java	(revision 55958)
+++ runtime/core/base/be/src/com/tibco/cep/cep_baseVersion.java	(working copy)
@@ -43,8 +43,8 @@
         static final public String version         = "5.1.1";
         static final public String engineMinVersion = "5.1.1.0";
         static final public String engineName      = "be-engine";
-        static final public String build           = "033";
-        static final public String buildDate       = "2012-12-10";
+        static final public String build           = "034";
+        static final public String buildDate       = "2012-12-13";
         static final public String container_id    = "be-engine";
         static final private String company        = "TIBCO Software Inc.";
         static final private String component      = "TIBCO BusinessEvents";
Index: runtime/core/backingstore/src/com/tibco/be/jdbcstore/be_jdbcstoreVersion.java
===================================================================
--- runtime/core/backingstore/src/com/tibco/be/jdbcstore/be_jdbcstoreVersion.java	(revision 55958)
+++ runtime/core/backingstore/src/com/tibco/be/jdbcstore/be_jdbcstoreVersion.java	(working copy)
@@ -41,8 +41,8 @@
         static final public String copyright       = "Copyright 2004-2012 TIBCO Software Inc. All rights reserved.";
         static final public String line_separator  = System.getProperty("line.separator");
         static final public String version = "5.1.1";
-        static final public String build = "033";
-        static final public String buildDate = "2012-12-10";
+        static final public String build = "034";
+        static final public String buildDate = "2012-12-13";
         static final private String company = "TIBCO Software Inc.";
         static final private String component = "TIBCO BusinessEvents";
         static final private String license = "";
Index: runtime/core/backingstore/src/com/tibco/be/oracle/be_oracleVersion.java
===================================================================
--- runtime/core/backingstore/src/com/tibco/be/oracle/be_oracleVersion.java	(revision 55958)
+++ runtime/core/backingstore/src/com/tibco/be/oracle/be_oracleVersion.java	(working copy)
@@ -41,8 +41,8 @@
         static final public String copyright       = "Copyright 2004-2012 TIBCO Software Inc. All rights reserved.";
         static final public String line_separator  = System.getProperty("line.separator");
         static final public String version = "5.1.1";
-        static final public String build = "033";
-        static final public String buildDate = "2012-12-10";
+        static final public String build = "034";
+        static final public String buildDate = "2012-12-13";
         static final private String company = "TIBCO Software Inc.";
         static final private String component = "TIBCO BusinessEvents";
         static final private String license = "";
Index: runtime/core/drivers/src/com/tibco/cep/driver/cep_driversVersion.java
===================================================================
--- runtime/core/drivers/src/com/tibco/cep/driver/cep_driversVersion.java	(revision 55958)
+++ runtime/core/drivers/src/com/tibco/cep/driver/cep_driversVersion.java	(working copy)
@@ -41,8 +41,8 @@
         static final public String copyright       = "Copyright 2004-2012 TIBCO Software Inc. All rights reserved.";
         static final public String line_separator  = System.getProperty("line.separator");
         static final public String version         = "5.1.1";
-        static final public String build           = "033";
-        static final public String buildDate       = "2012-12-10";
+        static final public String build           = "034";
+        static final public String buildDate       = "2012-12-13";
         static final public String container_id    = "be-engine";
         static final private String company        = "TIBCO Software Inc.";
         static final private String component      = "TIBCO BusinessEvents";
Index: runtime/modules/tools/migration/src/com/tibco/be/dbutils/be_dbutilsVersion.java
===================================================================
--- runtime/modules/tools/migration/src/com/tibco/be/dbutils/be_dbutilsVersion.java	(revision 55958)
+++ runtime/modules/tools/migration/src/com/tibco/be/dbutils/be_dbutilsVersion.java	(working copy)
@@ -41,8 +41,8 @@
         static final public String copyright       = "Copyright 2004-2012 TIBCO Software Inc. All rights reserved.";
         static final public String line_separator  = System.getProperty("line.separator");
         static final public String version = "5.1.1";
-        static final public String build = "033";
-        static final public String buildDate = "2012-12-10";
+        static final public String build = "034";
+        static final public String buildDate = "2012-12-13";
         static final private String company = "TIBCO Software Inc.";
         static final private String component = "TIBCO BusinessEvents";
         static final private String license = "";
Index: runtime/modules/tools/migration/src/com/tibco/be/migration/cep_migrationVersion.java
===================================================================
--- runtime/modules/tools/migration/src/com/tibco/be/migration/cep_migrationVersion.java	(revision 55958)
+++ runtime/modules/tools/migration/src/com/tibco/be/migration/cep_migrationVersion.java	(working copy)
@@ -41,8 +41,8 @@
         static final public String copyright       = "Copyright 2004-2012 TIBCO Software Inc. All rights reserved.";
         static final public String line_separator  = System.getProperty("line.separator");
         static final public String version = "5.1.1";
-        static final public String build = "033";
-        static final public String buildDate = "2012-12-10";
+        static final public String build = "034";
+        static final public String buildDate = "2012-12-13";
         static final private String company = "TIBCO Software Inc.";
         static final private String component = "TIBCO BusinessEvents";
         static final private String license = "";
Index: runtime/modules/rms/src/com/tibco/be/rms/cep_rmsVersion.java
===================================================================
--- runtime/modules/rms/src/com/tibco/be/rms/cep_rmsVersion.java	(revision 55958)
+++ runtime/modules/rms/src/com/tibco/be/rms/cep_rmsVersion.java	(working copy)
@@ -41,8 +41,8 @@
         static final public String copyright       = "Copyright 2004-2012 TIBCO Software Inc. All rights reserved.";
         static final public String line_separator  = System.getProperty("line.separator");
         static final public String version         = "5.1.1";
-        static final public String build           = "033";
-        static final public String buildDate       = "2012-12-10";
+        static final public String build           = "034";
+        static final public String buildDate       = "2012-12-13";
         static final public String container_id    = "be-engine";
         static final private String company        = "TIBCO Software Inc.";
         static final private String component      = "TIBCO BusinessEvents";
Index: runtime/modules/interpreter/src/com/tibco/cep/interpreter/cep_interpreterVersion.java
===================================================================
--- runtime/modules/interpreter/src/com/tibco/cep/interpreter/cep_interpreterVersion.java	(revision 55958)
+++ runtime/modules/interpreter/src/com/tibco/cep/interpreter/cep_interpreterVersion.java	(working copy)
@@ -42,8 +42,8 @@
         static final public String copyright       = "Copyright 2004-2012 TIBCO Software Inc. All rights reserved.";
         static final public String line_separator  = System.getProperty("line.separator");
         static final public String version         = "5.1.1";
-        static final public String build           = "033";
-        static final public String buildDate       = "2012-12-10";
+        static final public String build           = "034";
+        static final public String buildDate       = "2012-12-13";
         static final public String container_id    = "be-engine";
         static final public String readme	   = "";
         static final private String company        = "TIBCO Software Inc.";
Index: runtime/modules/dbconcepts/src/com/tibco/cep/modules/cep_modulesVersion.java
===================================================================
--- runtime/modules/dbconcepts/src/com/tibco/cep/modules/cep_modulesVersion.java	(revision 55958)
+++ runtime/modules/dbconcepts/src/com/tibco/cep/modules/cep_modulesVersion.java	(working copy)
@@ -41,8 +41,8 @@
         static final public String copyright       = "Copyright 2004-2012 TIBCO Software Inc. All rights reserved.";
         static final public String line_separator  = System.getProperty("line.separator");
         static final public String version         = "5.1.1";
-        static final public String build           = "033";
-        static final public String buildDate       = "2012-12-10";
+        static final public String build           = "034";
+        static final public String buildDate       = "2012-12-13";
         static final public String container_id    = "be-engine";
         static final private String company        = "TIBCO Software Inc.";
         static final private String component      = "TIBCO BusinessEvents";
Index: runtime/modules/query/common/src/com/tibco/cep/query/cep_queryVersion.java
===================================================================
--- runtime/modules/query/common/src/com/tibco/cep/query/cep_queryVersion.java	(revision 55958)
+++ runtime/modules/query/common/src/com/tibco/cep/query/cep_queryVersion.java	(working copy)
@@ -41,8 +41,8 @@
         static final public String copyright       = "Copyright 2004-2012 TIBCO Software Inc. All rights reserved.";
         static final public String line_separator  = System.getProperty("line.separator");
         static final public String version         = "5.1.1";
-        static final public String build           = "033";
-        static final public String buildDate       = "2012-12-10";
+        static final public String build           = "034";
+        static final public String buildDate       = "2012-12-13";
         static final public String container_id    = "be-engine";
         static final private String company        = "TIBCO Software Inc.";
         static final private String component      = "TIBCO BusinessEvents";
Index: runtime/modules/dashboard/metricengine/src/com/tibco/cep/metric/cep_metricVersion.java
===================================================================
--- runtime/modules/dashboard/metricengine/src/com/tibco/cep/metric/cep_metricVersion.java	(revision 55958)
+++ runtime/modules/dashboard/metricengine/src/com/tibco/cep/metric/cep_metricVersion.java	(working copy)
@@ -32,8 +32,8 @@
     static final public String copyright       		= "Copyright 2004-2012 TIBCO Software Inc. All rights reserved.";
     static final public String line_separator  		= System.getProperty("line.separator");
     static final public String version         		= "5.1.1";
-    static final public String build          		= "033";
-    static final public String buildDate       		= "2012-12-10";
+    static final public String build          		= "034";
+    static final public String buildDate       		= "2012-12-13";
     static final public String container_id    		= "be-engine";
     static final public String container_version 	= "5.1.1.0";
     static final private String company        		= "TIBCO Software Inc.";
Index: runtime/modules/dashboard/agent/common/src/com/tibco/cep/dashboard/cep_dashboardVersion.java
===================================================================
--- runtime/modules/dashboard/agent/common/src/com/tibco/cep/dashboard/cep_dashboardVersion.java	(revision 55958)
+++ runtime/modules/dashboard/agent/common/src/com/tibco/cep/dashboard/cep_dashboardVersion.java	(working copy)
@@ -32,8 +32,8 @@
     static final public String copyright       		= "Copyright 2004-2012 TIBCO Software Inc. All rights reserved.";
     static final public String line_separator  		= System.getProperty("line.separator");
     static final public String version         		= "5.1.1";
-    static final public String build          		= "033";
-    static final public String buildDate       		= "2012-12-10";
+    static final public String build          		= "034";
+    static final public String buildDate       		= "2012-12-13";
     static final public String container_id    		= "be-engine";
     static final public String container_version 	= "5.1.1.0";
     static final private String company        		= "TIBCO Software Inc.";
Index: runtime/modules/loadbalancer/loadbalancer-be/src/com/tibco/cep/loadbalancer/cep_loadbalancerVersion.java
===================================================================
--- runtime/modules/loadbalancer/loadbalancer-be/src/com/tibco/cep/loadbalancer/cep_loadbalancerVersion.java	(revision 55958)
+++ runtime/modules/loadbalancer/loadbalancer-be/src/com/tibco/cep/loadbalancer/cep_loadbalancerVersion.java	(working copy)
@@ -43,8 +43,8 @@
         static final public String version         = "5.1.1";
         static final public String engineMinVersion = "5.1.1.0";
         static final public String engineName      = "be-engine";
-        static final public String build           = "033";
-        static final public String buildDate       = "2012-12-10";
+        static final public String build           = "034";
+        static final public String buildDate       = "2012-12-13";
         static final public String container_id    = "be-engine";
         static final private String company        = "TIBCO Software Inc.";
         static final private String component      = "TIBCO BusinessEvents";
Index: runtime/modules/security/src/com/tibco/cep/security/cep_securityVersion.java
===================================================================
--- runtime/modules/security/src/com/tibco/cep/security/cep_securityVersion.java	(revision 55958)
+++ runtime/modules/security/src/com/tibco/cep/security/cep_securityVersion.java	(working copy)
@@ -33,8 +33,8 @@
         static final public String version         = "5.1.1";
         static final public String engineMinVersion = "5.1.1.0";
         static final public String engineName      = "be-engine";
-        static final public String build           = "033";
-        static final public String buildDate       = "2012-12-10";
+        static final public String build           = "034";
+        static final public String buildDate       = "2012-12-13";
         static final public String container_id    = "be-engine";
         static final private String company        = "TIBCO Software Inc.";
         static final private String component      = "TIBCO BusinessEvents";
Index: runtime/modules/bw/src/com/tibco/be/bw/plugin/be_bwVersion.java
===================================================================
--- runtime/modules/bw/src/com/tibco/be/bw/plugin/be_bwVersion.java	(revision 55958)
+++ runtime/modules/bw/src/com/tibco/be/bw/plugin/be_bwVersion.java	(working copy)
@@ -41,8 +41,8 @@
         static final public String copyright       = "Copyright 2004-2012 TIBCO Software Inc. All rights reserved.";
         static final public String line_separator  = System.getProperty("line.separator");
 	    static final public String version = "5.1.1";
-	    static final public String build = "033";
-	    static final public String buildDate = "2012-12-10";
+	    static final public String build = "034";
+	    static final public String buildDate = "2012-12-13";
 	    static final private String company = "TIBCO Software Inc.";
 	    static final private String component = "TIBCO BusinessEvents";
         static final private String license = "";
Index: runtime/modules/channels/as/src/com/tibco/cep/driver/as/cep_as_channelVersion.java
===================================================================
--- runtime/modules/channels/as/src/com/tibco/cep/driver/as/cep_as_channelVersion.java	(revision 55958)
+++ runtime/modules/channels/as/src/com/tibco/cep/driver/as/cep_as_channelVersion.java	(working copy)
@@ -41,8 +41,8 @@
         static final public String copyright       = "Copyright 2004-2012 TIBCO Software Inc. All rights reserved.";
         static final public String line_separator  = System.getProperty("line.separator");
         static final public String version         = "5.1.1";
-        static final public String build           = "033";
-        static final public String buildDate       = "2012-12-10";
+        static final public String build           = "034";
+        static final public String buildDate       = "2012-12-13";
         static final public String container_id    = "be-engine";
         static final private String company        = "TIBCO Software Inc.";
         static final private String component      = "TIBCO BusinessEvents";
Index: runtime/modules/channels/hawk/src/com/tibco/cep/driver/hawk/cep_hawk_channelVersion.java
===================================================================
--- runtime/modules/channels/hawk/src/com/tibco/cep/driver/hawk/cep_hawk_channelVersion.java	(revision 55958)
+++ runtime/modules/channels/hawk/src/com/tibco/cep/driver/hawk/cep_hawk_channelVersion.java	(working copy)
@@ -41,8 +41,8 @@
         static final public String copyright       = "Copyright 2004-2012 TIBCO Software Inc. All rights reserved.";
         static final public String line_separator  = System.getProperty("line.separator");
         static final public String version         = "5.1.1";
-        static final public String build           = "033";
-        static final public String buildDate       = "2012-12-10";
+        static final public String build           = "034";
+        static final public String buildDate       = "2012-12-13";
         static final public String container_id    = "be-engine";
         static final private String company        = "TIBCO Software Inc.";
         static final private String component      = "TIBCO BusinessEvents";
Index: runtime/modules/bpmn/src/com/tibco/cep/bpmn/cep_bpmnVersion.java
===================================================================
--- runtime/modules/bpmn/src/com/tibco/cep/bpmn/cep_bpmnVersion.java	(revision 55958)
+++ runtime/modules/bpmn/src/com/tibco/cep/bpmn/cep_bpmnVersion.java	(working copy)
@@ -41,8 +41,8 @@
         static final public String copyright       = "Copyright 2004-2012 TIBCO Software Inc. All rights reserved.";
         static final public String line_separator  = System.getProperty("line.separator");
         static final public String version         = "1.0.1";
-        static final public String build           = "033";
-        static final public String buildDate       = "2012-12-10";
+        static final public String build           = "034";
+        static final public String buildDate       = "2012-12-13";
         static final public String container_id    = "be-engine";
         static final private String company        = "TIBCO Software Inc.";
         static final private String component      = "TIBCO BusinessEvents";
Index: runtime/modules/pattern/pattern-be/src/com/tibco/cep/pattern/cep_patternVersion.java
===================================================================
--- runtime/modules/pattern/pattern-be/src/com/tibco/cep/pattern/cep_patternVersion.java	(revision 55958)
+++ runtime/modules/pattern/pattern-be/src/com/tibco/cep/pattern/cep_patternVersion.java	(working copy)
@@ -43,8 +43,8 @@
         static final public String version         = "5.1.1";
         static final public String engineMinVersion = "5.1.1.0";
         static final public String engineName      = "be-engine";
-        static final public String build           = "033";
-        static final public String buildDate       = "2012-12-10";
+        static final public String build           = "034";
+        static final public String buildDate       = "2012-12-13";
         static final public String container_id    = "be-engine";
         static final private String company        = "TIBCO Software Inc.";
         static final private String component      = "TIBCO BusinessEvents";
Index: runtime/mm/administrator/src/com/tibco/be/deployment/administrator/be_adminVersion.java
===================================================================
--- runtime/mm/administrator/src/com/tibco/be/deployment/administrator/be_adminVersion.java	(revision 55958)
+++ runtime/mm/administrator/src/com/tibco/be/deployment/administrator/be_adminVersion.java	(working copy)
@@ -41,8 +41,8 @@
         static final public String copyright       = "Copyright 2004-2012 TIBCO Software Inc. All rights reserved.";
         static final public String line_separator  = System.getProperty("line.separator");
         static final public  String version   = "5.1.1" ;
-        static final public  String build     = "033"   ;
-        static final public  String buildDate = "2012-12-10"    ;
+        static final public  String build     = "034"   ;
+        static final public  String buildDate = "2012-12-13"    ;
         static final private String company   = "TIBCO Software Inc." ;
         static final private String component = "TIBCO BusinessEvents" ;
         static final private String license   = "" ;
Index: runtime/mm/em/src/com/tibco/be/bemm/functions/be_mmVersion.java
===================================================================
--- runtime/mm/em/src/com/tibco/be/bemm/functions/be_mmVersion.java	(revision 55958)
+++ runtime/mm/em/src/com/tibco/be/bemm/functions/be_mmVersion.java	(working copy)
@@ -41,8 +41,8 @@
         static final public String copyright       = "Copyright 2004-2012 TIBCO Software Inc. All rights reserved.";
         static final public String line_separator  = System.getProperty("line.separator");
         static final public String version         = "5.1.1";
-        static final public String build           = "033";
-        static final public String buildDate       = "2012-12-10";
+        static final public String build           = "034";
+        static final public String buildDate       = "2012-12-13";
         static final public String container_id    = "be-engine";
         static final private String company        = "TIBCO Software Inc.";
         static final private String component      = "TIBCO BusinessEvents";
Index: common/src/com/tibco/be/uirms/cep_uirmsVersion.java
===================================================================
--- common/src/com/tibco/be/uirms/cep_uirmsVersion.java	(revision 55958)
+++ common/src/com/tibco/be/uirms/cep_uirmsVersion.java	(working copy)
@@ -40,8 +40,8 @@
         static final public String copyright       = "Copyright 2004-2012 TIBCO Software Inc. All rights reserved.";
         static final public String line_separator  = System.getProperty("line.separator");
         static final public String version         = "5.1.1";
-        static final public String build           = "033";
-        static final public String buildDate       = "2012-12-10";
+        static final public String build           = "034";
+        static final public String buildDate       = "2012-12-13";
         static final public String container_id    = "be-engine";
         static final private String company        = "TIBCO Software Inc.";
         static final private String component      = "TIBCO BusinessEvents";
Index: common/src/com/tibco/be/uirt/cep_uirtVersion.java
===================================================================
--- common/src/com/tibco/be/uirt/cep_uirtVersion.java	(revision 55958)
+++ common/src/com/tibco/be/uirt/cep_uirtVersion.java	(working copy)
@@ -40,8 +40,8 @@
         static final public String copyright       = "Copyright 2004-2012 TIBCO Software Inc. All rights reserved.";
         static final public String line_separator  = System.getProperty("line.separator");
         static final public String version         = "5.1.1";
-        static final public String build           = "033";
-        static final public String buildDate       = "2012-12-10";
+        static final public String build           = "034";
+        static final public String buildDate       = "2012-12-13";
         static final public String container_id    = "be-engine";
         static final private String company        = "TIBCO Software Inc.";
         static final private String component      = "TIBCO BusinessEvents";
Index: common/src/com/tibco/be/viewsrt/cep_viewsrtVersion.java
===================================================================
--- common/src/com/tibco/be/viewsrt/cep_viewsrtVersion.java	(revision 55958)
+++ common/src/com/tibco/be/viewsrt/cep_viewsrtVersion.java	(working copy)
@@ -40,8 +40,8 @@
         static final public String copyright       = "Copyright 2004-2012 TIBCO Software Inc. All rights reserved.";
         static final public String line_separator  = System.getProperty("line.separator");
         static final public String version         = "5.1.1";
-        static final public String build           = "033";
-        static final public String buildDate       = "2012-12-10";
+        static final public String build           = "034";
+        static final public String buildDate       = "2012-12-13";
         static final public String container_id    = "be-engine";
         static final private String company        = "TIBCO Software Inc.";
         static final private String component      = "TIBCO BusinessEvents";
Index: designtime/studio/plugins/com.tibco.cep.studio.application/about.mappings
===================================================================
--- designtime/studio/plugins/com.tibco.cep.studio.application/about.mappings	(revision 55958)
+++ designtime/studio/plugins/com.tibco.cep.studio.application/about.mappings	(working copy)
@@ -1 +1 @@
-0=5.1.1.033
\ No newline at end of file
+0=5.1.1.034
\ No newline at end of file
Index: designtime/studio/functions/src/com/tibco/be/functions/be_studiofunctionsVersion.java
===================================================================
--- designtime/studio/functions/src/com/tibco/be/functions/be_studiofunctionsVersion.java	(revision 55958)
+++ designtime/studio/functions/src/com/tibco/be/functions/be_studiofunctionsVersion.java	(working copy)
@@ -41,8 +41,8 @@
         static final public String copyright       = "Copyright 2004-2012 TIBCO Software Inc. All rights reserved.";
         static final public String line_separator  = System.getProperty("line.separator");
         static final public String version = "5.1.1";
-        static final public String build = "033";
-        static final public String buildDate = "2012-12-10";
+        static final public String build = "034";
+        static final public String buildDate = "2012-12-13";
         static final private String company = "TIBCO Software Inc.";
         static final private String component = "TIBCO BusinessEvents";
         static final private String license = "";

####
#### Committing version files for "TIBCO BusinessEvents Version 5.1.1.034" (Thu Dec 13 21:53:46 PST 2012): ...
####

Sending        build/pkg_info/bom/5.1.1/base/businessevents-datamodeling_FeatureConfig.xml
Sending        build/pkg_info/bom/5.1.1/base/businessevents-decisionmanager_FeatureConfig.xml
Sending        build/pkg_info/bom/5.1.1/base/businessevents-eventstreamprocessing_FeatureConfig.xml
Sending        build/pkg_info/bom/5.1.1/base/businessevents-express_FeatureConfig.xml
Sending        build/pkg_info/bom/5.1.1/base/businessevents-process_FeatureConfig.xml
Sending        build/pkg_info/bom/5.1.1/base/businessevents-standard_FeatureConfig.xml
Sending        build/pkg_info/bom/5.1.1/base/businessevents-views_FeatureConfig.xml
Sending        build/pkg_info/bom/5.1.1/base/contrib_be-datagrid_5.1.1_FeatureConfig.xml
Sending        build/pkg_info/bom/5.1.1/base/contrib_be-dbconcepts_5.1.1_FeatureConfig.xml
Sending        build/pkg_info/bom/5.1.1/base/contrib_be-decisionmanager_5.1.1_FeatureConfig.xml
Sending        build/pkg_info/bom/5.1.1/base/contrib_be-eclipse_5.1.1_FeatureConfig.xml
Sending        build/pkg_info/bom/5.1.1/base/contrib_be-monitoringandmanagement_5.1.1_FeatureConfig.xml
Sending        build/pkg_info/bom/5.1.1/base/contrib_be-pattern_5.1.1_FeatureConfig.xml
Sending        build/pkg_info/bom/5.1.1/base/contrib_be-process-modeler_1.0.1_FeatureConfig.xml
Sending        build/pkg_info/bom/5.1.1/base/contrib_be-process-server_1.0.1_FeatureConfig.xml
Sending        build/pkg_info/bom/5.1.1/base/contrib_be-query_5.1.1_FeatureConfig.xml
Sending        build/pkg_info/bom/5.1.1/base/contrib_be-rulesmanagement_5.1.1_FeatureConfig.xml
Sending        build/pkg_info/bom/5.1.1/base/contrib_be-server_5.1.1_FeatureConfig.xml
Sending        build/pkg_info/bom/5.1.1/base/contrib_be-statemodeler_5.1.1_FeatureConfig.xml
Sending        build/pkg_info/bom/5.1.1/base/contrib_be-studio_5.1.1_FeatureConfig.xml
Sending        build/pkg_info/bom/5.1.1/base/contrib_be-views-modeler_5.1.1_FeatureConfig.xml
Sending        build/pkg_info/bom/5.1.1/base/contrib_be-views-server_5.1.1_FeatureConfig.xml
Sending        common/src/com/tibco/be/uirms/cep_uirmsVersion.java
Sending        common/src/com/tibco/be/uirt/cep_uirtVersion.java
Sending        common/src/com/tibco/be/viewsrt/cep_viewsrtVersion.java
Sending        designtime/studio/functions/src/com/tibco/be/functions/be_studiofunctionsVersion.java
Sending        designtime/studio/plugins/com.tibco.cep.studio.application/about.mappings
Sending        runtime/core/backingstore/src/com/tibco/be/jdbcstore/be_jdbcstoreVersion.java
Sending        runtime/core/backingstore/src/com/tibco/be/oracle/be_oracleVersion.java
Sending        runtime/core/backingstore-bdb/src/com/tibco/cep/persister/be_bdbVersion.java
Sending        runtime/core/base/be/src/com/tibco/cep/cep_baseVersion.java
Sending        runtime/core/common/src/com/tibco/cep/cep_commonVersion.java
Sending        runtime/core/container/src/com/tibco/cep/container/cep_containerVersion.java
Sending        runtime/core/datagrid/activespaces/src/com/tibco/cep/as/cep_datagrid_tibcoVersion.java
Sending        runtime/core/datagrid/coherence/src/com/tibco/cep/cep_datagrid_oracleVersion.java
Sending        runtime/core/drivers/src/com/tibco/cep/driver/cep_driversVersion.java
Sending        runtime/core/functions/src/com/tibco/be/functions/be_functionsVersion.java
Sending        runtime/core/kernel/src/com/tibco/cep/kernel/cep_kernelVersion.java
Sending        runtime/mm/administrator/src/com/tibco/be/deployment/administrator/be_adminVersion.java
Sending        runtime/mm/em/src/com/tibco/be/bemm/functions/be_mmVersion.java
Sending        runtime/modules/bpmn/src/com/tibco/cep/bpmn/cep_bpmnVersion.java
Sending        runtime/modules/bw/src/com/tibco/be/bw/plugin/be_bwVersion.java
Sending        runtime/modules/channels/as/src/com/tibco/cep/driver/as/cep_as_channelVersion.java
Sending        runtime/modules/channels/hawk/src/com/tibco/cep/driver/hawk/cep_hawk_channelVersion.java
Sending        runtime/modules/dashboard/agent/common/src/com/tibco/cep/dashboard/cep_dashboardVersion.java
Sending        runtime/modules/dashboard/metricengine/src/com/tibco/cep/metric/cep_metricVersion.java
Sending        runtime/modules/dbconcepts/src/com/tibco/cep/modules/cep_modulesVersion.java
Sending        runtime/modules/interpreter/src/com/tibco/cep/interpreter/cep_interpreterVersion.java
Sending        runtime/modules/loadbalancer/loadbalancer-be/src/com/tibco/cep/loadbalancer/cep_loadbalancerVersion.java
Sending        runtime/modules/pattern/pattern-be/src/com/tibco/cep/pattern/cep_patternVersion.java
Sending        runtime/modules/query/common/src/com/tibco/cep/query/cep_queryVersion.java
Sending        runtime/modules/rms/src/com/tibco/be/rms/cep_rmsVersion.java
Sending        runtime/modules/security/src/com/tibco/cep/security/cep_securityVersion.java
Sending        runtime/modules/tools/migration/src/com/tibco/be/dbutils/be_dbutilsVersion.java
Sending        runtime/modules/tools/migration/src/com/tibco/be/migration/cep_migrationVersion.java
Transmitting file data .......................................................
Committed revision 55962.
