
####
#### Pre-processing Version Files for TIBCO BusinessEvents Version 5.6.1.070 (Wed Nov 13 23:31:41 PST 2019): ...
####

Buildfile: /tsi/root/workspace/relbuild/be/trunk/be-main/build/build.xml

set-BE_DATE:

set-platform:

set-environment:
     [echo] Inside second-if linux
     [echo] x86_64
     [echo] linux26gl25
     [echo] linux26gl25/x86_64

set-properties:
     [echo] second if

set-src:

set-versioning:

set-filter:

pre-admin:
     [copy] Copying 1 file to /tsi/root/workspace/relbuild/be/trunk/be-main/runtime/mm/administrator/src/com/tibco/be/deployment/administrator

pre-analytics:
     [copy] Copying 1 file to /tsi/root/workspace/relbuild/be/trunk/be-main/runtime/modules/analytics/analytics-core/src/com/tibco/cep/analytics

pre-as-channel:
     [copy] Copying 1 file to /tsi/root/workspace/relbuild/be/trunk/be-main/runtime/modules/channels/as/src/com/tibco/cep/driver/as

pre-base:
     [copy] Copying 1 file to /tsi/root/workspace/relbuild/be/trunk/be-main/runtime/core/base/be/src/com/tibco/cep

set-plt:

pre-bebw:

set-plt:

pre-bebw:
     [copy] Copying 1 file to /tsi/root/workspace/relbuild/be/trunk/be-main/runtime/modules/bw/src/com/tibco/be/bw/plugin
     [copy] Copying 1 file to /tsi/root/workspace/relbuild/be/trunk/be-main/runtime/modules/bw/src/com/tibco/be/bw/plugin

pre-backingstore:
     [copy] Copying 1 file to /tsi/root/workspace/relbuild/be/trunk/be-main/runtime/core/backingstore/src/com/tibco/be/oracle
     [copy] Copying 1 file to /tsi/root/workspace/relbuild/be/trunk/be-main/runtime/core/backingstore/src/com/tibco/be/jdbcstore

pre-backingstore-bdb:
     [copy] Copying 1 file to /tsi/root/workspace/relbuild/be/trunk/be-main/runtime/core/backingstore-bdb/src/com/tibco/cep/persister

pre-common:
     [copy] Copying 1 file to /tsi/root/workspace/relbuild/be/trunk/be-main/runtime/core/common/src/com/tibco/cep

pre-container:
     [copy] Copying 1 file to /tsi/root/workspace/relbuild/be/trunk/be-main/runtime/core/container/src/com/tibco/cep/container

pre-dbutils:
     [copy] Copying 1 file to /tsi/root/workspace/relbuild/be/trunk/be-main/runtime/modules/tools/migration/src/com/tibco/be/dbutils

pre-drivers:
     [copy] Copying 1 file to /tsi/root/workspace/relbuild/be/trunk/be-main/runtime/core/drivers/src/com/tibco/cep/driver

pre-datagrid-oracle:
     [copy] Copying 1 file to /tsi/root/workspace/relbuild/be/trunk/be-main/runtime/core/datagrid/coherence/src/com/tibco/cep

pre-datagrid-tibco:
     [copy] Copying 1 file to /tsi/root/workspace/relbuild/be/trunk/be-main/runtime/core/datagrid/activespaces/src/com/tibco/cep/as

pre-hawk-channel:
     [copy] Copying 1 file to /tsi/root/workspace/relbuild/be/trunk/be-main/runtime/modules/channels/hawk/src/com/tibco/cep/driver/hawk

pre-mm:
     [copy] Copying 1 file to /tsi/root/workspace/relbuild/be/trunk/be-main/runtime/mm/em/src/com/tibco/be/bemm/functions

pre-functions:
     [copy] Copying 1 file to /tsi/root/workspace/relbuild/be/trunk/be-main/runtime/core/functions/src/com/tibco/be/functions

pre-interpreter:
     [copy] Copying 1 file to /tsi/root/workspace/relbuild/be/trunk/be-main/runtime/modules/interpreter/src/com/tibco/cep/interpreter

pre-sb-channel:
     [copy] Copying 1 file to /tsi/root/workspace/relbuild/be/trunk/be-main/runtime/modules/channels/sb/src/com/tibco/cep/driver/sb

pre-channel-api:
     [copy] Copying 1 file to /tsi/root/workspace/relbuild/be/trunk/be-main/runtime/modules/channels/custom/src/com/tibco/be/custom/channel

pre-studio:

update-studio-version:

pre-studiofunctions:
     [copy] Copying 1 file to /tsi/root/workspace/relbuild/be/trunk/be-main/designtime/studio/functions/src/com/tibco/be/functions

pre-kernel:
     [copy] Copying 1 file to /tsi/root/workspace/relbuild/be/trunk/be-main/runtime/core/kernel/src/com/tibco/cep/kernel

pre-security:
     [copy] Copying 1 file to /tsi/root/workspace/relbuild/be/trunk/be-main/runtime/modules/security/src/com/tibco/cep/security

pre-migration:
     [copy] Copying 1 file to /tsi/root/workspace/relbuild/be/trunk/be-main/runtime/modules/tools/migration/src/com/tibco/be/migration

pre-modules:
     [copy] Copying 1 file to /tsi/root/workspace/relbuild/be/trunk/be-main/runtime/modules/dbconcepts/src/com/tibco/cep/modules

pre-pattern:
     [copy] Copying 1 file to /tsi/root/workspace/relbuild/be/trunk/be-main/runtime/modules/pattern/pattern-be/src/com/tibco/cep/pattern

pre-bpmn:
     [copy] Copying 1 file to /tsi/root/workspace/relbuild/be/trunk/be-main/runtime/modules/bpmn/src/com/tibco/cep/bpmn

pre-query:
     [copy] Copying 1 file to /tsi/root/workspace/relbuild/be/trunk/be-main/runtime/modules/query/common/src/com/tibco/cep/query

pre-rms:
     [copy] Copying 1 file to /tsi/root/workspace/relbuild/be/trunk/be-main/runtime/modules/rms/src/com/tibco/be/rms

pre-liveview:
     [copy] Copying 1 file to /tsi/root/workspace/relbuild/be/trunk/be-main/runtime/modules/liveview/src/com/tibco/cep/liveview

pre-uirms:
     [copy] Copying 1 file to /tsi/root/workspace/relbuild/be/trunk/be-main/common/src/com/tibco/be/uirms

pre-uirt:
     [copy] Copying 1 file to /tsi/root/workspace/relbuild/be/trunk/be-main/common/src/com/tibco/be/uirt

set-bld:

pre-beviews:

set-properties:

set-src:

set-bld:

set-exp:

set-dep:

set-all:

pre-metricengine:
     [copy] Copying 1 file to /tsi/root/workspace/relbuild/be/trunk/be-main/runtime/modules/dashboard/metricengine/src/com/tibco/cep/metric

pre-dashboard-rt-common:
     [copy] Copying 1 file to /tsi/root/workspace/relbuild/be/trunk/be-main/common/src/com/tibco/be/viewsrt

pre-agent:
     [copy] Copying 1 file to /tsi/root/workspace/relbuild/be/trunk/be-main/runtime/modules/dashboard/agent/common/src/com/tibco/cep/dashboard

pre-all:

pre-loadbalancer:
     [copy] Copying 1 file to /tsi/root/workspace/relbuild/be/trunk/be-main/runtime/modules/loadbalancer/loadbalancer-be/src/com/tibco/cep/loadbalancer

set-bom:

pre-bom:
     [copy] Copying 1 file to /tsi/root/workspace/relbuild/be/trunk/be-main/build/pkg_info/bom/5.6.1/businessevents-process/sp
     [copy] Copying 1 file to /tsi/root/workspace/relbuild/be/trunk/be-main/build/pkg_info/bom/5.6.1/businessevents-process/sp
     [copy] Copying 1 file to /tsi/root/workspace/relbuild/be/trunk/be-main/build/pkg_info/bom/5.6.1/businessevents-process/sp
     [copy] Copying 1 file to /tsi/root/workspace/relbuild/be/trunk/be-main/build/pkg_info/bom/5.6.1/businessevents-enterprise/sp
     [copy] Copying 1 file to /tsi/root/workspace/relbuild/be/trunk/be-main/build/pkg_info/bom/5.6.1/businessevents-enterprise/sp
     [copy] Copying 1 file to /tsi/root/workspace/relbuild/be/trunk/be-main/build/pkg_info/bom/5.6.1/businessevents-enterprise/sp
     [copy] Copying 1 file to /tsi/root/workspace/relbuild/be/trunk/be-main/build/pkg_info/bom/5.6.1/businessevents-enterprise/sp
     [copy] Copying 1 file to /tsi/root/workspace/relbuild/be/trunk/be-main/build/pkg_info/bom/5.6.1/businessevents-enterprise/sp
     [copy] Copying 1 file to /tsi/root/workspace/relbuild/be/trunk/be-main/build/pkg_info/bom/5.6.1/businessevents-enterprise/sp
     [copy] Copying 1 file to /tsi/root/workspace/relbuild/be/trunk/be-main/build/pkg_info/bom/5.6.1/businessevents-enterprise/sp
     [copy] Copying 1 file to /tsi/root/workspace/relbuild/be/trunk/be-main/build/pkg_info/bom/5.6.1/businessevents-enterprise/sp
     [copy] Copying 1 file to /tsi/root/workspace/relbuild/be/trunk/be-main/build/pkg_info/bom/5.6.1/businessevents-enterprise/sp
     [copy] Copying 1 file to /tsi/root/workspace/relbuild/be/trunk/be-main/build/pkg_info/bom/5.6.1/businessevents-enterprise/sp
     [copy] Copying 1 file to /tsi/root/workspace/relbuild/be/trunk/be-main/build/pkg_info/bom/5.6.1/businessevents-enterprise/sp
     [copy] Copying 1 file to /tsi/root/workspace/relbuild/be/trunk/be-main/build/pkg_info/bom/5.6.1/businessevents-enterprise/sp
     [copy] Copying 1 file to /tsi/root/workspace/relbuild/be/trunk/be-main/build/pkg_info/bom/5.6.1/businessevents-enterprise/sp
     [copy] Copying 1 file to /tsi/root/workspace/relbuild/be/trunk/be-main/build/pkg_info/bom/5.6.1/businessevents-enterprise/sp
     [copy] Copying 1 file to /tsi/root/workspace/relbuild/be/trunk/be-main/build/pkg_info/bom/5.6.1/businessevents-enterprise/sp
     [copy] Copying 1 file to /tsi/root/workspace/relbuild/be/trunk/be-main/build/pkg_info/bom/5.6.1/businessevents-enterprise/sp
     [copy] Copying 1 file to /tsi/root/workspace/relbuild/be/trunk/be-main/build/pkg_info/bom/5.6.1/businessevents-views/sp
     [copy] Copying 1 file to /tsi/root/workspace/relbuild/be/trunk/be-main/build/pkg_info/bom/5.6.1/businessevents-views/sp
     [copy] Copying 1 file to /tsi/root/workspace/relbuild/be/trunk/be-main/build/pkg_info/bom/5.6.1/businessevents-views/sp

pre-ftl:
     [copy] Copying 1 file to /tsi/root/workspace/relbuild/be/trunk/be-main/runtime/modules/channels/ftl/src/com/tibco/cep/functions/channel/ftl

pre-beteagent:
     [copy] Copying 1 file to /tsi/root/workspace/relbuild/be/trunk/be-main/runtime/mm/tea/src/com/tibco/tea/agent/be/version

pre-be-docker:
     [copy] Copying 1 file to /tsi/root/workspace/relbuild/be/trunk/be-main/runtime/core/common/src/com/tibco/be/util/docker/version

pre-pom-generator:
     [copy] Copying 1 file to /tsi/root/workspace/relbuild/be/trunk/be-main/maven/be-maven-pomGenerator/src/com/tibco/be/maven/version

pre-store:
     [copy] Copying 1 file to /tsi/root/workspace/relbuild/be/trunk/be-main/runtime/modules/store/src/com/tibco/cep/store

pre-all:

BUILD SUCCESSFUL
Total time: 3 seconds


####
#### Version Files Changes (Wed Nov 13 23:32:29 PST 2019): ...
####

Index: build/pkg_info/bom/5.6.1/businessevents-enterprise/sp/businessevents-enterprise_FeatureConfig.xml
===================================================================
--- build/pkg_info/bom/5.6.1/businessevents-enterprise/sp/businessevents-enterprise_FeatureConfig.xml	(revision 89620)
+++ build/pkg_info/bom/5.6.1/businessevents-enterprise/sp/businessevents-enterprise_FeatureConfig.xml	(working copy)
@@ -173,10 +173,10 @@
     
 	<installerFeature name="Examples SP 1" installLocation="$L{be.product.home}" visible="true" version="5.6.1">
 		<assemblyList>
-			<assembly uid="product_tibco_be_standard_examples" version="5.6.1.069"/>
-			<assembly uid="product_tibco_be_datamodeling_examples" version="5.6.1.069"/>
-			<assembly uid="product_tibco_be_decisionmanager_examples" version="5.6.1.069"/>
-			<assembly uid="product_tibco_be_eventstreamprocessing_examples" version="5.6.1.069"/>
+			<assembly uid="product_tibco_be_standard_examples" version="5.6.1.070"/>
+			<assembly uid="product_tibco_be_datamodeling_examples" version="5.6.1.070"/>
+			<assembly uid="product_tibco_be_decisionmanager_examples" version="5.6.1.070"/>
+			<assembly uid="product_tibco_be_eventstreamprocessing_examples" version="5.6.1.070"/>
 		</assemblyList>
 		<dependency type="feature" uid="Server SP 1_businessevents-enterprise"  mustBeInstalled="false" version="5.0.0" description="TIBCO BusinessEvents Server" />				
 		<postInstallAction sequence="post-assembly-ref" target="post-install" taskFile="${TIBCO_HOME}/be/5.6/uninstaller_scripts/post-standard_documentation-install.xml" description="Performing post-installation tasks for BusinessEvents Standard Documentation"/>
@@ -277,7 +277,7 @@
 
 <!-- <installerFeature name="Data Modeling Examples" installLocation="$L{be.product.home}" visible="true" version="5.6.1">
 		<assemblyList>
-			<assembly uid="product_tibco_be_datamodeling_examples" version="5.6.1.069"/>
+			<assembly uid="product_tibco_be_datamodeling_examples" version="5.6.1.070"/>
 		</assemblyList>
 		<postInstallAction sequence="post-assembly-ref" target="post-install" taskFile="${TIBCO_HOME}/be/5.6/uninstaller_scripts/post-datamodeling_documentation-install.xml" description="Performing post-installation tasks for BusinessEvents Data Modeling Documentation"/>
 		<postInstallAction sequence="pre-uninstall-ref" target="pre-uninstall" taskFile="${TIBCO_HOME}/be/5.6/uninstaller_scripts/pre-datamodeling_documentation-uninstall.xml" description="Performing pre-uninstallation tasks for BusinessEvents Data Modeling Documentation"/>
@@ -322,7 +322,7 @@
 <!--     
 	<installerFeature name="Decision Manager Examples" installLocation="$L{be.product.home}" visible="true" version="5.6.1">
 		<assemblyList>
-			<assembly uid="product_tibco_be_decisionmanager_examples" version="5.6.1.069"/>
+			<assembly uid="product_tibco_be_decisionmanager_examples" version="5.6.1.070"/>
 		</assemblyList>
 		<postInstallAction sequence="post-assembly-ref" target="post-install" taskFile="${TIBCO_HOME}/be/5.6/uninstaller_scripts/post-decisionmanager_documentation-install.xml" description="Performing post-installation tasks for BusinessEvents Decision Manager Documentation"/>
 		<postInstallAction sequence="pre-uninstall-ref" target="pre-uninstall" taskFile="${TIBCO_HOME}/be/5.6/uninstaller_scripts/pre-decisionmanager_documentation-uninstall.xml" description="Performing pre-uninstallation tasks for BusinessEvents Decision Manager Documentation"/>
@@ -391,7 +391,7 @@
 <!--
 	<installerFeature name="Examples" installLocation="$L{be.product.home}" visible="true" version="5.6.1">
 		<assemblyList>
-			<assembly uid="product_tibco_be_eventstreamprocessing_examples" version="5.6.1.069"/>
+			<assembly uid="product_tibco_be_eventstreamprocessing_examples" version="5.6.1.070"/>
 		</assemblyList>
 		<postInstallAction sequence="post-assembly-ref" target="post-install" taskFile="${TIBCO_HOME}/be/5.6/uninstaller_scripts/post-eventstreamprocessing_documentation-install.xml" description="Performing post-installation tasks for BusinessEvents Event Stream Processing Documentation"/>
 		<wizardAction class="com.tibco.installer.wizard.action.TIBCOCreateWindowsShortcutWizardAction" sequence="post-install">
Index: build/pkg_info/bom/5.6.1/businessevents-enterprise/sp/contrib_be-datagrid_5.6.1_FeatureConfig.xml
===================================================================
--- build/pkg_info/bom/5.6.1/businessevents-enterprise/sp/contrib_be-datagrid_5.6.1_FeatureConfig.xml	(revision 89620)
+++ build/pkg_info/bom/5.6.1/businessevents-enterprise/sp/contrib_be-datagrid_5.6.1_FeatureConfig.xml	(working copy)
@@ -20,7 +20,7 @@
  !
  !-->
 <TIBCOInstallerFeatures>
-    <productDef productType="contributor" name="be-datagrid" id="be-datagrid" version="5.6.1.069" />
+    <productDef productType="contributor" name="be-datagrid" id="be-datagrid" version="5.6.1.070" />
     
     <customVariables>
         <localVariable name="be.shortVersion" value="5.6"/>
@@ -28,9 +28,9 @@
 		<localVariable name="be.product.home" value="${tibco.home}/be/5.6"/>                       
     </customVariables>
 
-	<installerFeature name="be-datagrid" installLocation="$L{be.product.home}" visible="false" version="5.6.1.069" plat="win_x86_64,linux_x86_64,sol_sparc_64,sol_x86_64,macos_x86_64,hpux112_ia64,aix61_power_64,linux26gl24_s390x">
+	<installerFeature name="be-datagrid" installLocation="$L{be.product.home}" visible="false" version="5.6.1.070" plat="win_x86_64,linux_x86_64,sol_sparc_64,sol_x86_64,macos_x86_64,hpux112_ia64,aix61_power_64,linux26gl24_s390x">
 		<assemblyList>
-			<assembly uid="product_tibco_be_backingstore" plat="win_x86_64,linux_x86_64,sol_sparc_64,sol_x86_64,macos_x86_64,hpux112_ia64,aix61_power_64,linux26gl24_s390x" version="5.6.1.069"/>
+			<assembly uid="product_tibco_be_backingstore" plat="win_x86_64,linux_x86_64,sol_sparc_64,sol_x86_64,macos_x86_64,hpux112_ia64,aix61_power_64,linux26gl24_s390x" version="5.6.1.070"/>
 		</assemblyList>
 		<postInstallAction sequence="post-assembly-ref" target="post-install" taskFile="${TIBCO_HOME}/be/5.6/uninstaller_scripts/post-backingstore-install.xml" description="Performing post-installation tasks for BusinessEvents BackingStore"/>
 	</installerFeature>
Index: build/pkg_info/bom/5.6.1/businessevents-enterprise/sp/contrib_be-dbconcepts_5.6.1_FeatureConfig.xml
===================================================================
--- build/pkg_info/bom/5.6.1/businessevents-enterprise/sp/contrib_be-dbconcepts_5.6.1_FeatureConfig.xml	(revision 89620)
+++ build/pkg_info/bom/5.6.1/businessevents-enterprise/sp/contrib_be-dbconcepts_5.6.1_FeatureConfig.xml	(working copy)
@@ -20,7 +20,7 @@
  !
  !-->
 <TIBCOInstallerFeatures>
-    <productDef productType="contributor" name="be-dbconcepts" id="be-dbconcepts" version="5.6.1.069" />
+    <productDef productType="contributor" name="be-dbconcepts" id="be-dbconcepts" version="5.6.1.070" />
     
     <customVariables>
         <localVariable name="be.shortVersion" value="5.6"/>
@@ -28,9 +28,9 @@
 		<localVariable name="be.product.home" value="${tibco.home}/be/5.6"/>                       
     </customVariables>
 	
-    <installerFeature name="be-dbconcepts" installLocation="$L{be.product.home}" visible="false" version="5.6.1.069">
+    <installerFeature name="be-dbconcepts" installLocation="$L{be.product.home}" visible="false" version="5.6.1.070">
 		<assemblyList>
-			<assembly uid="product_tibco_be_dbconcepts" version="5.6.1.069"/>
+			<assembly uid="product_tibco_be_dbconcepts" version="5.6.1.070"/>
 		</assemblyList>
     </installerFeature>
 
Index: build/pkg_info/bom/5.6.1/businessevents-enterprise/sp/contrib_be-decisionmanager_5.6.1_FeatureConfig.xml
===================================================================
--- build/pkg_info/bom/5.6.1/businessevents-enterprise/sp/contrib_be-decisionmanager_5.6.1_FeatureConfig.xml	(revision 89620)
+++ build/pkg_info/bom/5.6.1/businessevents-enterprise/sp/contrib_be-decisionmanager_5.6.1_FeatureConfig.xml	(working copy)
@@ -20,7 +20,7 @@
  !
  !-->
 <TIBCOInstallerFeatures>
-    <productDef productType="contributor" name="be-decisionmanager" id="be-decisionmanager" version="5.6.1.069" />
+    <productDef productType="contributor" name="be-decisionmanager" id="be-decisionmanager" version="5.6.1.070" />
     
     <customVariables>
         <localVariable name="be.shortVersion" value="5.6"/>
@@ -28,9 +28,9 @@
 		<localVariable name="be.product.home" value="${tibco.home}/be/5.6"/>                       
     </customVariables>
 	
-    <installerFeature visible="false" name="be-decisionmanager" installLocation="$L{be.product.home}" version="5.6.1.069" plat="win_x86_64,linux26gl25_x86_64,macos_x86_64,sol_sparc_64,sol_x86_64,hpux112_ia64,aix61_power_64,linux26gl24_s390x" >
+    <installerFeature visible="false" name="be-decisionmanager" installLocation="$L{be.product.home}" version="5.6.1.070" plat="win_x86_64,linux26gl25_x86_64,macos_x86_64,sol_sparc_64,sol_x86_64,hpux112_ia64,aix61_power_64,linux26gl24_s390x" >
 		<assemblyList>
-			<assembly uid="product_tibco_be_decisionmanager" version="5.6.1.069" plat="win_x86_64,linux26gl25_x86_64,macos_x86_64,sol_sparc_64,sol_x86_64,hpux112_ia64,aix61_power_64,linux26gl24_s390x"/>
+			<assembly uid="product_tibco_be_decisionmanager" version="5.6.1.070" plat="win_x86_64,linux26gl25_x86_64,macos_x86_64,sol_sparc_64,sol_x86_64,hpux112_ia64,aix61_power_64,linux26gl24_s390x"/>
 		</assemblyList>
 		<postInstallAction sequence="post-assembly-ref" target="post-install" taskFile="${TIBCO_HOME}/be/5.6/uninstaller_scripts/post-decisionmanager-install.xml" description="Performing post-installation tasks for BusinessEvents Decision Manager"/>
 	</installerFeature>
Index: build/pkg_info/bom/5.6.1/businessevents-enterprise/sp/contrib_be-eclipse_5.6.1_FeatureConfig.xml
===================================================================
--- build/pkg_info/bom/5.6.1/businessevents-enterprise/sp/contrib_be-eclipse_5.6.1_FeatureConfig.xml	(revision 89620)
+++ build/pkg_info/bom/5.6.1/businessevents-enterprise/sp/contrib_be-eclipse_5.6.1_FeatureConfig.xml	(working copy)
@@ -20,7 +20,7 @@
  !
  !-->
 <TIBCOInstallerFeatures>
-    <productDef productType="contributor" name="be-eclipse" id="be-eclipse" version="5.6.1.069" />
+    <productDef productType="contributor" name="be-eclipse" id="be-eclipse" version="5.6.1.070" />
     
     <customVariables>
         <localVariable name="be.shortVersion" value="5.6"/>
@@ -28,9 +28,9 @@
 		<localVariable name="be.product.home" value="${tibco.home}/be/5.6"/>                       
     </customVariables>
 
-    <installerFeature name="be-eclipse"  visible="false" version="5.6.1.069" plat="win_x86_64,linux26gl25_x86_64,macos_x86_64,sol_sparc_64,sol_x86_64,hpux112_ia64,aix61_power_64,linux26gl24_s390x">
+    <installerFeature name="be-eclipse"  visible="false" version="5.6.1.070" plat="win_x86_64,linux26gl25_x86_64,macos_x86_64,sol_sparc_64,sol_x86_64,hpux112_ia64,aix61_power_64,linux26gl24_s390x">
 		<assemblyList>
-			<assembly uid="product_tibco_be_eclipse" plat="win_x86_64,linux26gl25_x86_64,macos_x86_64,sol_sparc_64,sol_x86_64,hpux112_ia64,aix61_power_64,linux26gl24_s390x" version="5.6.1.069" overrideTargetDirectory="$L{be.product.home}"/>
+			<assembly uid="product_tibco_be_eclipse" plat="win_x86_64,linux26gl25_x86_64,macos_x86_64,sol_sparc_64,sol_x86_64,hpux112_ia64,aix61_power_64,linux26gl24_s390x" version="5.6.1.070" overrideTargetDirectory="$L{be.product.home}"/>
 		</assemblyList>
 		
 		<wizardAction class="com.tibco.installer.wizard.action.TIBCODownloadAssemblyWizardAction" sequence="post-selection" plat="linux_x86_64">
Index: build/pkg_info/bom/5.6.1/businessevents-enterprise/sp/contrib_be-liveview_5.6.1_FeatureConfig.xml
===================================================================
--- build/pkg_info/bom/5.6.1/businessevents-enterprise/sp/contrib_be-liveview_5.6.1_FeatureConfig.xml	(revision 89620)
+++ build/pkg_info/bom/5.6.1/businessevents-enterprise/sp/contrib_be-liveview_5.6.1_FeatureConfig.xml	(working copy)
@@ -1,6 +1,6 @@
 <?xml  version="1.0"?>
 <TIBCOInstallerFeatures>
-    <productDef productType="contributor" name="be-liveview" id="be-liveview" version="5.6.1.069" />
+    <productDef productType="contributor" name="be-liveview" id="be-liveview" version="5.6.1.070" />
     
     <customVariables>
         <localVariable name="be.shortVersion" value="5.6"/>
@@ -8,9 +8,9 @@
 		<localVariable name="be.product.home" value="${tibco.home}/be/5.6"/>                       
     </customVariables>
 	
-    <installerFeature visible="false" name="be-liveview" installLocation="$L{be.product.home}" version="5.6.1.069" plat="win_x86_64,linux26gl25_x86_64,macos_x86_64,sol_sparc_64,sol_x86_64,hpux112_ia64,aix61_power_64,linux26gl24_s390x" >
+    <installerFeature visible="false" name="be-liveview" installLocation="$L{be.product.home}" version="5.6.1.070" plat="win_x86_64,linux26gl25_x86_64,macos_x86_64,sol_sparc_64,sol_x86_64,hpux112_ia64,aix61_power_64,linux26gl24_s390x" >
 		<assemblyList>
-			<assembly uid="product_tibco_be_liveview" version="5.6.1.069" plat="win_x86_64,linux26gl25_x86_64,macos_x86_64,sol_sparc_64,sol_x86_64,hpux112_ia64,aix61_power_64,linux26gl24_s390x"/>
+			<assembly uid="product_tibco_be_liveview" version="5.6.1.070" plat="win_x86_64,linux26gl25_x86_64,macos_x86_64,sol_sparc_64,sol_x86_64,hpux112_ia64,aix61_power_64,linux26gl24_s390x"/>
 		</assemblyList>
 	</installerFeature>
 </TIBCOInstallerFeatures>
Index: build/pkg_info/bom/5.6.1/businessevents-enterprise/sp/contrib_be-monitoringandmanagement_5.6.1_FeatureConfig.xml
===================================================================
--- build/pkg_info/bom/5.6.1/businessevents-enterprise/sp/contrib_be-monitoringandmanagement_5.6.1_FeatureConfig.xml	(revision 89620)
+++ build/pkg_info/bom/5.6.1/businessevents-enterprise/sp/contrib_be-monitoringandmanagement_5.6.1_FeatureConfig.xml	(working copy)
@@ -20,7 +20,7 @@
  !
  !-->
 <TIBCOInstallerFeatures>
-    <productDef productType="contributor" name="be-monitoringandmanagement" id="be-monitoringandmanagement" version="5.6.1.069" />
+    <productDef productType="contributor" name="be-monitoringandmanagement" id="be-monitoringandmanagement" version="5.6.1.070" />
     
     <customVariables>
         <localVariable name="be.shortVersion" value="5.6"/>
@@ -29,9 +29,9 @@
     </customVariables>
 
     
-	<installerFeature name="be-monitoringandmanagement" installLocation="$L{be.product.home}" visible="false" version="5.6.1.069">
+	<installerFeature name="be-monitoringandmanagement" installLocation="$L{be.product.home}" visible="false" version="5.6.1.070">
 		<assemblyList>
-			<assembly uid="product_tibco_be_monitoringandmanagement" version="5.6.1.069"/>
+			<assembly uid="product_tibco_be_monitoringandmanagement" version="5.6.1.070"/>
 		</assemblyList>
 		<postInstallAction sequence="post-assembly-ref" target="post-install" taskFile="${TIBCO_HOME}/be/5.6/uninstaller_scripts/post-mm-install.xml" description="Performing post-installation tasks for BusinessEvents Monitoring and Management"/>
     </installerFeature>
Index: build/pkg_info/bom/5.6.1/businessevents-enterprise/sp/contrib_be-pattern_5.6.1_FeatureConfig.xml
===================================================================
--- build/pkg_info/bom/5.6.1/businessevents-enterprise/sp/contrib_be-pattern_5.6.1_FeatureConfig.xml	(revision 89620)
+++ build/pkg_info/bom/5.6.1/businessevents-enterprise/sp/contrib_be-pattern_5.6.1_FeatureConfig.xml	(working copy)
@@ -20,7 +20,7 @@
  !
  !-->
 <TIBCOInstallerFeatures>
-    <productDef productType="contributor" name="be-pattern" id="be-pattern" version="5.6.1.069" />
+    <productDef productType="contributor" name="be-pattern" id="be-pattern" version="5.6.1.070" />
     
     <customVariables>
         <localVariable name="be.shortVersion" value="5.6"/>
@@ -28,9 +28,9 @@
 		<localVariable name="be.product.home" value="${tibco.home}/be/5.6"/>                       
     </customVariables>
 	
-    <installerFeature name="be-pattern" installLocation="$L{be.product.home}" visible="false" version="5.6.1.069">
+    <installerFeature name="be-pattern" installLocation="$L{be.product.home}" visible="false" version="5.6.1.070">
 	<assemblyList>
-            <assembly uid="product_tibco_be_pattern" version="5.6.1.069"/>
+            <assembly uid="product_tibco_be_pattern" version="5.6.1.070"/>
 	</assemblyList>
     </installerFeature>
 	
Index: build/pkg_info/bom/5.6.1/businessevents-enterprise/sp/contrib_be-query_5.6.1_FeatureConfig.xml
===================================================================
--- build/pkg_info/bom/5.6.1/businessevents-enterprise/sp/contrib_be-query_5.6.1_FeatureConfig.xml	(revision 89620)
+++ build/pkg_info/bom/5.6.1/businessevents-enterprise/sp/contrib_be-query_5.6.1_FeatureConfig.xml	(working copy)
@@ -20,7 +20,7 @@
  !
  !-->
 <TIBCOInstallerFeatures>
-    <productDef productType="contributor" name="be-query" id="be-query" version="5.6.1.069" />
+    <productDef productType="contributor" name="be-query" id="be-query" version="5.6.1.070" />
     
     <customVariables>
         <localVariable name="be.shortVersion" value="5.6"/>
@@ -28,9 +28,9 @@
 		<localVariable name="be.product.home" value="${tibco.home}/be/5.6"/>                       
     </customVariables>
 	
-    <installerFeature name="be-query" installLocation="$L{be.product.home}" visible="false" version="5.6.1.069">
+    <installerFeature name="be-query" installLocation="$L{be.product.home}" visible="false" version="5.6.1.070">
 		<assemblyList>
-			<assembly uid="product_tibco_be_query" version="5.6.1.069"/>
+			<assembly uid="product_tibco_be_query" version="5.6.1.070"/>
 		</assemblyList>
    </installerFeature>
 
Index: build/pkg_info/bom/5.6.1/businessevents-enterprise/sp/contrib_be-rulesmanagement_5.6.1_FeatureConfig.xml
===================================================================
--- build/pkg_info/bom/5.6.1/businessevents-enterprise/sp/contrib_be-rulesmanagement_5.6.1_FeatureConfig.xml	(revision 89620)
+++ build/pkg_info/bom/5.6.1/businessevents-enterprise/sp/contrib_be-rulesmanagement_5.6.1_FeatureConfig.xml	(working copy)
@@ -20,7 +20,7 @@
  !
  !-->
 <TIBCOInstallerFeatures>
-    <productDef productType="contributor" name="be-rulesmanagement" id="be-rulesmanagement" version="5.6.1.069" />
+    <productDef productType="contributor" name="be-rulesmanagement" id="be-rulesmanagement" version="5.6.1.070" />
     
     <customVariables>
         <localVariable name="be.shortVersion" value="5.6"/>
@@ -28,9 +28,9 @@
 		<localVariable name="be.product.home" value="${tibco.home}/be/5.6"/>                       
     </customVariables>
 
-    <installerFeature name="be-rulesmanagement" installLocation="$L{be.product.home}" visible="false" version="5.6.1.069">
+    <installerFeature name="be-rulesmanagement" installLocation="$L{be.product.home}" visible="false" version="5.6.1.070">
 		<assemblyList>
-			<assembly uid="product_tibco_be_rulesmanagement" version="5.6.1.069"/>
+			<assembly uid="product_tibco_be_rulesmanagement" version="5.6.1.070"/>
 		</assemblyList>
 		<postInstallAction sequence="post-assembly-ref" target="post-install" taskFile="${TIBCO_HOME}/be/5.6/uninstaller_scripts/post-rulesmanagement-install.xml" description="Performing post-installation tasks for BusinessEvents Rules Management Server"/>
 	</installerFeature>
Index: build/pkg_info/bom/5.6.1/businessevents-enterprise/sp/contrib_be-server_5.6.1_FeatureConfig.xml
===================================================================
--- build/pkg_info/bom/5.6.1/businessevents-enterprise/sp/contrib_be-server_5.6.1_FeatureConfig.xml	(revision 89620)
+++ build/pkg_info/bom/5.6.1/businessevents-enterprise/sp/contrib_be-server_5.6.1_FeatureConfig.xml	(working copy)
@@ -20,7 +20,7 @@
  !
  !-->
 <TIBCOInstallerFeatures>
-    <productDef productType="contributor" name="be-server" id="be-server" version="5.6.1.069" />
+    <productDef productType="contributor" name="be-server" id="be-server" version="5.6.1.070" />
     
     <customVariables>
         <localVariable name="be.shortVersion" value="5.6"/>
@@ -28,9 +28,9 @@
 		<localVariable name="be.product.home" value="${tibco.home}/be/5.6"/>                       
     </customVariables>
 
-	<installerFeature name="be-server" visible="false" version="5.6.1.069">
+	<installerFeature name="be-server" visible="false" version="5.6.1.070">
 		<assemblyList>
-			<assembly uid="product_tibco_be_server" version="5.6.1.069" overrideTargetDirectory="$L{be.product.home}"/>
+			<assembly uid="product_tibco_be_server" version="5.6.1.070" overrideTargetDirectory="$L{be.product.home}"/>
 			<dependency type="feature" uid="main_gwrapper" version="2.4.1" description="gwrapper" plat="macos_x86_64" />
 			<dependency type="feature" uid="main_wrapper" version="2.4.1" description="Wrapper" plat="win_x86_64,linux_x86_64,sol_sparc_64,sol_x86_64,macos_x86_64,hpux_ia64,aix_power_64,linux_s390x" />
 			<dependency type="feature" uid="main_tibcojava64-oracle" version="11" description="64bit JRE Oracle" plat="win_x86_64,linux_x86_64,sol_sparc_64,macos_x86_64"/>
Index: build/pkg_info/bom/5.6.1/businessevents-enterprise/sp/contrib_be-statemodeler_5.6.1_FeatureConfig.xml
===================================================================
--- build/pkg_info/bom/5.6.1/businessevents-enterprise/sp/contrib_be-statemodeler_5.6.1_FeatureConfig.xml	(revision 89620)
+++ build/pkg_info/bom/5.6.1/businessevents-enterprise/sp/contrib_be-statemodeler_5.6.1_FeatureConfig.xml	(working copy)
@@ -20,7 +20,7 @@
  !
  !-->
 <TIBCOInstallerFeatures>
-    <productDef productType="contributor" name="be-statemodeler" id="be-statemodeler" version="5.6.1.069" />
+    <productDef productType="contributor" name="be-statemodeler" id="be-statemodeler" version="5.6.1.070" />
     
     <customVariables>
     <localVariable name="be.shortVersion" value="5.6"/>
@@ -28,9 +28,9 @@
     <localVariable name="be.product.home" value="${tibco.home}/be/5.6"/>                       
     </customVariables>
 	
-	<installerFeature name="be-statemodeler" installLocation="$L{be.product.home}" visible="false" version="5.6.1.069" plat="win_x86_64,linux26gl25_x86_64,macos_x86_64,sol_sparc_64,sol_x86_64,hpux112_ia64,aix61_power_64,linux26gl24_s390x">
+	<installerFeature name="be-statemodeler" installLocation="$L{be.product.home}" visible="false" version="5.6.1.070" plat="win_x86_64,linux26gl25_x86_64,macos_x86_64,sol_sparc_64,sol_x86_64,hpux112_ia64,aix61_power_64,linux26gl24_s390x">
 		<assemblyList>
-			<assembly uid="product_tibco_be_statemodeler" plat="win_x86_64,linux26gl25_x86_64,macos_x86_64,sol_sparc_64,sol_x86_64,hpux112_ia64,aix61_power_64,linux26gl24_s390x" version="5.6.1.069"/>
+			<assembly uid="product_tibco_be_statemodeler" plat="win_x86_64,linux26gl25_x86_64,macos_x86_64,sol_sparc_64,sol_x86_64,hpux112_ia64,aix61_power_64,linux26gl24_s390x" version="5.6.1.070"/>
 		</assemblyList>
 	</installerFeature>
 
Index: build/pkg_info/bom/5.6.1/businessevents-enterprise/sp/contrib_be-studio_5.6.1_FeatureConfig.xml
===================================================================
--- build/pkg_info/bom/5.6.1/businessevents-enterprise/sp/contrib_be-studio_5.6.1_FeatureConfig.xml	(revision 89620)
+++ build/pkg_info/bom/5.6.1/businessevents-enterprise/sp/contrib_be-studio_5.6.1_FeatureConfig.xml	(working copy)
@@ -20,7 +20,7 @@
  !
  !-->
 <TIBCOInstallerFeatures>
-    <productDef productType="contributor" name="be-studio" id="be-studio" version="5.6.1.069" />
+    <productDef productType="contributor" name="be-studio" id="be-studio" version="5.6.1.070" />
     
     <customVariables>
         <localVariable name="be.shortVersion" value="5.6"/>
@@ -28,9 +28,9 @@
 		<localVariable name="be.product.home" value="${tibco.home}/be/5.6"/>                       
     </customVariables>
 	
-	<installerFeature visible="false" name="be-studio" installLocation="$L{be.product.home}" version="5.6.1.069" plat="win_x86_64,linux26gl25_x86_64,macos_x86_64,sol_sparc_64,sol_x86_64,hpux112_ia64,aix61_power_64,linux26gl24_s390x">
+	<installerFeature visible="false" name="be-studio" installLocation="$L{be.product.home}" version="5.6.1.070" plat="win_x86_64,linux26gl25_x86_64,macos_x86_64,sol_sparc_64,sol_x86_64,hpux112_ia64,aix61_power_64,linux26gl24_s390x">
 		<assemblyList>
-			<assembly uid="product_tibco_be_studio" plat="win_x86_64,linux26gl25_x86_64,macos_x86_64,sol_sparc_64,sol_x86_64,hpux112_ia64,aix61_power_64,linux26gl24_s390x" version="5.6.1.069"/>
+			<assembly uid="product_tibco_be_studio" plat="win_x86_64,linux26gl25_x86_64,macos_x86_64,sol_sparc_64,sol_x86_64,hpux112_ia64,aix61_power_64,linux26gl24_s390x" version="5.6.1.070"/>
 		</assemblyList>
 		<postInstallAction sequence="post-assembly-ref" target="post-install" taskFile="${TIBCO_HOME}/be/5.6/uninstaller_scripts/post-studio-install.xml" description="Performing post-installation tasks for BusinessEvents Studio"/>
 		<postInstallAction sequence="pre-uninstall-ref" target="pre-uninstall" taskFile="${TIBCO_HOME}/be/5.6/uninstaller_scripts/pre-studio-uninstall.xml" description="Performing pre-uninstallation tasks for BusinessEvents Studio"/>
Index: build/pkg_info/bom/5.6.1/businessevents-enterprise/sp/contrib_be-teagent_5.6.1_FeatureConfig.xml
===================================================================
--- build/pkg_info/bom/5.6.1/businessevents-enterprise/sp/contrib_be-teagent_5.6.1_FeatureConfig.xml	(revision 89620)
+++ build/pkg_info/bom/5.6.1/businessevents-enterprise/sp/contrib_be-teagent_5.6.1_FeatureConfig.xml	(working copy)
@@ -20,7 +20,7 @@
  !
  !-->
 <TIBCOInstallerFeatures>
-    <productDef productType="contributor" name="be-teagent" id="be-teagent" version="5.6.1.069" />
+    <productDef productType="contributor" name="be-teagent" id="be-teagent" version="5.6.1.070" />
     
     <customVariables>
         <localVariable name="be.shortVersion" value="5.6"/>
@@ -29,9 +29,9 @@
     </customVariables>
 
     
-	<installerFeature name="be-teagent" installLocation="$L{be.product.home}" visible="false" version="5.6.1.069">
+	<installerFeature name="be-teagent" installLocation="$L{be.product.home}" visible="false" version="5.6.1.070">
 		<assemblyList>
-			<assembly uid="product_tibco_be_teagent" version="5.6.1.069"/>
+			<assembly uid="product_tibco_be_teagent" version="5.6.1.070"/>
 		</assemblyList>
 		<postInstallAction sequence="post-assembly-ref" target="post-install" taskFile="${TIBCO_HOME}/be/5.6/uninstaller_scripts/post-beteagent-install.xml" description="Performing post-installation tasks for BusinessEvents Tea Agent"/>
     </installerFeature>
Index: build/pkg_info/bom/5.6.1/businessevents-enterprise/sp/contrib_businessevents-standard_5.6.1_FeatureConfig.xml
===================================================================
--- build/pkg_info/bom/5.6.1/businessevents-enterprise/sp/contrib_businessevents-standard_5.6.1_FeatureConfig.xml	(revision 89620)
+++ build/pkg_info/bom/5.6.1/businessevents-enterprise/sp/contrib_businessevents-standard_5.6.1_FeatureConfig.xml	(working copy)
@@ -20,7 +20,7 @@
  !
  !-->
 <TIBCOInstallerFeatures>
-    <productDef productType="contributor" name="businessevents-standard" id="businessevents-standard" version="5.6.1.069" />
+    <productDef productType="contributor" name="businessevents-standard" id="businessevents-standard" version="5.6.1.070" />
     
     <customVariables>
         <localVariable name="be.shortVersion" value="5.6"/>
Index: build/pkg_info/bom/5.6.1/businessevents-enterprise/sp/contrib_ecc_5.6.1_FeatureConfig.xml
===================================================================
--- build/pkg_info/bom/5.6.1/businessevents-enterprise/sp/contrib_ecc_5.6.1_FeatureConfig.xml	(revision 89620)
+++ build/pkg_info/bom/5.6.1/businessevents-enterprise/sp/contrib_ecc_5.6.1_FeatureConfig.xml	(working copy)
@@ -20,7 +20,7 @@
  !
  !-->
 <TIBCOInstallerFeatures>
-    <productDef productType="contributor" name="ecc" id="ecc" version="5.6.1.069" />
+    <productDef productType="contributor" name="ecc" id="ecc" version="5.6.1.070" />
     
     <customVariables>
         <localVariable name="be.shortVersion" value="5.6"/>
@@ -28,7 +28,7 @@
 		<localVariable name="be.product.home" value="${tibco.home}/be/5.6"/>
     </customVariables>
 
-    <installerFeature name="ecc"  visible="false" version="5.6.1.069" plat="win_x86_64,linux26gl25_x86_64,macos_x86_64,sol_sparc_64">
+    <installerFeature name="ecc"  visible="false" version="5.6.1.070" plat="win_x86_64,linux26gl25_x86_64,macos_x86_64,sol_sparc_64">
 		<assemblyList>
 		</assemblyList>
 		
Index: build/pkg_info/bom/5.6.1/businessevents-process/sp/businessevents-process_FeatureConfig.xml
===================================================================
--- build/pkg_info/bom/5.6.1/businessevents-process/sp/businessevents-process_FeatureConfig.xml	(revision 89620)
+++ build/pkg_info/bom/5.6.1/businessevents-process/sp/businessevents-process_FeatureConfig.xml	(working copy)
@@ -48,7 +48,7 @@
 	
 	<installerFeature name="Examples SP 1" installLocation="$L{be.product.home}" visible="true" version="5.6.1">
 		<assemblyList>
-			<assembly uid="product_tibco_be_process_examples" version="5.6.1.069"/>
+			<assembly uid="product_tibco_be_process_examples" version="5.6.1.070"/>
 		</assemblyList>
 		<postInstallAction sequence="post-assembly-ref" target="post-install" taskFile="${TIBCO_HOME}/be/5.6/uninstaller_scripts/post-process_documentation-install.xml" description="Performing post-installation tasks for BusinessEvents Process Documentation"/>
 		<postInstallAction sequence="pre-uninstall-ref" target="pre-uninstall" taskFile="${TIBCO_HOME}/be/5.6/uninstaller_scripts/pre-process_documentation-uninstall.xml" description="Performing pre-uninstallation tasks for BusinessEvents Process Documentation"/>
Index: build/pkg_info/bom/5.6.1/businessevents-process/sp/contrib_be-process-modeler_5.6.1_FeatureConfig.xml
===================================================================
--- build/pkg_info/bom/5.6.1/businessevents-process/sp/contrib_be-process-modeler_5.6.1_FeatureConfig.xml	(revision 89620)
+++ build/pkg_info/bom/5.6.1/businessevents-process/sp/contrib_be-process-modeler_5.6.1_FeatureConfig.xml	(working copy)
@@ -20,7 +20,7 @@
  !
  !-->
 <TIBCOInstallerFeatures>
-    <productDef productType="contributor" name="be-process-modeler" id="be-process-modeler" version="5.6.1.069" />
+    <productDef productType="contributor" name="be-process-modeler" id="be-process-modeler" version="5.6.1.070" />
     
     <customVariables>
         <localVariable name="be.shortVersion" value="5.6"/>
@@ -28,9 +28,9 @@
 		<localVariable name="be.product.home" value="${tibco.home}/be/5.6"/>                       
     </customVariables>
 	
-    <installerFeature visible="false" name="be-process-modeler" installLocation="$L{be.product.home}" version="5.6.1.069" plat="win_x86_64,linux26gl25_x86_64,macos_x86_64,sol_sparc_64,sol_x86_64,hpux112_ia64,aix61_power_64,linux26gl24_s390x">
+    <installerFeature visible="false" name="be-process-modeler" installLocation="$L{be.product.home}" version="5.6.1.070" plat="win_x86_64,linux26gl25_x86_64,macos_x86_64,sol_sparc_64,sol_x86_64,hpux112_ia64,aix61_power_64,linux26gl24_s390x">
 		<assemblyList>
-			<assembly uid="product_tibco_be_process_editor" plat="win_x86_64,linux26gl25_x86_64,macos_x86_64,sol_sparc_64,sol_x86_64,hpux112_ia64,aix61_power_64,linux26gl24_s390x" version="5.6.1.069"/>
+			<assembly uid="product_tibco_be_process_editor" plat="win_x86_64,linux26gl25_x86_64,macos_x86_64,sol_sparc_64,sol_x86_64,hpux112_ia64,aix61_power_64,linux26gl24_s390x" version="5.6.1.070"/>
 		</assemblyList>
 	</installerFeature>
 </TIBCOInstallerFeatures>
Index: build/pkg_info/bom/5.6.1/businessevents-process/sp/contrib_be-process-server_5.6.1_FeatureConfig.xml
===================================================================
--- build/pkg_info/bom/5.6.1/businessevents-process/sp/contrib_be-process-server_5.6.1_FeatureConfig.xml	(revision 89620)
+++ build/pkg_info/bom/5.6.1/businessevents-process/sp/contrib_be-process-server_5.6.1_FeatureConfig.xml	(working copy)
@@ -20,7 +20,7 @@
  !
  !-->
 <TIBCOInstallerFeatures>
-    <productDef productType="contributor" name="be-process-server" id="be-process-server" version="5.6.1.069" />
+    <productDef productType="contributor" name="be-process-server" id="be-process-server" version="5.6.1.070" />
     
     <customVariables>
         <localVariable name="be.shortVersion" value="5.6"/>
@@ -28,9 +28,9 @@
 		<localVariable name="be.product.home" value="${tibco.home}/be/5.6"/>                            
     </customVariables>
 	
-    <installerFeature visible="false" name="be-process-server" installLocation="$L{be.product.home}" version="5.6.1.069">
+    <installerFeature visible="false" name="be-process-server" installLocation="$L{be.product.home}" version="5.6.1.070">
 		<assemblyList>
-			<assembly uid="product_tibco_be_process_server" version="5.6.1.069"/>
+			<assembly uid="product_tibco_be_process_server" version="5.6.1.070"/>
 		</assemblyList>
 	</installerFeature>
 </TIBCOInstallerFeatures>
Index: build/pkg_info/bom/5.6.1/businessevents-views/sp/businessevents-views_FeatureConfig.xml
===================================================================
--- build/pkg_info/bom/5.6.1/businessevents-views/sp/businessevents-views_FeatureConfig.xml	(revision 89620)
+++ build/pkg_info/bom/5.6.1/businessevents-views/sp/businessevents-views_FeatureConfig.xml	(working copy)
@@ -50,7 +50,7 @@
 	
 	<installerFeature name="Examples SP 1" installLocation="$L{be.product.home}" visible="true" version="5.6.1">
 		<assemblyList>
-			<assembly uid="product_tibco_be_views_examples" version="5.6.1.069"/>
+			<assembly uid="product_tibco_be_views_examples" version="5.6.1.070"/>
 		</assemblyList>
 		<postInstallAction sequence="post-assembly-ref" target="post-install" taskFile="${TIBCO_HOME}/be/5.6/uninstaller_scripts/post-views_documentation-install.xml" description="Performing post-installation tasks for BusinessEvents Views Documentation"/>
 		<wizardAction class="com.tibco.installer.wizard.action.TIBCOCreateWindowsShortcutWizardAction" sequence="post-install">
Index: build/pkg_info/bom/5.6.1/businessevents-views/sp/contrib_be-views-modeler_5.6.1_FeatureConfig.xml
===================================================================
--- build/pkg_info/bom/5.6.1/businessevents-views/sp/contrib_be-views-modeler_5.6.1_FeatureConfig.xml	(revision 89620)
+++ build/pkg_info/bom/5.6.1/businessevents-views/sp/contrib_be-views-modeler_5.6.1_FeatureConfig.xml	(working copy)
@@ -20,7 +20,7 @@
  !
  !-->
 <TIBCOInstallerFeatures>
-    <productDef productType="contributor" name="be-views-modeler" id="be-views-modeler" version="5.6.1.069" />
+    <productDef productType="contributor" name="be-views-modeler" id="be-views-modeler" version="5.6.1.070" />
     
     <customVariables>
         <localVariable name="be.shortVersion" value="5.6"/>
@@ -28,9 +28,9 @@
 		<localVariable name="be.product.home" value="${tibco.home}/be/5.6"/>                       
     </customVariables>
 	
-    <installerFeature visible="false" name="be-views-modeler" installLocation="$L{be.product.home}" version="5.6.1.069"  plat="win_x86_64,linux26gl25_x86_64,macos_x86_64,sol_sparc_64,sol_x86_64,hpux112_ia64,aix61_power_64,linux26gl24_s390x">
+    <installerFeature visible="false" name="be-views-modeler" installLocation="$L{be.product.home}" version="5.6.1.070"  plat="win_x86_64,linux26gl25_x86_64,macos_x86_64,sol_sparc_64,sol_x86_64,hpux112_ia64,aix61_power_64,linux26gl24_s390x">
 		<assemblyList>
-			<assembly uid="product_tibco_be_views_modeler" version="5.6.1.069"  plat="win_x86_64,linux26gl25_x86_64,macos_x86_64,sol_sparc_64,sol_x86_64,hpux112_ia64,aix61_power_64,linux26gl24_s390x"/>
+			<assembly uid="product_tibco_be_views_modeler" version="5.6.1.070"  plat="win_x86_64,linux26gl25_x86_64,macos_x86_64,sol_sparc_64,sol_x86_64,hpux112_ia64,aix61_power_64,linux26gl24_s390x"/>
 		</assemblyList>
 	</installerFeature>
 
Index: build/pkg_info/bom/5.6.1/businessevents-views/sp/contrib_be-views-server_5.6.1_FeatureConfig.xml
===================================================================
--- build/pkg_info/bom/5.6.1/businessevents-views/sp/contrib_be-views-server_5.6.1_FeatureConfig.xml	(revision 89620)
+++ build/pkg_info/bom/5.6.1/businessevents-views/sp/contrib_be-views-server_5.6.1_FeatureConfig.xml	(working copy)
@@ -20,7 +20,7 @@
  !
  !-->
 <TIBCOInstallerFeatures>
-    <productDef productType="contributor" name="be-views-server" id="be-views-server" version="5.6.1.069" />
+    <productDef productType="contributor" name="be-views-server" id="be-views-server" version="5.6.1.070" />
 
     <customVariables>
         <localVariable name="be.shortVersion" value="5.6"/>
@@ -32,9 +32,9 @@
  		 <featureconfiginclude svnrev="HEAD" svnurlloc="http://svn.tibco.com/install/trunk/contribs/wrapper/2.4" featureconfigname="contrib_gwrapper_2.4.1_FeatureConfig.xml" plat="macos_x86_64"/>
    </featureconfigincludes>
 
-    <installerFeature visible="false" name="be-views-server" installLocation="$L{be.product.home}" version="5.6.1.069" >
+    <installerFeature visible="false" name="be-views-server" installLocation="$L{be.product.home}" version="5.6.1.070" >
     <assemblyList>
-        <assembly uid="product_tibco_be_views_server" version="5.6.1.069"/>
+        <assembly uid="product_tibco_be_views_server" version="5.6.1.070"/>
     </assemblyList>
     <dependency type="feature" uid="main_gwrapper" version="2.4.1" description="gwrapper" plat="macos_x86_64" />
     <postInstallAction sequence="post-assembly-ref" target="post-install" taskFile="${TIBCO_HOME}/be/5.6/uninstaller_scripts/post-views_server-install.xml" description="Performing post-installation tasks for BusinessEvents Views Server"/>
Index: common/src/com/tibco/be/uirms/cep_uirmsVersion.java
===================================================================
--- common/src/com/tibco/be/uirms/cep_uirmsVersion.java	(revision 89620)
+++ common/src/com/tibco/be/uirms/cep_uirmsVersion.java	(working copy)
@@ -40,7 +40,7 @@
         static final public String copyright       = "Copyright(c) 2004-2019 TIBCO Software Inc. All rights reserved.";
         static final public String line_separator  = System.getProperty("line.separator");
         static final public String version         = "5.6.1";
-        static final public String build           = "069";
+        static final public String build           = "070";
         static final public String buildDate       = "2019-11-13";
         static final public String container_id    = "be-engine";
         static final private String company        = "TIBCO Software Inc.";
Index: common/src/com/tibco/be/uirt/cep_uirtVersion.java
===================================================================
--- common/src/com/tibco/be/uirt/cep_uirtVersion.java	(revision 89620)
+++ common/src/com/tibco/be/uirt/cep_uirtVersion.java	(working copy)
@@ -40,7 +40,7 @@
         static final public String copyright       = "Copyright(c) 2004-2019 TIBCO Software Inc. All rights reserved.";
         static final public String line_separator  = System.getProperty("line.separator");
         static final public String version         = "5.6.1";
-        static final public String build           = "069";
+        static final public String build           = "070";
         static final public String buildDate       = "2019-11-13";
         static final public String container_id    = "be-engine";
         static final private String company        = "TIBCO Software Inc.";
Index: common/src/com/tibco/be/viewsrt/cep_viewsrtVersion.java
===================================================================
--- common/src/com/tibco/be/viewsrt/cep_viewsrtVersion.java	(revision 89620)
+++ common/src/com/tibco/be/viewsrt/cep_viewsrtVersion.java	(working copy)
@@ -40,7 +40,7 @@
         static final public String copyright       = "Copyright(c) 2004-2019 TIBCO Software Inc. All rights reserved.";
         static final public String line_separator  = System.getProperty("line.separator");
         static final public String version         = "5.6.1";
-        static final public String build           = "069";
+        static final public String build           = "070";
         static final public String buildDate       = "2019-11-13";
         static final public String container_id    = "be-engine";
         static final private String company        = "TIBCO Software Inc.";
Index: designtime/studio/functions/src/com/tibco/be/functions/be_studiofunctionsVersion.java
===================================================================
--- designtime/studio/functions/src/com/tibco/be/functions/be_studiofunctionsVersion.java	(revision 89620)
+++ designtime/studio/functions/src/com/tibco/be/functions/be_studiofunctionsVersion.java	(working copy)
@@ -41,7 +41,7 @@
         static final public String copyright       = "Copyright(c) 2004-2019 TIBCO Software Inc. All rights reserved.";
         static final public String line_separator  = System.getProperty("line.separator");
         static final public String version = "5.6.1";
-        static final public String build = "069";
+        static final public String build = "070";
         static final public String buildDate = "2019-11-13";
         static final private String company = "TIBCO Software Inc.";
         static final private String component = "TIBCO BusinessEvents";
Index: designtime/studio/plugins/com.tibco.cep.studio.application/about.mappings
===================================================================
--- designtime/studio/plugins/com.tibco.cep.studio.application/about.mappings	(revision 89620)
+++ designtime/studio/plugins/com.tibco.cep.studio.application/about.mappings	(working copy)
@@ -1 +1 @@
-0=5.6.1.069
\ No newline at end of file
+0=5.6.1.070
\ No newline at end of file
Index: maven/be-maven-pomGenerator/src/com/tibco/be/maven/version/cep_pomGeneratorVersion.java
===================================================================
--- maven/be-maven-pomGenerator/src/com/tibco/be/maven/version/cep_pomGeneratorVersion.java	(revision 89620)
+++ maven/be-maven-pomGenerator/src/com/tibco/be/maven/version/cep_pomGeneratorVersion.java	(working copy)
@@ -41,7 +41,7 @@
         static final public String copyright       = "Copyright(c) 2004-2019 TIBCO Software Inc. All rights reserved.";
         static final public String line_separator  = System.getProperty("line.separator");
         static final public String version         = "5.6.1";
-        static final public String build           = "069";
+        static final public String build           = "070";
         static final public String buildDate       = "2019-11-13";
         static final public String container_id    = "be-engine";
         static final private String company        = "TIBCO Software Inc.";
Index: runtime/core/backingstore/src/com/tibco/be/jdbcstore/be_jdbcstoreVersion.java
===================================================================
--- runtime/core/backingstore/src/com/tibco/be/jdbcstore/be_jdbcstoreVersion.java	(revision 89620)
+++ runtime/core/backingstore/src/com/tibco/be/jdbcstore/be_jdbcstoreVersion.java	(working copy)
@@ -41,7 +41,7 @@
         static final public String copyright       = "Copyright(c) 2004-2019 TIBCO Software Inc. All rights reserved.";
         static final public String line_separator  = System.getProperty("line.separator");
         static final public String version = "5.6.1";
-        static final public String build = "069";
+        static final public String build = "070";
         static final public String buildDate = "2019-11-13";
         static final private String company = "TIBCO Software Inc.";
         static final private String component = "TIBCO BusinessEvents";
Index: runtime/core/backingstore/src/com/tibco/be/oracle/be_oracleVersion.java
===================================================================
--- runtime/core/backingstore/src/com/tibco/be/oracle/be_oracleVersion.java	(revision 89620)
+++ runtime/core/backingstore/src/com/tibco/be/oracle/be_oracleVersion.java	(working copy)
@@ -41,7 +41,7 @@
         static final public String copyright       = "Copyright(c) 2004-2019 TIBCO Software Inc. All rights reserved.";
         static final public String line_separator  = System.getProperty("line.separator");
         static final public String version = "5.6.1";
-        static final public String build = "069";
+        static final public String build = "070";
         static final public String buildDate = "2019-11-13";
         static final private String company = "TIBCO Software Inc.";
         static final private String component = "TIBCO BusinessEvents";
Index: runtime/core/backingstore-bdb/src/com/tibco/cep/persister/be_bdbVersion.java
===================================================================
--- runtime/core/backingstore-bdb/src/com/tibco/cep/persister/be_bdbVersion.java	(revision 89620)
+++ runtime/core/backingstore-bdb/src/com/tibco/cep/persister/be_bdbVersion.java	(working copy)
@@ -43,7 +43,7 @@
         static final public String version         = "5.6.1";
         static final public String engineMinVersion = "5.6.1.0";
         static final public String engineName      = "be-engine";
-        static final public String build           = "069";
+        static final public String build           = "070";
         static final public String buildDate       = "2019-11-13";
         static final public String container_id    = "be-engine";
         static final private String company        = "TIBCO Software Inc.";
Index: runtime/core/base/be/src/com/tibco/cep/cep_baseVersion.java
===================================================================
--- runtime/core/base/be/src/com/tibco/cep/cep_baseVersion.java	(revision 89620)
+++ runtime/core/base/be/src/com/tibco/cep/cep_baseVersion.java	(working copy)
@@ -43,7 +43,7 @@
         static final public String version         = "5.6.1";
         static final public String engineMinVersion = "5.6.1.0";
         static final public String engineName      = "be-engine";
-        static final public String build           = "069";
+        static final public String build           = "070";
         static final public String buildDate       = "2019-11-13";
         static final public String container_id    = "be-engine";
         static final private String company        = "TIBCO Software Inc.";
Index: runtime/core/common/src/com/tibco/be/util/docker/version/cep_dockerVersion.java
===================================================================
--- runtime/core/common/src/com/tibco/be/util/docker/version/cep_dockerVersion.java	(revision 89620)
+++ runtime/core/common/src/com/tibco/be/util/docker/version/cep_dockerVersion.java	(working copy)
@@ -41,7 +41,7 @@
         static final public String copyright       = "Copyright(c) 2004-2019 TIBCO Software Inc. All rights reserved.";
         static final public String line_separator  = System.getProperty("line.separator");
         static final public String version         = "5.6.1";
-        static final public String build           = "069";
+        static final public String build           = "070";
         static final public String buildDate       = "2019-11-13";
         static final public String container_id    = "be-engine";
         static final private String company        = "TIBCO Software Inc.";
Index: runtime/core/common/src/com/tibco/cep/cep_commonVersion.java
===================================================================
--- runtime/core/common/src/com/tibco/cep/cep_commonVersion.java	(revision 89620)
+++ runtime/core/common/src/com/tibco/cep/cep_commonVersion.java	(working copy)
@@ -43,7 +43,7 @@
         static final public String version         = "5.6.1";
         static final public String engineMinVersion = "5.6.1.0";
         static final public String engineName      = "be-engine";
-        static final public String build           = "069";
+        static final public String build           = "070";
         static final public String buildDate       = "2019-11-13";
         static final public String container_id    = "be-engine";
         static final private String company        = "TIBCO Software Inc.";
Index: runtime/core/container/src/com/tibco/cep/container/cep_containerVersion.java
===================================================================
--- runtime/core/container/src/com/tibco/cep/container/cep_containerVersion.java	(revision 89620)
+++ runtime/core/container/src/com/tibco/cep/container/cep_containerVersion.java	(working copy)
@@ -41,7 +41,7 @@
         static final public String copyright       = "Copyright(c) 2004-2019 TIBCO Software Inc. All rights reserved.";
         static final public String line_separator  = System.getProperty("line.separator");
         static final public String version         = "5.6.1";
-        static final public String build           = "069";
+        static final public String build           = "070";
         static final public String buildDate       = "2019-11-13";
         static final public String container_id    = "be-engine";
         static final public String readme	   = "";
Index: runtime/core/datagrid/activespaces/src/com/tibco/cep/as/cep_datagrid_tibcoVersion.java
===================================================================
--- runtime/core/datagrid/activespaces/src/com/tibco/cep/as/cep_datagrid_tibcoVersion.java	(revision 89620)
+++ runtime/core/datagrid/activespaces/src/com/tibco/cep/as/cep_datagrid_tibcoVersion.java	(working copy)
@@ -41,7 +41,7 @@
         static final public String version         = "5.6.1";
         static final public String engineMinVersion = "5.6.1.0";
         static final public String engineName      = "be-engine";
-        static final public String build           = "069";
+        static final public String build           = "070";
         static final public String buildDate       = "2019-11-13";
         static final public String container_id    = "be-engine";
         static final private String company        = "TIBCO Software Inc.";
Index: runtime/core/datagrid/coherence/src/com/tibco/cep/cep_datagrid_oracleVersion.java
===================================================================
--- runtime/core/datagrid/coherence/src/com/tibco/cep/cep_datagrid_oracleVersion.java	(revision 89620)
+++ runtime/core/datagrid/coherence/src/com/tibco/cep/cep_datagrid_oracleVersion.java	(working copy)
@@ -41,7 +41,7 @@
         static final public String version         = "5.6.1";
         static final public String engineMinVersion = "5.6.1.0";
         static final public String engineName      = "be-engine";
-        static final public String build           = "069";
+        static final public String build           = "070";
         static final public String buildDate       = "2019-11-13";
         static final public String container_id    = "be-engine";
         static final private String company        = "TIBCO Software Inc.";
Index: runtime/core/drivers/src/com/tibco/cep/driver/cep_driversVersion.java
===================================================================
--- runtime/core/drivers/src/com/tibco/cep/driver/cep_driversVersion.java	(revision 89620)
+++ runtime/core/drivers/src/com/tibco/cep/driver/cep_driversVersion.java	(working copy)
@@ -41,7 +41,7 @@
         static final public String copyright       = "Copyright(c) 2004-2019 TIBCO Software Inc. All rights reserved.";
         static final public String line_separator  = System.getProperty("line.separator");
         static final public String version         = "5.6.1";
-        static final public String build           = "069";
+        static final public String build           = "070";
         static final public String buildDate       = "2019-11-13";
         static final public String container_id    = "be-engine";
         static final private String company        = "TIBCO Software Inc.";
Index: runtime/core/functions/src/com/tibco/be/functions/be_functionsVersion.java
===================================================================
--- runtime/core/functions/src/com/tibco/be/functions/be_functionsVersion.java	(revision 89620)
+++ runtime/core/functions/src/com/tibco/be/functions/be_functionsVersion.java	(working copy)
@@ -41,7 +41,7 @@
         static final public String copyright       = "Copyright(c) 2004-2019 TIBCO Software Inc. All rights reserved.";
         static final public String line_separator  = System.getProperty("line.separator");
         static final public String version = "5.6.1";
-        static final public String build = "069";
+        static final public String build = "070";
         static final public String buildDate = "2019-11-13";
         static final private String company = "TIBCO Software Inc.";
         static final private String component = "TIBCO BusinessEvents";
Index: runtime/core/kernel/src/com/tibco/cep/kernel/cep_kernelVersion.java
===================================================================
--- runtime/core/kernel/src/com/tibco/cep/kernel/cep_kernelVersion.java	(revision 89620)
+++ runtime/core/kernel/src/com/tibco/cep/kernel/cep_kernelVersion.java	(working copy)
@@ -41,7 +41,7 @@
         static final public String copyright       = "Copyright(c) 2004-2019 TIBCO Software Inc. All rights reserved.";
         static final public String line_separator  = System.getProperty("line.separator");
         static final public String version         = "5.6.1";
-        static final public String build           = "069";
+        static final public String build           = "070";
         static final public String buildDate       = "2019-11-13";
         static final public String container_id    = "be-engine";
         static final private String company        = "TIBCO Software Inc.";
Index: runtime/mm/administrator/src/com/tibco/be/deployment/administrator/be_adminVersion.java
===================================================================
--- runtime/mm/administrator/src/com/tibco/be/deployment/administrator/be_adminVersion.java	(revision 89620)
+++ runtime/mm/administrator/src/com/tibco/be/deployment/administrator/be_adminVersion.java	(working copy)
@@ -41,7 +41,7 @@
         static final public String copyright       = "Copyright(c) 2004-2019 TIBCO Software Inc. All rights reserved.";
         static final public String line_separator  = System.getProperty("line.separator");
         static final public  String version   = "5.6.1" ;
-        static final public  String build     = "069"   ;
+        static final public  String build     = "070"   ;
         static final public  String buildDate = "2019-11-13"    ;
         static final private String company   = "TIBCO Software Inc." ;
         static final private String component = "TIBCO BusinessEvents" ;
Index: runtime/mm/em/src/com/tibco/be/bemm/functions/be_mmVersion.java
===================================================================
--- runtime/mm/em/src/com/tibco/be/bemm/functions/be_mmVersion.java	(revision 89620)
+++ runtime/mm/em/src/com/tibco/be/bemm/functions/be_mmVersion.java	(working copy)
@@ -41,7 +41,7 @@
         static final public String copyright       = "Copyright(c) 2004-2019 TIBCO Software Inc. All rights reserved.";
         static final public String line_separator  = System.getProperty("line.separator");
         static final public String version         = "5.6.1";
-        static final public String build           = "069";
+        static final public String build           = "070";
         static final public String buildDate       = "2019-11-13";
         static final public String container_id    = "be-engine";
         static final private String company        = "TIBCO Software Inc.";
Index: runtime/mm/tea/src/com/tibco/tea/agent/be/version/be_teagentVersion.java
===================================================================
--- runtime/mm/tea/src/com/tibco/tea/agent/be/version/be_teagentVersion.java	(revision 89620)
+++ runtime/mm/tea/src/com/tibco/tea/agent/be/version/be_teagentVersion.java	(working copy)
@@ -43,7 +43,7 @@
         static final public String version        		 = "5.6.1";
        	static final public String be_tea_agent_version  = "1.0.0";
         static final public String engineMinVersion 	 = "5.6.1.0";
-        static final public String build           		 = "069";
+        static final public String build           		 = "070";
         static final public String buildDate      		 = "2019-11-13";
         static final private String company       		 = "TIBCO Software Inc.";
         static final private String component     		 = "TIBCO BusinessEvents Enterprise Administrator Agent";
Index: runtime/modules/analytics/analytics-core/src/com/tibco/cep/analytics/cep_analyticsVersion.java
===================================================================
--- runtime/modules/analytics/analytics-core/src/com/tibco/cep/analytics/cep_analyticsVersion.java	(revision 89620)
+++ runtime/modules/analytics/analytics-core/src/com/tibco/cep/analytics/cep_analyticsVersion.java	(working copy)
@@ -41,7 +41,7 @@
         static final public String copyright       = "Copyright(c) 2004-2019 TIBCO Software Inc. All rights reserved.";
         static final public String line_separator  = System.getProperty("line.separator");
         static final public String version         = "5.6.1";
-        static final public String build           = "069";
+        static final public String build           = "070";
         static final public String buildDate       = "2019-11-13";
         static final public String container_id    = "be-engine";
         static final private String company        = "TIBCO Software Inc.";
Index: runtime/modules/bpmn/src/com/tibco/cep/bpmn/cep_bpmnVersion.java
===================================================================
--- runtime/modules/bpmn/src/com/tibco/cep/bpmn/cep_bpmnVersion.java	(revision 89620)
+++ runtime/modules/bpmn/src/com/tibco/cep/bpmn/cep_bpmnVersion.java	(working copy)
@@ -41,7 +41,7 @@
         static final public String copyright       = "Copyright(c) 2004-2019 TIBCO Software Inc. All rights reserved.";
         static final public String line_separator  = System.getProperty("line.separator");
         static final public String version         = "5.6.1";
-        static final public String build           = "069";
+        static final public String build           = "070";
         static final public String buildDate       = "2019-11-13";
         static final public String container_id    = "be-engine";
         static final private String company        = "TIBCO Software Inc.";
Index: runtime/modules/bw/src/com/tibco/be/bw/plugin/be_bwVersion.java
===================================================================
--- runtime/modules/bw/src/com/tibco/be/bw/plugin/be_bwVersion.java	(revision 89620)
+++ runtime/modules/bw/src/com/tibco/be/bw/plugin/be_bwVersion.java	(working copy)
@@ -41,7 +41,7 @@
         static final public String copyright       = "Copyright(c) 2004-2019 TIBCO Software Inc. All rights reserved.";
         static final public String line_separator  = System.getProperty("line.separator");
 	    static final public String version = "5.6.1";
-	    static final public String build = "069";
+	    static final public String build = "070";
 	    static final public String buildDate = "2019-11-13";
 	    static final private String company = "TIBCO Software Inc.";
 	    static final private String component = "TIBCO BusinessEvents";
Index: runtime/modules/channels/as/src/com/tibco/cep/driver/as/cep_as_channelVersion.java
===================================================================
--- runtime/modules/channels/as/src/com/tibco/cep/driver/as/cep_as_channelVersion.java	(revision 89620)
+++ runtime/modules/channels/as/src/com/tibco/cep/driver/as/cep_as_channelVersion.java	(working copy)
@@ -41,7 +41,7 @@
         static final public String copyright       = "Copyright(c) 2004-2019 TIBCO Software Inc. All rights reserved.";
         static final public String line_separator  = System.getProperty("line.separator");
         static final public String version         = "5.6.1";
-        static final public String build           = "069";
+        static final public String build           = "070";
         static final public String buildDate       = "2019-11-13";
         static final public String container_id    = "be-engine";
         static final private String company        = "TIBCO Software Inc.";
Index: runtime/modules/channels/custom/src/com/tibco/be/custom/channel/cep_custom_channelVersion.java
===================================================================
--- runtime/modules/channels/custom/src/com/tibco/be/custom/channel/cep_custom_channelVersion.java	(revision 89620)
+++ runtime/modules/channels/custom/src/com/tibco/be/custom/channel/cep_custom_channelVersion.java	(working copy)
@@ -41,7 +41,7 @@
         static final public String copyright       = "Copyright(c) 2004-2019 TIBCO Software Inc. All rights reserved.";
         static final public String line_separator  = System.getProperty("line.separator");
         static final public String version         = "5.6.1";
-        static final public String build           = "069";
+        static final public String build           = "070";
         static final public String buildDate       = "2019-11-13";
         static final public String container_id    = "be-engine";
         static final private String company        = "TIBCO Software Inc.";
Index: runtime/modules/channels/ftl/src/com/tibco/cep/functions/channel/ftl/cep_ftlVersion.java
===================================================================
--- runtime/modules/channels/ftl/src/com/tibco/cep/functions/channel/ftl/cep_ftlVersion.java	(revision 89620)
+++ runtime/modules/channels/ftl/src/com/tibco/cep/functions/channel/ftl/cep_ftlVersion.java	(working copy)
@@ -41,7 +41,7 @@
         static final public String copyright       = "Copyright(c) 2004-2019 TIBCO Software Inc. All rights reserved.";
         static final public String line_separator  = System.getProperty("line.separator");
         static final public String version         = "5.6.1";
-        static final public String build           = "069";
+        static final public String build           = "070";
         static final public String buildDate       = "2019-11-13";
         static final public String container_id    = "be-engine";
         static final private String company        = "TIBCO Software Inc.";
Index: runtime/modules/channels/hawk/src/com/tibco/cep/driver/hawk/cep_hawk_channelVersion.java
===================================================================
--- runtime/modules/channels/hawk/src/com/tibco/cep/driver/hawk/cep_hawk_channelVersion.java	(revision 89620)
+++ runtime/modules/channels/hawk/src/com/tibco/cep/driver/hawk/cep_hawk_channelVersion.java	(working copy)
@@ -41,7 +41,7 @@
         static final public String copyright       = "Copyright(c) 2004-2019 TIBCO Software Inc. All rights reserved.";
         static final public String line_separator  = System.getProperty("line.separator");
         static final public String version         = "5.6.1";
-        static final public String build           = "069";
+        static final public String build           = "070";
         static final public String buildDate       = "2019-11-13";
         static final public String container_id    = "be-engine";
         static final private String company        = "TIBCO Software Inc.";
Index: runtime/modules/channels/sb/src/com/tibco/cep/driver/sb/cep_sb_channelVersion.java
===================================================================
--- runtime/modules/channels/sb/src/com/tibco/cep/driver/sb/cep_sb_channelVersion.java	(revision 89620)
+++ runtime/modules/channels/sb/src/com/tibco/cep/driver/sb/cep_sb_channelVersion.java	(working copy)
@@ -41,7 +41,7 @@
         static final public String copyright       = "Copyright(c) 2004-2019 TIBCO Software Inc. All rights reserved.";
         static final public String line_separator  = System.getProperty("line.separator");
         static final public String version         = "5.6.1";
-        static final public String build           = "069";
+        static final public String build           = "070";
         static final public String buildDate       = "2019-11-13";
         static final public String container_id    = "be-engine";
         static final private String company        = "TIBCO Software Inc.";
Index: runtime/modules/dashboard/agent/common/src/com/tibco/cep/dashboard/cep_dashboardVersion.java
===================================================================
--- runtime/modules/dashboard/agent/common/src/com/tibco/cep/dashboard/cep_dashboardVersion.java	(revision 89620)
+++ runtime/modules/dashboard/agent/common/src/com/tibco/cep/dashboard/cep_dashboardVersion.java	(working copy)
@@ -32,7 +32,7 @@
     static final public String copyright       		= "Copyright(c) 2004-2019 TIBCO Software Inc. All rights reserved.";
     static final public String line_separator  		= System.getProperty("line.separator");
     static final public String version         		= "5.6.1";
-    static final public String build          		= "069";
+    static final public String build          		= "070";
     static final public String buildDate       		= "2019-11-13";
     static final public String container_id    		= "be-engine";
     static final public String container_version 	= "5.6.1.0";
Index: runtime/modules/dashboard/metricengine/src/com/tibco/cep/metric/cep_metricVersion.java
===================================================================
--- runtime/modules/dashboard/metricengine/src/com/tibco/cep/metric/cep_metricVersion.java	(revision 89620)
+++ runtime/modules/dashboard/metricengine/src/com/tibco/cep/metric/cep_metricVersion.java	(working copy)
@@ -32,7 +32,7 @@
     static final public String copyright       		= "Copyright(c) 2004-2019 TIBCO Software Inc. All rights reserved.";
     static final public String line_separator  		= System.getProperty("line.separator");
     static final public String version         		= "5.6.1";
-    static final public String build          		= "069";
+    static final public String build          		= "070";
     static final public String buildDate       		= "2019-11-13";
     static final public String container_id    		= "be-engine";
     static final public String container_version 	= "5.6.1.0";
Index: runtime/modules/dbconcepts/src/com/tibco/cep/modules/cep_modulesVersion.java
===================================================================
--- runtime/modules/dbconcepts/src/com/tibco/cep/modules/cep_modulesVersion.java	(revision 89620)
+++ runtime/modules/dbconcepts/src/com/tibco/cep/modules/cep_modulesVersion.java	(working copy)
@@ -41,7 +41,7 @@
         static final public String copyright       = "Copyright(c) 2004-2019 TIBCO Software Inc. All rights reserved.";
         static final public String line_separator  = System.getProperty("line.separator");
         static final public String version         = "5.6.1";
-        static final public String build           = "069";
+        static final public String build           = "070";
         static final public String buildDate       = "2019-11-13";
         static final public String container_id    = "be-engine";
         static final private String company        = "TIBCO Software Inc.";
Index: runtime/modules/interpreter/src/com/tibco/cep/interpreter/cep_interpreterVersion.java
===================================================================
--- runtime/modules/interpreter/src/com/tibco/cep/interpreter/cep_interpreterVersion.java	(revision 89620)
+++ runtime/modules/interpreter/src/com/tibco/cep/interpreter/cep_interpreterVersion.java	(working copy)
@@ -42,7 +42,7 @@
         static final public String copyright       = "Copyright(c) 2004-2019 TIBCO Software Inc. All rights reserved.";
         static final public String line_separator  = System.getProperty("line.separator");
         static final public String version         = "5.6.1";
-        static final public String build           = "069";
+        static final public String build           = "070";
         static final public String buildDate       = "2019-11-13";
         static final public String container_id    = "be-engine";
         static final public String readme	   = "";
Index: runtime/modules/liveview/src/com/tibco/cep/liveview/cep_liveviewVersion.java
===================================================================
--- runtime/modules/liveview/src/com/tibco/cep/liveview/cep_liveviewVersion.java	(revision 89620)
+++ runtime/modules/liveview/src/com/tibco/cep/liveview/cep_liveviewVersion.java	(working copy)
@@ -41,7 +41,7 @@
         static final public String copyright       = "Copyright(c) 2004-2019 TIBCO Software Inc. All rights reserved.";
         static final public String line_separator  = System.getProperty("line.separator");
         static final public String version         = "5.6.1";
-        static final public String build           = "069";
+        static final public String build           = "070";
         static final public String buildDate       = "2019-11-13";
         static final public String container_id    = "be-engine";
         static final private String company        = "TIBCO Software Inc.";
Index: runtime/modules/loadbalancer/loadbalancer-be/src/com/tibco/cep/loadbalancer/cep_loadbalancerVersion.java
===================================================================
--- runtime/modules/loadbalancer/loadbalancer-be/src/com/tibco/cep/loadbalancer/cep_loadbalancerVersion.java	(revision 89620)
+++ runtime/modules/loadbalancer/loadbalancer-be/src/com/tibco/cep/loadbalancer/cep_loadbalancerVersion.java	(working copy)
@@ -43,7 +43,7 @@
         static final public String version         = "5.6.1";
         static final public String engineMinVersion = "5.6.1.0";
         static final public String engineName      = "be-engine";
-        static final public String build           = "069";
+        static final public String build           = "070";
         static final public String buildDate       = "2019-11-13";
         static final public String container_id    = "be-engine";
         static final private String company        = "TIBCO Software Inc.";
Index: runtime/modules/pattern/pattern-be/src/com/tibco/cep/pattern/cep_patternVersion.java
===================================================================
--- runtime/modules/pattern/pattern-be/src/com/tibco/cep/pattern/cep_patternVersion.java	(revision 89620)
+++ runtime/modules/pattern/pattern-be/src/com/tibco/cep/pattern/cep_patternVersion.java	(working copy)
@@ -43,7 +43,7 @@
         static final public String version         = "5.6.1";
         static final public String engineMinVersion = "5.6.1.0";
         static final public String engineName      = "be-engine";
-        static final public String build           = "069";
+        static final public String build           = "070";
         static final public String buildDate       = "2019-11-13";
         static final public String container_id    = "be-engine";
         static final private String company        = "TIBCO Software Inc.";
Index: runtime/modules/query/common/src/com/tibco/cep/query/cep_queryVersion.java
===================================================================
--- runtime/modules/query/common/src/com/tibco/cep/query/cep_queryVersion.java	(revision 89620)
+++ runtime/modules/query/common/src/com/tibco/cep/query/cep_queryVersion.java	(working copy)
@@ -41,7 +41,7 @@
         static final public String copyright       = "Copyright(c) 2004-2019 TIBCO Software Inc. All rights reserved.";
         static final public String line_separator  = System.getProperty("line.separator");
         static final public String version         = "5.6.1";
-        static final public String build           = "069";
+        static final public String build           = "070";
         static final public String buildDate       = "2019-11-13";
         static final public String container_id    = "be-engine";
         static final private String company        = "TIBCO Software Inc.";
Index: runtime/modules/rms/src/com/tibco/be/rms/cep_rmsVersion.java
===================================================================
--- runtime/modules/rms/src/com/tibco/be/rms/cep_rmsVersion.java	(revision 89620)
+++ runtime/modules/rms/src/com/tibco/be/rms/cep_rmsVersion.java	(working copy)
@@ -41,7 +41,7 @@
         static final public String copyright       = "Copyright(c) 2004-2019 TIBCO Software Inc. All rights reserved.";
         static final public String line_separator  = System.getProperty("line.separator");
         static final public String version         = "5.6.1";
-        static final public String build           = "069";
+        static final public String build           = "070";
         static final public String buildDate       = "2019-11-13";
         static final public String container_id    = "be-engine";
         static final private String company        = "TIBCO Software Inc.";
Index: runtime/modules/security/src/com/tibco/cep/security/cep_securityVersion.java
===================================================================
--- runtime/modules/security/src/com/tibco/cep/security/cep_securityVersion.java	(revision 89620)
+++ runtime/modules/security/src/com/tibco/cep/security/cep_securityVersion.java	(working copy)
@@ -33,7 +33,7 @@
         static final public String version         = "5.6.1";
         static final public String engineMinVersion = "5.6.1.0";
         static final public String engineName      = "be-engine";
-        static final public String build           = "069";
+        static final public String build           = "070";
         static final public String buildDate       = "2019-11-13";
         static final public String container_id    = "be-engine";
         static final private String company        = "TIBCO Software Inc.";
Index: runtime/modules/tools/migration/src/com/tibco/be/dbutils/be_dbutilsVersion.java
===================================================================
--- runtime/modules/tools/migration/src/com/tibco/be/dbutils/be_dbutilsVersion.java	(revision 89620)
+++ runtime/modules/tools/migration/src/com/tibco/be/dbutils/be_dbutilsVersion.java	(working copy)
@@ -41,7 +41,7 @@
         static final public String copyright       = "Copyright(c) 2004-2019 TIBCO Software Inc. All rights reserved.";
         static final public String line_separator  = System.getProperty("line.separator");
         static final public String version = "5.6.1";
-        static final public String build = "069";
+        static final public String build = "070";
         static final public String buildDate = "2019-11-13";
         static final private String company = "TIBCO Software Inc.";
         static final private String component = "TIBCO BusinessEvents";
Index: runtime/modules/tools/migration/src/com/tibco/be/migration/cep_migrationVersion.java
===================================================================
--- runtime/modules/tools/migration/src/com/tibco/be/migration/cep_migrationVersion.java	(revision 89620)
+++ runtime/modules/tools/migration/src/com/tibco/be/migration/cep_migrationVersion.java	(working copy)
@@ -41,7 +41,7 @@
         static final public String copyright       = "Copyright(c) 2004-2019 TIBCO Software Inc. All rights reserved.";
         static final public String line_separator  = System.getProperty("line.separator");
         static final public String version = "5.6.1";
-        static final public String build = "069";
+        static final public String build = "070";
         static final public String buildDate = "2019-11-13";
         static final private String company = "TIBCO Software Inc.";
         static final private String component = "TIBCO BusinessEvents";

####
#### Committing Changes (Wed Nov 13 23:32:31 PST 2019): ...
####

Sending        build/pkg_info/bom/5.6.1/businessevents-enterprise/sp/businessevents-enterprise_FeatureConfig.xml
Sending        build/pkg_info/bom/5.6.1/businessevents-enterprise/sp/contrib_be-datagrid_5.6.1_FeatureConfig.xml
Sending        build/pkg_info/bom/5.6.1/businessevents-enterprise/sp/contrib_be-dbconcepts_5.6.1_FeatureConfig.xml
Sending        build/pkg_info/bom/5.6.1/businessevents-enterprise/sp/contrib_be-decisionmanager_5.6.1_FeatureConfig.xml
Sending        build/pkg_info/bom/5.6.1/businessevents-enterprise/sp/contrib_be-eclipse_5.6.1_FeatureConfig.xml
Sending        build/pkg_info/bom/5.6.1/businessevents-enterprise/sp/contrib_be-liveview_5.6.1_FeatureConfig.xml
Sending        build/pkg_info/bom/5.6.1/businessevents-enterprise/sp/contrib_be-monitoringandmanagement_5.6.1_FeatureConfig.xml
Sending        build/pkg_info/bom/5.6.1/businessevents-enterprise/sp/contrib_be-pattern_5.6.1_FeatureConfig.xml
Sending        build/pkg_info/bom/5.6.1/businessevents-enterprise/sp/contrib_be-query_5.6.1_FeatureConfig.xml
Sending        build/pkg_info/bom/5.6.1/businessevents-enterprise/sp/contrib_be-rulesmanagement_5.6.1_FeatureConfig.xml
Sending        build/pkg_info/bom/5.6.1/businessevents-enterprise/sp/contrib_be-server_5.6.1_FeatureConfig.xml
Sending        build/pkg_info/bom/5.6.1/businessevents-enterprise/sp/contrib_be-statemodeler_5.6.1_FeatureConfig.xml
Sending        build/pkg_info/bom/5.6.1/businessevents-enterprise/sp/contrib_be-studio_5.6.1_FeatureConfig.xml
Sending        build/pkg_info/bom/5.6.1/businessevents-enterprise/sp/contrib_be-teagent_5.6.1_FeatureConfig.xml
Sending        build/pkg_info/bom/5.6.1/businessevents-enterprise/sp/contrib_businessevents-standard_5.6.1_FeatureConfig.xml
Sending        build/pkg_info/bom/5.6.1/businessevents-enterprise/sp/contrib_ecc_5.6.1_FeatureConfig.xml
Sending        build/pkg_info/bom/5.6.1/businessevents-process/sp/businessevents-process_FeatureConfig.xml
Sending        build/pkg_info/bom/5.6.1/businessevents-process/sp/contrib_be-process-modeler_5.6.1_FeatureConfig.xml
Sending        build/pkg_info/bom/5.6.1/businessevents-process/sp/contrib_be-process-server_5.6.1_FeatureConfig.xml
Sending        build/pkg_info/bom/5.6.1/businessevents-views/sp/businessevents-views_FeatureConfig.xml
Sending        build/pkg_info/bom/5.6.1/businessevents-views/sp/contrib_be-views-modeler_5.6.1_FeatureConfig.xml
Sending        build/pkg_info/bom/5.6.1/businessevents-views/sp/contrib_be-views-server_5.6.1_FeatureConfig.xml
Sending        common/src/com/tibco/be/uirms/cep_uirmsVersion.java
Sending        common/src/com/tibco/be/uirt/cep_uirtVersion.java
Sending        common/src/com/tibco/be/viewsrt/cep_viewsrtVersion.java
Sending        designtime/studio/functions/src/com/tibco/be/functions/be_studiofunctionsVersion.java
Sending        designtime/studio/plugins/com.tibco.cep.studio.application/about.mappings
Sending        maven/be-maven-pomGenerator/src/com/tibco/be/maven/version/cep_pomGeneratorVersion.java
Sending        runtime/core/backingstore/src/com/tibco/be/jdbcstore/be_jdbcstoreVersion.java
Sending        runtime/core/backingstore/src/com/tibco/be/oracle/be_oracleVersion.java
Sending        runtime/core/backingstore-bdb/src/com/tibco/cep/persister/be_bdbVersion.java
Sending        runtime/core/base/be/src/com/tibco/cep/cep_baseVersion.java
Sending        runtime/core/common/src/com/tibco/be/util/docker/version/cep_dockerVersion.java
Sending        runtime/core/common/src/com/tibco/cep/cep_commonVersion.java
Sending        runtime/core/container/src/com/tibco/cep/container/cep_containerVersion.java
Sending        runtime/core/datagrid/activespaces/src/com/tibco/cep/as/cep_datagrid_tibcoVersion.java
Sending        runtime/core/datagrid/coherence/src/com/tibco/cep/cep_datagrid_oracleVersion.java
Sending        runtime/core/drivers/src/com/tibco/cep/driver/cep_driversVersion.java
Sending        runtime/core/functions/src/com/tibco/be/functions/be_functionsVersion.java
Sending        runtime/core/kernel/src/com/tibco/cep/kernel/cep_kernelVersion.java
Sending        runtime/mm/administrator/src/com/tibco/be/deployment/administrator/be_adminVersion.java
Sending        runtime/mm/em/src/com/tibco/be/bemm/functions/be_mmVersion.java
Sending        runtime/mm/tea/src/com/tibco/tea/agent/be/version/be_teagentVersion.java
Sending        runtime/modules/analytics/analytics-core/src/com/tibco/cep/analytics/cep_analyticsVersion.java
Sending        runtime/modules/bpmn/src/com/tibco/cep/bpmn/cep_bpmnVersion.java
Sending        runtime/modules/bw/src/com/tibco/be/bw/plugin/be_bwVersion.java
Sending        runtime/modules/channels/as/src/com/tibco/cep/driver/as/cep_as_channelVersion.java
Sending        runtime/modules/channels/custom/src/com/tibco/be/custom/channel/cep_custom_channelVersion.java
Sending        runtime/modules/channels/ftl/src/com/tibco/cep/functions/channel/ftl/cep_ftlVersion.java
Sending        runtime/modules/channels/hawk/src/com/tibco/cep/driver/hawk/cep_hawk_channelVersion.java
Sending        runtime/modules/channels/sb/src/com/tibco/cep/driver/sb/cep_sb_channelVersion.java
Sending        runtime/modules/dashboard/agent/common/src/com/tibco/cep/dashboard/cep_dashboardVersion.java
Sending        runtime/modules/dashboard/metricengine/src/com/tibco/cep/metric/cep_metricVersion.java
Sending        runtime/modules/dbconcepts/src/com/tibco/cep/modules/cep_modulesVersion.java
Sending        runtime/modules/interpreter/src/com/tibco/cep/interpreter/cep_interpreterVersion.java
Sending        runtime/modules/liveview/src/com/tibco/cep/liveview/cep_liveviewVersion.java
Sending        runtime/modules/loadbalancer/loadbalancer-be/src/com/tibco/cep/loadbalancer/cep_loadbalancerVersion.java
Sending        runtime/modules/pattern/pattern-be/src/com/tibco/cep/pattern/cep_patternVersion.java
Sending        runtime/modules/query/common/src/com/tibco/cep/query/cep_queryVersion.java
Sending        runtime/modules/rms/src/com/tibco/be/rms/cep_rmsVersion.java
Sending        runtime/modules/security/src/com/tibco/cep/security/cep_securityVersion.java
Sending        runtime/modules/tools/migration/src/com/tibco/be/dbutils/be_dbutilsVersion.java
Sending        runtime/modules/tools/migration/src/com/tibco/be/migration/cep_migrationVersion.java
Transmitting file data ...............................................................
Committed revision 89622.

_exit=0
