#
# $HeadURL$
# $Revision$
# $Date$
#
# Copyright(c) 2010-2013 TIBCO Software Inc. All rights reserved.
#

####
#### References (showenv-home): (Fri, Feb 22, 2013  6:02:12 PM): ...
####
Buildfile: build.xml

set-platform:

set-environment:

set-properties:
     [echo] else

showenv-home:
     [echo] env.ANT_HOME                        = [R:\external\ant\1.7.1]
     [echo] env.ANTLR_HOME                      = [R:/external/antlr/3.2]
     [echo] env.APACHE_COMMONS_COLLECTIONS_HOME = [R:/external/apache-commons-collections/3.2.1]
     [echo] env.APACHE_COMMONS_JEXL_HOME        = [R:/external/apache-commons-jexl/2.0.1]
     [echo] env.APACHE_COMMONS_LANG_HOME        = [R:/external/apache-commons-lang/2.5]
     [echo] env.BDBJE_HOME                      = [R:/external/bdbje/4.1.17]
     [echo] env.BND_HOME                        = [R:/external/bnd/0.0.249]
     [echo] env.CASTOR_HOME                     = [R:/external/castor/0.9.6]
     [echo] env.ECLIPSE_HOME                    = [R:/external/eclipse/3.7.2/win/x86]
     [echo] env.ECLIPSE_EMF_HOME                = [R:/external/eclipse/emf/sdk/2.7.2/eclipse]
     [echo] env.ECLIPSE_MDT_HOME                = [R:/external/eclipse/mdt/uml/sdk/3.2.1/eclipse]
     [echo] env.ECLIPSE_DELTA_PACK_HOME         = [R:/external/eclipse/deltapack/3.7.2/eclipse]
     [echo] env.HTTPCORE_HOME                   = [R:/external/httpcore/4.0.1]
     [echo] env.HTTPCORE_CLIENT_HOME            = [R:/external/httpcore/client/4.0.1]
     [echo] env.JAVACC_HOME                     = [R:/external/javacc/3.2]
     [echo] env.JAVASSIST_HOME                  = [R:/external/javassist/3.7]
     [echo] env.JDK_HOME                        = [R:/external/jdk/1.7.0_13]
     [echo] env.JIDE_HOME                       = [R:/external/jide/2.8.5]
     [echo] env.JSCH_HOME                       = [R:/external/jsch/0.1.45]
     [echo] env.LOG4J_HOME                      = [R:/external/log4j/1.2.15]
     [echo] env.ORACLE_HOME                     = [R:/external/oracle/10.2.0]
     [echo] env.POI_HOME                        = [R:/external/poi/3.7]
     [echo] env.RETRO_HOME                      = [R:/external/retro/2.3.1]
     [echo] env.ST_HOME                         = [R:/external/st/3.1]
     [echo] env.TANGOSOL_HOME                   = [R:/external/tangosol/3.6.0]
     [echo] env.TOMSAWYER_PERSPECTIVES_DEV_HOME = [R:/external/tomsawyer/perspectives/dev/4.1]
     [echo] env.TOMSAWYER_PERSPECTIVES_DEP_HOME = [R:/external/tomsawyer/perspectives/dep/4.1]
     [echo] env.XDOCLET_HOME                    = [R:/external/xdoclet/1.2.2]
     [echo] env.ADMIN_HOME                      = [R:/tibco/admin/5.2.0/L]
     [echo] env.AS_HOME                         = [R:/tibco/as/2.0.2/L]
     [echo] env.BW_HOME                         = [R:/tibco/bw/5.6.3/L]
     [echo] env.DOC_HOME                        = [L:/docs4release]
     [echo] env.HAWK_HOME                       = [R:/tibco/hawk/4.8.1/L]
     [echo] env.LOGIN_HOME                      = [R:/tibco/login/4.0.3]
     [echo] env.RV_HOME                         = [R:/tibco/rv/8.1.2]
     [echo] env.TPCL_HOME                       = [R:/tibco/tpcl/5.7.3/L]
     [echo] env.TRA_HOME                        = [R:/tibco/tra/5.7.3/L]
     [echo] env.TXML_HOME                       = [R:/tibco/txml/5.51.0/L]
     [echo] env.USER_HOME                       = [R:/tibco/user/4.0.0]
     [echo] env.WRAP_HOME                       = [R:/tibco/wrap/2.3.1/L]

BUILD SUCCESSFUL
Total time: 4 seconds
