#
# $HeadURL$
# $Revision$
# $Date$
#
# Copyright(c) 2010-2013 TIBCO Software Inc. All rights reserved.
#

####
#### Environment (showenv): (Fri, Feb 22, 2013  6:02:06 PM): ...
####
Buildfile: build.xml

set-platform:

set-environment:

set-properties:
     [echo] else

showenv-be:
     [echo] BE_VERSION_MAJOR     = [5]
     [echo] BE_VERSION_MINOR     = [2]
     [echo] BE_VERSION_UPDATE    = [0]
     [echo] BE_VERSION           = [5.2.0]
     [echo] env.BE_BUILD         = [002]
     [echo] env.BE_LICENSE       = [*** !!! NOT FOR PRODUCTION USE !!! ***]
     [echo] BE_HOME              = [R:/tibco/be/5.2.0/002]
     [echo] BE_LIB               = [R:/tibco/be/5.2.0/002/dbg/lib]

showenv-general:
     [echo] BE_BRANCH            = [branches]
     [echo] BE_COMPANY           = [TIBCO Software Inc.]
     [echo] env.BE_PRODUCT       = [TIBCO BusinessEvents]
     [echo] env.BE_EDITION       = [Enterprise]
     [echo] env.EXTERNAL         = [R:/external]
     [echo] env.INTERNAL         = [R:/tibco]
     [echo] env.ISLINUX          = [0]
     [echo] env.ISMACOSX         = [0]
     [echo] env.ISUNIX           = [0]
     [echo] env.ISWINDOWS        = [1]
     [echo] env.ISLOCAL          = [0]
     [echo] env.OS               = [win]
     [echo] env.PORT             = [win/x86]
     [echo] env.SRC_ROOT         = [C:/be/branches/5.2]
     [echo] env.SYNC_EXTERNAL    = [R:/external]
     [echo] env.SYNC_INTERNAL    = [R:/tibco]
     [echo] env.SYNC_ROOT        = [R:]
     [echo] env.TSI_ROOT         = [R:]
     [echo] PRODUCT              = [be]
     [echo] user.name            = [amaiuolo]

showenv-ant:
     [echo] env.ANT_VERSION        = [1.7.1]
     [echo] env.ANT_HOME           = [R:\external\ant\1.7.1]
     [echo] env.ANT_OPTS           = [-Xmx1024M]
     [echo] ANT_LIB                = [R:\external\ant\1.7.1/lib]

showenv-antlr:
     [echo] env.ANTLR_VERSION      = [3.2]
     [echo] env.ANTLR_HOME         = [R:/external/antlr/3.2]
     [echo] ANTLR_LIB              = [R:/external/antlr/3.2/lib]

showenv-apache-commons-collections:
     [echo] env.APACHE_COMMONS_COLLECTIONS_PATH    = [apache-commons-collections]
     [echo] env.APACHE_COMMONS_COLLECTIONS_VERSION = [3.2.1]
     [echo] env.APACHE_COMMONS_COLLECTIONS_HOME    = [R:/external/apache-commons-collections/3.2.1]
     [echo] APACHE_COMMONS_COLLECTIONS_LIB         = [R:/external/apache-commons-collections/3.2.1/lib]

showenv-apache-commons-jexl:
     [echo] env.APACHE_COMMONS_JEXL_PATH           = [apache-commons-jexl]
     [echo] env.APACHE_COMMONS_JEXL_VERSION        = [2.0.1]
     [echo] env.APACHE_COMMONS_JEXL_HOME           = [R:/external/apache-commons-jexl/2.0.1]
     [echo] APACHE_COMMONS_JEXL_LIB                = [R:/external/apache-commons-jexl/2.0.1/lib]

showenv-apache-commons-lang:
     [echo] env.APACHE_COMMONS_LANG_PATH           = [apache-commons-lang]
     [echo] env.APACHE_COMMONS_LANG_VERSION        = [2.5]
     [echo] env.APACHE_COMMONS_LANG_HOME           = [R:/external/apache-commons-lang/2.5]
     [echo] APACHE_COMMONS_LANG_LIB                = [R:/external/apache-commons-lang/2.5/lib]

showenv-bdbje:
     [echo] env.BDBJE_VERSION      = [4.1.17]
     [echo] env.BDBJE_HOME         = [R:/external/bdbje/4.1.17]
     [echo] BDBJE_LIB              = [R:/external/bdbje/4.1.17/lib]

showenv-bnd:
     [echo] env.BND_VERSION        = [0.0.249]
     [echo] env.BND_HOME           = [R:/external/bnd/0.0.249]
     [echo] BND_LIB                = [R:/external/bnd/0.0.249/lib]

showenv-castor:
     [echo] env.CASTOR_VERSION     = [0.9.6]
     [echo] env.CASTOR_HOME        = [R:/external/castor/0.9.6]
     [echo] CASTOR_LIB             = [R:/external/castor/0.9.6]

showenv-eclipse-platform:
     [echo] env.ECLIPSE_VERSION                      = [3.7.2]
     [echo] env.ECLIPSE_HOME                         = [R:/external/eclipse/3.7.2/win/x86]
     [echo] env.PDE_VERSION                          = [3.7.0.v20111116-2009]
     [echo] env.OSGI_VERSION                         = [3.7.2.v20120110-1415]
     [echo] env.EQUINOX_LAUNCHER_VERSION             = [1.2.0.v20110502]
     [echo] env.EQUINOX_LAUNCHER_WIN32_WIN32_VERSION = [1.1.100.v20110502]
     [echo] env.EQUINOX_LAUNCHER_GTK_LINUX_VERSION   = [1.1.100.v20110505]

showenv-eclipse-deltapack:
     [echo] env.ECLIPSE_DELTA_PACK_VERSION = [3.7.2]
     [echo] env.ECLIPSE_DELTA_PACK_HOME    = [R:/external/eclipse/deltapack/3.7.2/eclipse]

showenv-eclipse-emf:
     [echo] env.ECLIPSE_EMF_VERSION = [2.7.2]
     [echo] env.ECLIPSE_EMF_HOME    = [R:/external/eclipse/emf/sdk/2.7.2/eclipse]

showenv-eclipse-gef:
     [echo] env.ECLIPSE_GEF_VERSION = [3.7.2]
     [echo] env.ECLIPSE_GEF_HOME    = [R:/external/eclipse/gef/3.7.2/eclipse]

showenv-eclipse-mdt:
     [echo] env.ECLIPSE_MDT_VERSION = [3.2.1]
     [echo] env.ECLIPSE_MDT_HOME    = [R:/external/eclipse/mdt/uml/sdk/3.2.1/eclipse]

showenv-eclipse-epf:
     [echo] env.ECLIPSE_EPF_VERSION = [1.5.1.4]
     [echo] env.ECLIPSE_EPF_HOME    = [R:/external/eclipse/epf/richtext/1.5.1.4/win/x86/eclipse]

showenv-eclipse-wtp:
     [echo] env.ECLIPSE_WTP_VERSION = [3.3.2]
     [echo] env.ECLIPSE_WTP_HOME    = [R:/external/eclipse/wtp/3.3.2/eclipse]

showenv-httpcore:
     [echo] env.HTTPCORE_VERSION   = [4.0.1]
     [echo] env.HTTPCORE_HOME      = [R:/external/httpcore/4.0.1]
     [echo] HTTPCORE_LIB           = [R:/external/httpcore/4.0.1/lib]

showenv-httpcore-client:
     [echo] env.HTTPCORE_CLIENT_VERSION = [4.0.1]
     [echo] env.HTTPCORE_CLIENT_HOME    = [R:/external/httpcore/client/4.0.1]
     [echo] HTTPCORE_CLIENT_LIB         = [R:/external/httpcore/client/4.0.1/lib]

showenv-javacc:
     [echo] env.JAVACC_VERSION     = [3.2]
     [echo] env.JAVACC_HOME        = [R:/external/javacc/3.2]
     [echo] JAVACC_LIB             = [R:/external/javacc/3.2/lib]

showenv-javassist:
     [echo] env.JAVASSIST_VERSION  = [3.7]
     [echo] env.JAVASSIST_HOME     = [R:/external/javassist/3.7]
     [echo] JAVASSIST_LIB          = [R:/external/javassist/3.7/lib]

showenv-jdk:
     [echo] env.JDK_VERSION        = [1.7.0_13]
     [echo] env.JDK_HOME           = [R:/external/jdk/1.7.0_13]
     [echo] env.JAVA_HOME          = [R:\external\jdk\1.7.0_13\win\x86]
     [echo] JDK_LIB                = [R:/external/jdk/1.7.0_13/win/x86/lib]

showenv-jide:
     [echo] env.JIDE_VERSION       = [2.8.5]
     [echo] env.JIDE_HOME          = [R:/external/jide/2.8.5]
     [echo] JIDE_LIB               = [R:/external/jide/2.8.5/lib]

showenv-jsch:
     [echo] env.JSCH_VERSION       = [0.1.45]
     [echo] env.JSCH_HOME          = [R:/external/jsch/0.1.45]
     [echo] JSCH_LIB               = [R:/external/jsch/0.1.45/lib]

showenv-log4j:
     [echo] env.LOG4J_VERSION      = [1.2.15]
     [echo] env.LOG4J_HOME         = [R:/external/log4j/1.2.15]
     [echo] LOG4J_LIB              = [R:/external/log4j/1.2.15/lib]

showenv-oracle:
     [echo] env.ORACLE_VERSION     = [10.2.0]
     [echo] env.ORACLE_HOME        = [R:/external/oracle/10.2.0]
     [echo] ORACLE_LIB             = [R:/external/oracle/10.2.0/jdbc/lib]

showenv-poi:
     [echo] env.POI_VERSION        = [3.7]
     [echo] env.POI_HOME           = [R:/external/poi/3.7]
     [echo] POI_LIB                = [R:/external/poi/3.7/lib]
     [echo] POI_VERSION_DATE       = [3.7-20101029]

showenv-retro:
     [echo] env.RETRO_VERSION      = [2.3.1]
     [echo] env.RETRO_HOME         = [R:/external/retro/2.3.1]
     [echo] RETRO_LIB              = [R:/external/retro/2.3.1/lib]

showenv-st:
     [echo] env.ST_VERSION         = [3.1]
     [echo] env.ST_HOME            = [R:/external/st/3.1]
     [echo] ST_LIB                 = [R:/external/st/3.1/lib]

showenv-tangosol:
     [echo] env.TANGOSOL_VERSION   = [3.6.0]
     [echo] env.TANGOSOL_HOME      = [R:/external/tangosol/3.6.0]
     [echo] TANGOSOL_LIB           = [R:/external/tangosol/3.6.0/lib]

showenv-tomcat:
     [echo] env.TOMCAT_VERSION     = [7.0.32]
     [echo] env.TOMCAT_HOME        = [R:/external/tomcat/7.0.32]

showenv-tomsawyer:
     [echo] env.TOMSAWYER_PERSPECTIVES_VERSION  = [4.1]
     [echo] env.TOMSAWYER_PERSPECTIVES_DEV_HOME = [R:/external/tomsawyer/perspectives/dev/4.1]
     [echo] env.TOMSAWYER_PERSPECTIVES_DEP_HOME = [R:/external/tomsawyer/perspectives/dep/4.1]
     [echo] TOMSAWYER_PERSPECTIVES_DEV_LIB      = [R:/external/tomsawyer/perspectives/dev/4.1/lib]
     [echo] TOMSAWYER_PERSPECTIVES_DEP_LIB      = [R:/external/tomsawyer/perspectives/dep/4.1/lib]

showenv-velocity:
     [echo] env.VELOCITY_VERSION     = [1.6.3]
     [echo] env.VELOCITY_HOME        = [R:/external/velocity/1.6.3]
     [echo] VELOCITY_LIB             = [R:/external/velocity/1.6.3]

showenv-xdoclet:
     [echo] env.XDOCLET_VERSION    = [1.2.2]
     [echo] env.XDOCLET_HOME       = [R:/external/xdoclet/1.2.2]
     [echo] XDOCLET_LIB            = [R:/external/xdoclet/1.2.2/lib]

showenv-external:

showenv-admin:
     [echo] env.ADMIN_VERSION      = [5.2.0]
     [echo] env.ADMIN_HOME         = [R:/tibco/admin/5.2.0]
     [echo] ADMIN_LIB              = [R:/tibco/admin/5.2.0/L/win/x86/rel/lib]

showenv-as:
     [echo] env.AS_VERSION     = [2.0.2]
     [echo] env.AS_HOME        = [R:/tibco/as/2.0.2]
     [echo] AS_LIB             = [R:/tibco/as/2.0.2/V19/win/x86/activespaces_runtime/lib]

showenv-bw:
     [echo] env.BW_VERSION         = [5.6.3]
     [echo] env.BW_HOME            = [R:/tibco/bw/5.6.3]
     [echo] BW_LIB                 = [R:/tibco/bw/5.6.3/L/win/x86/rel/lib]

showenv-doc:
     [echo] env.DOC_ROOT           = [L:/docs4release]
     [echo] env.DOC_HOME           = [L:/docs4release]

showenv-hawk:
     [echo] env.HAWK_VERSION       = [4.8.1]
     [echo] env.HAWK_HOME          = [R:/tibco/hawk/4.8.1]
     [echo] HAWK_LIB               = [R:/tibco/hawk/4.8.1/L/win/x86/rel/lib]

showenv-login:
     [echo] env.LOGIN_VERSION      = [4.0.3]
     [echo] env.LOGIN_HOME         = [R:/tibco/login/4.0.3]

showenv-rv:
     [echo] env.RV_VERSION         = [8.1.2]
     [echo] env.RV_HOME            = [R:/tibco/rv/8.1.2]
     [echo] RV_LIB                 = [R:/tibco/rv/8.1.2/L/win/x86/lib]

showenv-tpcl:
     [echo] env.TPCL_VERSION       = [5.7.3]
     [echo] env.TPCL_HOME          = [R:/tibco/tpcl/5.7.3]
     [echo] TPCL_LIB               = [R:/tibco/tpcl/5.7.3/L/win/x86/lib]

showenv-tra:
     [echo] env.TRA_VERSION        = [5.7.3]
     [echo] env.TRA_HOME           = [R:/tibco/tra/5.7.3]
     [echo] TRA_LIB                = [R:/tibco/tra/5.7.3/L/win/x86/lib]

showenv-txml:
     [echo] env.TXML_VERSION       = [5.51.0]
     [echo] env.TXML_HOME          = [R:/tibco/txml/5.51.0]
     [echo] TXML_LIB               = [R:/tibco/txml/5.51.0/L/rel/lib]

showenv-user:
     [echo] env.USER_VERSION       = [4.0.0]
     [echo] env.USER_HOME          = [R:/tibco/user/4.0.0]

showenv-wrap:
     [echo] env.WRAP_VERSION       = [2.3.1]
     [echo] env.WRAP_HOME          = [R:/tibco/wrap/2.3.1]
     [echo] WRAP_LIB               = [R:/tibco/wrap/2.3.1/L/win/x86/lib]

showenv-internal:

showenv-all:

showenv:

BUILD SUCCESSFUL
Total time: 0 seconds
