#
# $HeadURL$
# $Revision$
# $Date$
#
# Copyright(c) 2013-2019 TIBCO Software Inc. All rights reserved.
#


####
#### Environment (showenv) (Wed Nov 13 23:33:03 PST 2019): ...
####

Buildfile: /tsi/root/workspace/relbuild/be/trunk/be-main/build/build.xml

set-platform:

set-environment:
     [echo] Inside second-if linux
     [echo] x86_64
     [echo] linux26gl25
     [echo] linux26gl25/x86_64

set-properties:
     [echo] second if

showenv-be:
     [echo] BE_VERSION_MAJOR     = [5]
     [echo] BE_VERSION_MINOR     = [6]
     [echo] BE_VERSION_UPDATE    = [1]
     [echo] BE_VERSION           = [5.6.1]
     [echo] env.BE_BUILD         = [070]
     [echo] env.BE_LICENSE       = []
     [echo] BE_HOME              = [/tsi/root/tibco/be/5.6.1/070]
     [echo] BE_LIB               = [/tsi/root/tibco/be/5.6.1/070/dbg/lib]

showenv-general:
     [echo] BE_BRANCH            = [branches]
     [echo] BE_COMPANY           = [TIBCO Software Inc.]
     [echo] env.BE_PRODUCT       = [TIBCO BusinessEvents]
     [echo] env.BE_EDITION       = [Enterprise]
     [echo] env.EXTERNAL         = [/tsi/root/external]
     [echo] env.INTERNAL         = [/tsi/root/tibco]
     [echo] env.ISLINUX          = [1]
     [echo] env.ISMACOSX         = [0]
     [echo] env.ISUNIX           = [1]
     [echo] env.ISWINDOWS        = [0]
     [echo] env.ISLOCAL          = [${env.ISLOCAL}]
     [echo] env.OS               = [linux26gl25]
     [echo] env.PORT             = [linux26gl25/x86_64]
     [echo] env.SRC_ROOT         = [/tsi/root/workspace/relbuild/be/trunk/be-main]
     [echo] env.SYNC_EXTERNAL    = [/local/root/external]
     [echo] env.SYNC_INTERNAL    = [/local/root/tibco]
     [echo] env.SYNC_ROOT        = [/local/root]
     [echo] env.TSI_ROOT         = [/tsi/root]
     [echo] PRODUCT              = [be]
     [echo] user.name            = [relbuild]

showenv-ant:
     [echo] env.ANT_VERSION        = [1.10.6]
     [echo] env.ANT_HOME           = [/tsi/root/external/ant/1.10.6]
     [echo] env.ANT_OPTS           = [-Xmx1024M]
     [echo] ANT_LIB                = [/tsi/root/external/ant/1.10.6/lib]

showenv-antlr:
     [echo] env.ANTLR_VERSION      = [3.2]
     [echo] env.ANTLR_HOME         = [/tsi/root/external/antlr/3.2]
     [echo] ANTLR_LIB              = [/tsi/root/external/antlr/3.2/lib]

showenv-apache-commons-collections:
     [echo] env.APACHE_COMMONS_COLLECTIONS_PATH    = [apache-commons-collections]
     [echo] env.APACHE_COMMONS_COLLECTIONS_VERSION = [4.4]
     [echo] env.APACHE_COMMONS_COLLECTIONS_HOME    = [/tsi/root/external/apache-commons-collections/4.4]
     [echo] APACHE_COMMONS_COLLECTIONS_LIB         = [/tsi/root/external/apache-commons-collections/4.4/lib]

showenv-apache-commons-jexl:
     [echo] env.APACHE_COMMONS_JEXL_PATH           = [apache-commons-jexl]
     [echo] env.APACHE_COMMONS_JEXL_VERSION        = [3.1]
     [echo] env.APACHE_COMMONS_JEXL_HOME           = [/tsi/root/external/apache-commons-jexl/3.1]
     [echo] APACHE_COMMONS_JEXL_LIB                = [/tsi/root/external/apache-commons-jexl/3.1/lib]

showenv-apache-commons-lang:
     [echo] env.APACHE_COMMONS_LANG_PATH           = [apache-commons-lang]
     [echo] env.APACHE_COMMONS_LANG_VERSION        = [3.9]
     [echo] env.APACHE_COMMONS_LANG_HOME           = [/tsi/root/external/apache-commons-lang/3.9]
     [echo] APACHE_COMMONS_LANG_LIB                = [/tsi/root/external/apache-commons-lang/3.9/lib]

showenv-bdbje:
     [echo] env.BDBJE_VERSION      = [4.1.17]
     [echo] env.BDBJE_HOME         = [/tsi/root/external/bdbje/4.1.17]
     [echo] BDBJE_LIB              = [/tsi/root/external/bdbje/4.1.17/lib]

showenv-bnd:
     [echo] env.BND_VERSION        = [0.0.249]
     [echo] env.BND_HOME           = [/tsi/root/external/bnd/0.0.249]
     [echo] BND_LIB                = [/tsi/root/external/bnd/0.0.249/lib]

showenv-castor:
     [echo] env.CASTOR_VERSION     = [0.9.6]
     [echo] env.CASTOR_HOME        = [/tsi/root/external/castor/0.9.6]
     [echo] CASTOR_LIB             = [/tsi/root/external/castor/0.9.6]

showenv-eclipse-platform:
     [echo] env.ECLIPSE_VERSION                      = [4.12]
     [echo] env.ECLIPSE_HOME                         = [/tsi/root/external/eclipse/4.12/linux26gl25/x86_64]
     [echo] env.PDE_VERSION                          = [3.10.400.v20190320-1020]
     [echo] env.OSGI_VERSION                         = [3.14.0.v20190517-1309]
     [echo] env.EQUINOX_LAUNCHER_VERSION             = [1.5.400.v20190515-0925]
     [echo] env.EQUINOX_LAUNCHER_WIN32_WIN32_VERSION = [1.1.1000.v20190125-2016]
     [echo] env.EQUINOX_LAUNCHER_GTK_LINUX_VERSION   = [1.1.1000.v20190125-2016]

showenv-eclipse-deltapack:
     [echo] env.ECLIPSE_DELTA_PACK_VERSION = [4.12]
     [echo] env.ECLIPSE_DELTA_PACK_HOME    = [/tsi/root/external/eclipse/deltapack/4.12/eclipse]

showenv-eclipse-emf:
     [echo] env.ECLIPSE_EMF_VERSION = [2.17]
     [echo] env.ECLIPSE_EMF_HOME    = [/tsi/root/external/eclipse/emf/sdk/2.17/eclipse]

showenv-eclipse-mdt:
     [echo] env.ECLIPSE_MDT_VERSION = [5.2.4]
     [echo] env.ECLIPSE_MDT_HOME    = [/tsi/root/external/eclipse/mdt/uml/sdk/5.2.4/eclipse]

showenv-eclipse-nattable:
     [echo] env.ECLIPSE_NATTABLE_VERSION = [1.6.0]
     [echo] env.ECLIPSE_NATTABLE_HOME    = [/tsi/root/external/eclipse/nattable/1.6.0/eclipse]

showenv-eclipse-epf:
     [echo] env.ECLIPSE_EPF_VERSION = [1.5.1.8]
     [echo] env.ECLIPSE_EPF_HOME    = [/tsi/root/external/eclipse/epf/richtext/1.5.1.8/linux26gl25/x86_64/eclipse]

showenv-glazedlists:
     [echo] env.GLAZEDLISTS_VERSION = [1.9.1]
     [echo] env.GLAZEDLISTS_HOME    = [/tsi/root/external/glazedlists/1.9.1/eclipse]

showenv-httpcore:
     [echo] env.HTTPCORE_VERSION   = [4.4.12]
     [echo] env.HTTPCORE_HOME      = [/tsi/root/external/httpcore/4.4.12]
     [echo] HTTPCORE_LIB           = [/tsi/root/external/httpcore/4.4.12/lib]

showenv-httpcore-client:
     [echo] env.HTTPCORE_CLIENT_VERSION = [4.5.10]
     [echo] env.HTTPCORE_CLIENT_HOME    = [/tsi/root/external/httpclient/4.5.10]
     [echo] HTTPCORE_CLIENT_LIB         = [/tsi/root/external/httpclient/4.5.10/lib]

showenv-javacc:
     [echo] env.JAVACC_VERSION     = [3.2]
     [echo] env.JAVACC_HOME        = [/tsi/root/external/javacc/3.2]
     [echo] JAVACC_LIB             = [/tsi/root/external/javacc/3.2/lib]

showenv-javassist:
     [echo] env.JAVASSIST_VERSION  = [3.26.0]
     [echo] env.JAVASSIST_HOME     = [/tsi/root/external/javassist/3.26.0]
     [echo] JAVASSIST_LIB          = [/tsi/root/external/javassist/3.26.0/lib]

showenv-jdk:
     [echo] env.JDK_VERSION        = [11.0.4_010]
     [echo] env.JDK_HOME           = [/tsi/root/external/jdk/11.0.4_010]
     [echo] env.JAVA_HOME          = [/tsi/root/external/jdk/11.0.4_010/linux26gl25/x86_64]
     [echo] JDK_LIB                = [/tsi/root/external/jdk/11.0.4_010/linux26gl25/x86_64/lib]

showenv-jide:
     [echo] env.JIDE_VERSION       = [2.8.5]
     [echo] env.JIDE_HOME          = [/tsi/root/external/jide/2.8.5]
     [echo] JIDE_LIB               = [/tsi/root/external/jide/2.8.5/lib]

showenv-jsch:
     [echo] env.JSCH_VERSION       = [0.1.55]
     [echo] env.JSCH_HOME          = [/tsi/root/external/jsch/0.1.55]
     [echo] JSCH_LIB               = [/tsi/root/external/jsch/0.1.55/lib]

showenv-log4j:
     [echo] env.LOG4J_VERSION      = [1.2.15]
     [echo] env.LOG4J_HOME         = [/tsi/root/external/log4j/1.2.15]
     [echo] LOG4J_LIB              = [/tsi/root/external/log4j/1.2.15/lib]

showenv-oracle:
     [echo] env.ORACLE_VERSION     = [12.1.0.1]
     [echo] env.ORACLE_HOME        = [/tsi/root/external/oracle/12.1.0.1]
     [echo] ORACLE_LIB             = [/tsi/root/external/oracle/12.1.0.1/jdbc/lib]

showenv-poi:
     [echo] env.POI_VERSION        = [4.1.0]
     [echo] env.POI_HOME           = [/tsi/root/external/poi/4.1.0]
     [echo] POI_LIB                = [/tsi/root/external/poi/4.1.0/lib]
     [echo] POI_VERSION_DATE       = [4.1.0]

showenv-retro:
     [echo] env.RETRO_VERSION      = [2.3.1]
     [echo] env.RETRO_HOME         = [/tsi/root/external/retro/2.3.1]
     [echo] RETRO_LIB              = [/tsi/root/external/retro/2.3.1/lib]

showenv-st:
     [echo] env.ST_VERSION         = [3.1]
     [echo] env.ST_HOME            = [/tsi/root/external/st/3.1]
     [echo] ST_LIB                 = [/tsi/root/external/st/3.1/lib]

showenv-tangosol:
     [echo] env.TANGOSOL_VERSION   = [3.6.0]
     [echo] env.TANGOSOL_HOME      = [/tsi/root/external/tangosol/3.6.0]
     [echo] TANGOSOL_LIB           = [/tsi/root/external/tangosol/3.6.0/lib]

showenv-tomcat:
     [echo] env.TOMCAT_VERSION     = [9.0.27]
     [echo] env.TOMCAT_HOME        = [/tsi/root/external/tomcat/9.0.27]

showenv-tomsawyer:
     [echo] env.TOMSAWYER_PERSPECTIVES_VERSION  = [6.2.0.0456]
     [echo] env.TOMSAWYER_PERSPECTIVES_HOME = [/tsi/root/external/tomsawyer/perspectives/6.2.0.0456]
     [echo] TOMSAWYER_PERSPECTIVES_LIB      = [/tsi/root/external/tomsawyer/perspectives/6.2.0.0456/lib]

showenv-velocity:
     [echo] env.VELOCITY_VERSION     = [1.6.3]
     [echo] env.VELOCITY_HOME        = [/tsi/root/external/velocity/1.6.3]
     [echo] VELOCITY_LIB             = [/tsi/root/external/velocity/1.6.3]

showenv-xdoclet:
     [echo] env.XDOCLET_VERSION    = [1.2.3]
     [echo] env.XDOCLET_HOME       = [/tsi/root/external/xdoclet/1.2.3]
     [echo] XDOCLET_LIB            = [/tsi/root/external/xdoclet/1.2.3/lib]

showenv-external:

showenv-admin:
     [echo] env.ADMIN_VERSION      = [5.2.0]
     [echo] env.ADMIN_HOME         = [/tsi/root/tibco/admin/5.2.0]
     [echo] ADMIN_LIB              = [/tsi/root/tibco/admin/5.2.0/L/linux26gl25/x86_64/rel/lib]

showenv-as:
     [echo] env.AS_VERSION          = [2.4.0]
     [echo] env.AS_HOME             = [/tsi/root/tibco/as/2.4.0]
     [echo] AS_LIB                  = [/tsi/root/tibco/as/2.4.0/V12/linux26gl25/x86_64/activespaces_runtime/lib]

showenv-bw:
     [echo] env.BW_VERSION         = [6.5.1]
     [echo] env.BW_HOME            = [/tsi/root/tibco/bw/6.5.1]
     [echo] BW_LIB                 = [/tsi/root/tibco/bw/6.5.1/V9.4-GA/linux26gl25/x86_64/lib]

showenv-doc:
     [echo] env.DOC_ROOT           = [/potsticker/products/pubs/docs4release]
     [echo] env.DOC_HOME           = [/potsticker/products/pubs/docs4release]

showenv-hawk:
     [echo] env.HAWK_VERSION       = [5.1.0]
     [echo] env.HAWK_HOME          = [/tsi/root/tibco/hawk/5.1.0]
     [echo] HAWK_LIB               = [/tsi/root/tibco/hawk/5.1.0/L/lib]

showenv-login:
     [echo] env.LOGIN_VERSION      = [4.0.4]
     [echo] env.LOGIN_HOME         = [/tsi/root/tibco/login/4.0.4]

showenv-rv:
     [echo] env.RV_VERSION         = [8.1.2]
     [echo] env.RV_HOME            = [/tsi/root/tibco/rv/8.1.2]
     [echo] RV_LIB                 = [/tsi/root/tibco/rv/8.1.2/L/linux26gl25/x86_64/lib]

showenv-sb:
     [echo] env.SB_VERSION         = [7.6.5]
     [echo] env.SB_HOME            = [/tsi/root/tibco/sb-cep/7.6.5]
     [echo] SB_LIB                 = [/tsi/root/tibco/sb-cep/7.6.5/L/linux26gl25/x86_64/lib]

showenv-tpcl:
     [echo] env.TPCL_VERSION       = [5.8.1]
     [echo] env.TPCL_HOME          = [/tsi/root/tibco/tpcl/5.8.1]
     [echo] TPCL_LIB               = [/tsi/root/tibco/tpcl/5.8.1/L/linux26gl25/x86_64/lib]

showenv-tra:
     [echo] env.TRA_VERSION        = [5.11.0]
     [echo] env.TRA_HOME           = [/tsi/root/tibco/tra/5.11.0]
     [echo] TRA_LIB                = [/tsi/root/tibco/tra/5.11.0/V10.2-GA/linux26gl25/x86_64/lib]

showenv-txml:
     [echo] env.TXML_VERSION       = [${env.TXML_VERSION}]
     [echo] env.TXML_HOME          = [${env.TXML_HOME}]
     [echo] TXML_LIB               = [${TXML_LIB}]

showenv-user:
     [echo] env.USER_VERSION       = [4.0.0]
     [echo] env.USER_HOME          = [/tsi/root/tibco/user/4.0.0]

showenv-wrap:
     [echo] env.WRAP_VERSION       = [2.4.3]
     [echo] env.WRAP_HOME          = [/tsi/root/tibco/wrap/2.4.3]
     [echo] WRAP_LIB               = [/tsi/root/tibco/wrap/2.4.3/L/linux26gl25/x86_64/lib]

showenv-tea:
     [echo] env.TEA_HOME       = [/tsi/root/tibco/tea/2.3.0]
     [echo] TEA_AGENT_LIB  = [/tsi/root/tibco/teaclient/2.3.0/V041-hf7/lib]

showenv-internal:

showenv-all:

showenv:

BUILD SUCCESSFUL
Total time: 1 second
_exit=0
