#
# $HeadURL$
# $Revision$
# $Date$
#
# Copyright(c) 2010-2013 TIBCO Software Inc. All rights reserved.
#

####
#### References (showenv-home): (Thu Oct 10 12:14:05 PDT 2013): ...
####
Buildfile: build.xml

set-platform:

set-environment:

set-properties:

showenv-home:
     [echo] env.ANT_HOME                        = [/tsi/root/external/ant/1.7.1]
     [echo] env.ANTLR_HOME                      = [/tsi/root/external/antlr/3.2]
     [echo] env.APACHE_COMMONS_COLLECTIONS_HOME = [/tsi/root/external/apache-commons-collections/3.2.1]
     [echo] env.APACHE_COMMONS_JEXL_HOME        = [/tsi/root/external/apache-commons-jexl/2.0.1]
     [echo] env.APACHE_COMMONS_LANG_HOME        = [/tsi/root/external/apache-commons-lang/2.5]
     [echo] env.BDBJE_HOME                      = [/tsi/root/external/bdbje/4.1.17]
     [echo] env.BND_HOME                        = [/tsi/root/external/bnd/0.0.249]
     [echo] env.CASTOR_HOME                     = [/tsi/root/external/castor/0.9.6]
     [echo] env.ECLIPSE_HOME                    = [/tsi/root/external/eclipse/3.7.2/macosx/x86_64]
     [echo] env.ECLIPSE_EMF_HOME                = [/tsi/root/external/eclipse/emf/sdk/2.7.2/eclipse]
     [echo] env.ECLIPSE_MDT_HOME                = [/tsi/root/external/eclipse/mdt/uml/sdk/3.2.1/eclipse]
     [echo] env.ECLIPSE_DELTA_PACK_HOME         = [/tsi/root/external/eclipse/deltapack/3.7.2/eclipse]
     [echo] env.HTTPCORE_HOME                   = [/tsi/root/external/httpcore/4.0.1]
     [echo] env.HTTPCORE_CLIENT_HOME            = [/tsi/root/external/httpcore/client/4.0.1]
     [echo] env.JAVACC_HOME                     = [/tsi/root/external/javacc/3.2]
     [echo] env.JAVASSIST_HOME                  = [/tsi/root/external/javassist/3.17.1]
     [echo] env.JDK_HOME                        = [/tsi/root/external/jdk/1.7.0_13]
     [echo] env.JIDE_HOME                       = [/tsi/root/external/jide/2.8.5]
     [echo] env.JSCH_HOME                       = [/tsi/root/external/jsch/0.1.45]
     [echo] env.LOG4J_HOME                      = [/tsi/root/external/log4j/1.2.15]
     [echo] env.ORACLE_HOME                     = [/tsi/root/external/oracle/10.2.0]
     [echo] env.POI_HOME                        = [/tsi/root/external/poi/3.7]
     [echo] env.RETRO_HOME                      = [/tsi/root/external/retro/2.3.1]
     [echo] env.ST_HOME                         = [/tsi/root/external/st/3.1]
     [echo] env.TANGOSOL_HOME                   = [/tsi/root/external/tangosol/3.6.0]
     [echo] env.TOMSAWYER_PERSPECTIVES_HOME     = [/tsi/root/external/tomsawyer/perspectives/5.1.0]
     [echo] env.XDOCLET_HOME                    = [/tsi/root/external/xdoclet/1.2.2]
     [echo] env.ADMIN_HOME                      = [/tsi/root/tibco/admin/5.2.0/V37]
     [echo] env.AS_HOME                         = [/tsi/root/tibco/as/2.1.1/L]
     [echo] env.BW_HOME                         = [/tsi/root/tibco/bw/5.6.3/V20_hotfix04_GA]
     [echo] env.DOC_HOME                        = [/potsticker/products/pubs/docs4release]
     [echo] env.HAWK_HOME                       = [/tsi/root/tibco/hawk/4.8.1/V11]
     [echo] env.LOGIN_HOME                      = [/tsi/root/tibco/login/4.0.4]
     [echo] env.RV_HOME                         = [/tsi/root/tibco/rv/8.1.2]
     [echo] env.TPCL_HOME                       = [/tsi/root/tibco/tpcl/5.7.3/V2]
     [echo] env.TRA_HOME                        = [/tsi/root/tibco/tra/5.7.3/V9]
     [echo] env.TXML_HOME                       = [/tsi/root/tibco/txml/5.51.0/006]
     [echo] env.USER_HOME                       = [/tsi/root/tibco/user/4.0.0]
     [echo] env.WRAP_HOME                       = [/tsi/root/tibco/wrap/2.3.1/L]

BUILD SUCCESSFUL
Total time: 0 seconds
