>>>>>5.2.1.047>>>>>
Wed Aug 12 04:05:35 PDT 2015
------------------------------------------------------------------------
r71514 | bgokhale | 2015-08-12 03:28:31 -0700 (Wed, 12 Aug 2015) | 1 line

build automation fixes
------------------------------------------------------------------------
r71512 | mgujrath | 2015-08-12 02:41:44 -0700 (Wed, 12 Aug 2015) | 1 line

BE-22729-BE 521 : Windows - file explorer menu is missing shortcut utilities after 521 is uninstalled from (520+521).
------------------------------------------------------------------------
r71510 | mgujrath | 2015-08-12 01:44:58 -0700 (Wed, 12 Aug 2015) | 1 line

limiting emails for V47.
------------------------------------------------------------------------
r71501 | mgujrath | 2015-08-11 21:29:41 -0700 (Tue, 11 Aug 2015) | 1 line

updating the actual email lists.
------------------------------------------------------------------------
r71500 | mgujrath | 2015-08-11 21:16:19 -0700 (Tue, 11 Aug 2015) | 1 line

521 script update.
------------------------------------------------------------------------
r71493 | mgujrath | 2015-08-11 06:05:55 -0700 (Tue, 11 Aug 2015) | 1 line

521 script update.
------------------------------------------------------------------------
r71491 | mgujrath | 2015-08-11 05:44:20 -0700 (Tue, 11 Aug 2015) | 1 line

update script.
------------------------------------------------------------------------
r71490 | mgujrath | 2015-08-11 05:38:38 -0700 (Tue, 11 Aug 2015) | 1 line

reverting.
------------------------------------------------------------------------
r71489 | qlbuild | 2015-08-11 05:31:11 -0700 (Tue, 11 Aug 2015) | 1 line

TIBCO BusinessEvents Nightly Build Version 5.2.1.047
------------------------------------------------------------------------
r71486 | mgujrath | 2015-08-11 03:48:37 -0700 (Tue, 11 Aug 2015) | 1 line

changing the order of svn revert and svn update.
------------------------------------------------------------------------
r71480 | mgujrath | 2015-08-10 23:55:45 -0700 (Mon, 10 Aug 2015) | 1 line

updating script. Using canBuild.pl everywhere instead of svn log command.
------------------------------------------------------------------------
r71470 | bgokhale | 2015-08-10 08:06:18 -0700 (Mon, 10 Aug 2015) | 1 line

exclude build logs
------------------------------------------------------------------------
r71468 | mgujrath | 2015-08-10 06:04:13 -0700 (Mon, 10 Aug 2015) | 1 line

521 script update.
------------------------------------------------------------------------
r71467 | qlbuild | 2015-08-10 05:31:17 -0700 (Mon, 10 Aug 2015) | 1 line

TIBCO BusinessEvents Nightly Build Version 5.2.1.046
------------------------------------------------------------------------
<<<<<5.2.1.047<<<<<




>>>>>5.2.1.046>>>>>
Mon Aug 10 06:03:27 PDT 2015
------------------------------------------------------------------------
r71462 | mgujrath | 2015-08-10 03:58:14 -0700 (Mon, 10 Aug 2015) | 1 line

adding additional email list but not in use for now.
------------------------------------------------------------------------
r71461 | mgujrath | 2015-08-10 03:35:43 -0700 (Mon, 10 Aug 2015) | 1 line

updating bebuild command params.
------------------------------------------------------------------------
r71459 | mgujrath | 2015-08-10 03:31:14 -0700 (Mon, 10 Aug 2015) | 1 line

updating mail template.
------------------------------------------------------------------------
r71457 | mgujrath | 2015-08-10 02:22:04 -0700 (Mon, 10 Aug 2015) | 1 line

revert.
------------------------------------------------------------------------
r71455 | qlbuild | 2015-08-10 00:09:25 -0700 (Mon, 10 Aug 2015) | 1 line

TIBCO BusinessEvents Nightly Build Version 5.2.1.046
------------------------------------------------------------------------
r71454 | mgujrath | 2015-08-10 00:07:06 -0700 (Mon, 10 Aug 2015) | 1 line

reverting.
------------------------------------------------------------------------
r71452 | qlbuild | 2015-08-09 23:35:00 -0700 (Sun, 09 Aug 2015) | 1 line

TIBCO BusinessEvents Nightly Build Version 5.2.1.046
------------------------------------------------------------------------
r71451 | mgujrath | 2015-08-09 23:31:37 -0700 (Sun, 09 Aug 2015) | 1 line

reverting.
------------------------------------------------------------------------
r71450 | qlbuild | 2015-08-09 23:25:02 -0700 (Sun, 09 Aug 2015) | 1 line

TIBCO BusinessEvents Nightly Build Version 5.2.1.046
------------------------------------------------------------------------
r71449 | mgujrath | 2015-08-09 23:22:20 -0700 (Sun, 09 Aug 2015) | 1 line

reverting.
------------------------------------------------------------------------
r71448 | mgujrath | 2015-08-09 22:50:12 -0700 (Sun, 09 Aug 2015) | 1 line

Adding a logic to handle svn conflicts.
------------------------------------------------------------------------
r71447 | mgujrath | 2015-08-09 22:36:41 -0700 (Sun, 09 Aug 2015) | 1 line

updating script.
------------------------------------------------------------------------
r71446 | mgujrath | 2015-08-09 22:29:09 -0700 (Sun, 09 Aug 2015) | 1 line

manually correcting vbuilds.log file.
------------------------------------------------------------------------
r71445 | qlbuild | 2015-08-09 22:24:39 -0700 (Sun, 09 Aug 2015) | 1 line

TIBCO BusinessEvents Nightly Build Version 5.2.1.046
------------------------------------------------------------------------
r71444 | mgujrath | 2015-08-09 22:20:56 -0700 (Sun, 09 Aug 2015) | 1 line

BE-22755 - Adding a test file to test build automation.
------------------------------------------------------------------------
r71443 | mgujrath | 2015-08-09 22:20:04 -0700 (Sun, 09 Aug 2015) | 1 line

updating script.
------------------------------------------------------------------------
r71442 | bgokhale | 2015-08-09 21:28:10 -0700 (Sun, 09 Aug 2015) | 1 line

updated AS to 2.1.5V38
------------------------------------------------------------------------
r71441 | bgokhale | 2015-08-09 20:46:35 -0700 (Sun, 09 Aug 2015) | 1 line

v45
------------------------------------------------------------------------
r71437 | relbuild | 2015-08-07 18:07:04 -0700 (Fri, 07 Aug 2015) | 1 line

TIBCO BusinessEvents Version 5.2.1.045
------------------------------------------------------------------------
r71436 | relbuild | 2015-08-07 17:10:35 -0700 (Fri, 07 Aug 2015) | 1 line

TIBCO BusinessEvents Version 5.2.1.045
------------------------------------------------------------------------
r71435 | relbuild | 2015-08-07 17:10:32 -0700 (Fri, 07 Aug 2015) | 1 line

TIBCO BusinessEvents Version 5.2.1.045
------------------------------------------------------------------------
<<<<<5.2.1.046<<<<<










>>>>>5.2.1.045>>>>>
Sun Aug  9 00:46:57 PDT 2015
------------------------------------------------------------------------
r71434 | relbuild | 2015-08-08 05:39:18 +0530 (Sat, 08 Aug 2015) | 1 line

TIBCO BusinessEvents Version 5.2.1.045
------------------------------------------------------------------------
r71433 | abhave | 2015-08-08 05:07:33 +0530 (Sat, 08 Aug 2015) | 1 line

AS 2.1.5 V38 upgrade in BE 5.2.1.
------------------------------------------------------------------------
r71432 | abhave | 2015-08-08 05:06:04 +0530 (Sat, 08 Aug 2015) | 1 line

Changes to runtimedummy activespaces file for upgrade to AS 2.1.5 v38
------------------------------------------------------------------------
r71431 | abhave | 2015-08-08 05:05:42 +0530 (Sat, 08 Aug 2015) | 1 line

Changes to runtimedummy activespaces file for upgrade to AS 2.1.5 v38
------------------------------------------------------------------------
r71421 | relbuild | 2015-08-07 23:15:27 +0530 (Fri, 07 Aug 2015) | 1 line

TIBCO BusinessEvents Version 5.2.1.044
------------------------------------------------------------------------
r71420 | relbuild | 2015-08-07 22:17:24 +0530 (Fri, 07 Aug 2015) | 1 line

TIBCO BusinessEvents Version 5.2.1.044
------------------------------------------------------------------------
r71419 | relbuild | 2015-08-07 22:17:23 +0530 (Fri, 07 Aug 2015) | 1 line

TIBCO BusinessEvents Version 5.2.1.044
------------------------------------------------------------------------
r71418 | relbuild | 2015-08-07 22:16:57 +0530 (Fri, 07 Aug 2015) | 1 line

TIBCO BusinessEvents Version 5.2.1.044
------------------------------------------------------------------------
r71417 | mgujrath | 2015-08-07 20:08:39 +0530 (Fri, 07 Aug 2015) | 1 line

limiting the email list till the setup is done.
------------------------------------------------------------------------
r71415 | qlbuild | 2015-08-07 16:49:29 +0530 (Fri, 07 Aug 2015) | 1 line

TIBCO BusinessEvents Nightly Build Version 5.2.1.043
------------------------------------------------------------------------
<<<<<5.2.1.045<<<<<


>>>>>5.2.1.043>>>>>
Fri Aug  7 04:51:33 PDT 2015
------------------------------------------------------------------------
r71413 | mgujrath | 2015-08-07 04:15:17 -0700 (Fri, 07 Aug 2015) | 1 line

reverting.
------------------------------------------------------------------------
r71412 | qlbuild | 2015-08-07 04:11:25 -0700 (Fri, 07 Aug 2015) | 1 line

TIBCO BusinessEvents Nightly Build Version 5.2.1.043
------------------------------------------------------------------------
r71411 | mgujrath | 2015-08-07 04:09:45 -0700 (Fri, 07 Aug 2015) | 1 line

changing the logs directory.
------------------------------------------------------------------------
r71410 | mgujrath | 2015-08-07 04:07:30 -0700 (Fri, 07 Aug 2015) | 1 line

reverting.
------------------------------------------------------------------------
r71409 | mgujrath | 2015-08-07 04:06:55 -0700 (Fri, 07 Aug 2015) | 1 line

limiting the email list for now.
------------------------------------------------------------------------
r71408 | qlbuild | 2015-08-07 03:55:12 -0700 (Fri, 07 Aug 2015) | 1 line

TIBCO BusinessEvents Nightly Build Version 5.2.1.043
------------------------------------------------------------------------
r71407 | mgujrath | 2015-08-07 03:53:34 -0700 (Fri, 07 Aug 2015) | 1 line

updating script|adding permission to pl scripts.
------------------------------------------------------------------------
r71406 | mgujrath | 2015-08-07 03:50:19 -0700 (Fri, 07 Aug 2015) | 1 line

updated script.
------------------------------------------------------------------------
r71405 | mgujrath | 2015-08-07 03:04:01 -0700 (Fri, 07 Aug 2015) | 1 line

reverting.
------------------------------------------------------------------------
r71404 | qlbuild | 2015-08-07 02:59:51 -0700 (Fri, 07 Aug 2015) | 1 line

TIBCO BusinessEvents Nightly Build Version 5.2.1.043
------------------------------------------------------------------------
r71402 | mgujrath | 2015-08-07 02:57:23 -0700 (Fri, 07 Aug 2015) | 1 line

BE-22755-test checkin.
------------------------------------------------------------------------
r71401 | mgujrath | 2015-08-07 02:54:34 -0700 (Fri, 07 Aug 2015) | 1 line

updated script.
------------------------------------------------------------------------
r71399 | mgujrath | 2015-08-07 02:48:02 -0700 (Fri, 07 Aug 2015) | 1 line

reverting
------------------------------------------------------------------------
r71398 | qlbuild | 2015-08-07 02:44:25 -0700 (Fri, 07 Aug 2015) | 1 line

TIBCO BusinessEvents Nightly Build Version 5.2.1.043
------------------------------------------------------------------------
r71397 | mgujrath | 2015-08-07 02:41:55 -0700 (Fri, 07 Aug 2015) | 1 line

updating script | mail part.
------------------------------------------------------------------------
r71396 | mgujrath | 2015-08-07 02:40:54 -0700 (Fri, 07 Aug 2015) | 1 line

reverting
------------------------------------------------------------------------
r71395 | qlbuild | 2015-08-07 02:18:17 -0700 (Fri, 07 Aug 2015) | 1 line

TIBCO BusinessEvents Nightly Build Version 5.2.1.043
------------------------------------------------------------------------
r71394 | mgujrath | 2015-08-07 02:16:38 -0700 (Fri, 07 Aug 2015) | 1 line

updating script. mail body.
------------------------------------------------------------------------
r71393 | mgujrath | 2015-08-07 02:09:40 -0700 (Fri, 07 Aug 2015) | 1 line

reverting
------------------------------------------------------------------------
r71392 | qlbuild | 2015-08-07 02:03:10 -0700 (Fri, 07 Aug 2015) | 1 line

TIBCO BusinessEvents Nightly Build Version 5.2.1.043
------------------------------------------------------------------------
r71391 | mgujrath | 2015-08-07 02:00:29 -0700 (Fri, 07 Aug 2015) | 1 line

updating script.
------------------------------------------------------------------------
r71390 | mgujrath | 2015-08-07 01:53:33 -0700 (Fri, 07 Aug 2015) | 1 line

updating script. adding get_jira_url's logic in main script.
------------------------------------------------------------------------
r71389 | mgujrath | 2015-08-07 01:40:18 -0700 (Fri, 07 Aug 2015) | 1 line

updating script.
------------------------------------------------------------------------
r71383 | mgujrath | 2015-08-06 23:43:22 -0700 (Thu, 06 Aug 2015) | 1 line

updating email list.
------------------------------------------------------------------------
r71381 | mgujrath | 2015-08-06 23:03:50 -0700 (Thu, 06 Aug 2015) | 1 line

updating script.
------------------------------------------------------------------------
r71378 | mgujrath | 2015-08-06 22:39:22 -0700 (Thu, 06 Aug 2015) | 1 line

BE-22755-Test checkin.
------------------------------------------------------------------------
r71377 | mgujrath | 2015-08-06 22:36:20 -0700 (Thu, 06 Aug 2015) | 1 line

updating script.
------------------------------------------------------------------------
r71375 | bgokhale | 2015-08-06 21:14:03 -0700 (Thu, 06 Aug 2015) | 1 line

script to list jira tickets for this build
------------------------------------------------------------------------
r71371 | relbuild | 2015-08-06 18:12:15 -0700 (Thu, 06 Aug 2015) | 1 line

TIBCO BusinessEvents Version 5.2.1.042
------------------------------------------------------------------------
r71370 | relbuild | 2015-08-06 17:18:35 -0700 (Thu, 06 Aug 2015) | 1 line

TIBCO BusinessEvents Version 5.2.1.042
------------------------------------------------------------------------
r71369 | relbuild | 2015-08-06 17:18:34 -0700 (Thu, 06 Aug 2015) | 1 line

TIBCO BusinessEvents Version 5.2.1.042
------------------------------------------------------------------------
<<<<<5.2.1.043<<<<<














>>>>>5.2.1.041>>>>>
Thu Aug  6 06:09:34 PDT 2015
------------------------------------------------------------------------
r71356 | mgujrath | 2015-08-06 05:01:09 -0700 (Thu, 06 Aug 2015) | 1 line

updating script with mark_resolver_build script.
------------------------------------------------------------------------
r71354 | bgokhale | 2015-08-06 03:46:17 -0700 (Thu, 06 Aug 2015) | 1 line

handle duplicate jira numbers
------------------------------------------------------------------------
r71351 | vasharma | 2015-08-06 02:59:10 -0700 (Thu, 06 Aug 2015) | 1 line

BE-22700,BE-22702 : Updated the wizard action tags with correct install location(i.e path before implementing the fix)
------------------------------------------------------------------------
r71346 | vasharma | 2015-08-05 23:59:33 -0700 (Wed, 05 Aug 2015) | 1 line

BE-22700,BE-22702 : Added the attribute hotfixDirToBackup to be-eclipse product def and removed previous logic to handle the issue.
------------------------------------------------------------------------
r71341 | mgujrath | 2015-08-05 23:35:32 -0700 (Wed, 05 Aug 2015) | 1 line

updating universal installer to 3.3.0 V7
------------------------------------------------------------------------
r71335 | mgujrath | 2015-08-05 22:29:32 -0700 (Wed, 05 Aug 2015) | 1 line

updated filter to exclude misc scripts.
------------------------------------------------------------------------
r71334 | bgokhale | 2015-08-05 22:19:53 -0700 (Wed, 05 Aug 2015) | 1 line

added unix +x permission to shell scripts
------------------------------------------------------------------------
r71333 | bgokhale | 2015-08-05 22:15:51 -0700 (Wed, 05 Aug 2015) | 1 line

minor changes to bld automation scripts
------------------------------------------------------------------------
r71332 | mgujrath | 2015-08-05 22:15:44 -0700 (Wed, 05 Aug 2015) | 1 line

updating script to use canBuild.pl script.
------------------------------------------------------------------------
r71331 | qlbuild | 2015-08-05 22:05:47 -0700 (Wed, 05 Aug 2015) | 1 line

updated filter
------------------------------------------------------------------------
r71330 | qlbuild | 2015-08-05 22:04:35 -0700 (Wed, 05 Aug 2015) | 1 line

updated filter
------------------------------------------------------------------------
r71328 | qlbuild | 2015-08-05 22:00:26 -0700 (Wed, 05 Aug 2015) | 1 line

updated filter
------------------------------------------------------------------------
r71327 | mgujrath | 2015-08-05 21:53:28 -0700 (Wed, 05 Aug 2015) | 1 line

making svn log non-interactive.
------------------------------------------------------------------------
r71319 | abhave | 2015-08-05 10:50:38 -0700 (Wed, 05 Aug 2015) | 1 line

BE-22741 - Removing the tag includeDoc="true" from all the feature config tag files.
------------------------------------------------------------------------
r71318 | bgokhale | 2015-08-05 08:16:47 -0700 (Wed, 05 Aug 2015) | 1 line

small changes to build related scripts
------------------------------------------------------------------------
r71316 | qlbuild | 2015-08-05 05:40:00 -0700 (Wed, 05 Aug 2015) | 1 line

TIBCO BusinessEvents Nightly Build Version 5.2.1.040
------------------------------------------------------------------------
<<<<<5.2.1.041<<<<<


>>>>>5.2.1.040>>>>>
Wed Aug  5 06:11:54 PDT 2015
------------------------------------------------------------------------
r71315 | bgokhale | 2015-08-05 04:38:36 -0700 (Wed, 05 Aug 2015) | 1 line

script to update jira with resolver build
------------------------------------------------------------------------
r71314 | mgujrath | 2015-08-05 03:52:00 -0700 (Wed, 05 Aug 2015) | 1 line

updating email list.
------------------------------------------------------------------------
r71313 | qlbuild | 2015-08-05 03:46:30 -0700 (Wed, 05 Aug 2015) | 1 line

updated script.
------------------------------------------------------------------------
r71312 | mjinia | 2015-08-05 00:46:22 -0700 (Wed, 05 Aug 2015) | 1 line

BE-18102 : log when sender pool is enabled, and when a new session is added to the pool.
------------------------------------------------------------------------
r71311 | mgujrath | 2015-08-04 22:41:03 -0700 (Tue, 04 Aug 2015) | 1 line

adding file parameter to ant command.
------------------------------------------------------------------------
r71310 | mgujrath | 2015-08-04 22:36:47 -0700 (Tue, 04 Aug 2015) | 1 line

reverting.
------------------------------------------------------------------------
r71309 | qlbuild | 2015-08-04 22:33:22 -0700 (Tue, 04 Aug 2015) | 1 line

reset
------------------------------------------------------------------------
r71308 | mgujrath | 2015-08-04 22:28:43 -0700 (Tue, 04 Aug 2015) | 1 line

updated 521 build script.
------------------------------------------------------------------------
r71307 | qlbuild | 2015-08-04 22:18:23 -0700 (Tue, 04 Aug 2015) | 1 line

TIBCO BusinessEvents Nightly Build Version 5.2.1.041
------------------------------------------------------------------------
r71306 | qlbuild | 2015-08-04 22:05:57 -0700 (Tue, 04 Aug 2015) | 1 line

TIBCO BusinessEvents Nightly Build Version 5.2.1.040
------------------------------------------------------------------------
r71305 | mgujrath | 2015-08-04 21:55:40 -0700 (Tue, 04 Aug 2015) | 1 line

commenting svn commit part for test purpose.
------------------------------------------------------------------------
r71296 | vasharma | 2015-08-04 04:05:06 -0700 (Tue, 04 Aug 2015) | 1 line

Updating each addon's copy path.
------------------------------------------------------------------------
r71293 | qlbuild | 2015-08-04 02:50:55 -0700 (Tue, 04 Aug 2015) | 1 line

TIBCO BusinessEvents Nightly Build Version 5.2.1.039
------------------------------------------------------------------------
<<<<<5.2.1.040<<<<<


>>>>>5.2.1.039>>>>>
Tue Aug  4 03:22:45 PDT 2015
------------------------------------------------------------------------
r71291 | mgujrath | 2015-08-04 02:43:10 -0700 (Tue, 04 Aug 2015) | 1 line

reverting installer version to V5.
------------------------------------------------------------------------
r71287 | bgokhale | 2015-08-04 00:44:50 -0700 (Tue, 04 Aug 2015) | 1 line

accept from/to rev, pattern file from command line
------------------------------------------------------------------------
r71285 | qlbuild | 2015-08-03 21:31:46 -0700 (Mon, 03 Aug 2015) | 1 line

TIBCO BusinessEvents Nightly Build Version 5.2.1.038
------------------------------------------------------------------------
<<<<<5.2.1.039<<<<<


>>>>>5.2.1.038>>>>>
Mon Aug  3 22:03:38 PDT 2015
------------------------------------------------------------------------
r71284 | abhave | 2015-08-03 21:25:18 -0700 (Mon, 03 Aug 2015) | 1 line

Updating the revision number.
------------------------------------------------------------------------
r71283 | abhave | 2015-08-03 21:10:13 -0700 (Mon, 03 Aug 2015) | 1 line

Changing the universal installer version to 3.3.0 V6
------------------------------------------------------------------------
r71282 | qlbuild | 2015-08-03 20:48:29 -0700 (Mon, 03 Aug 2015) | 1 line

TIBCO BusinessEvents Nightly Build Version 5.2.1.038
------------------------------------------------------------------------
r71281 | abhave | 2015-08-03 20:28:16 -0700 (Mon, 03 Aug 2015) | 1 line

BE-22746 - updating the AS version to 2.1.5.V37 in shared.properties file.
------------------------------------------------------------------------
r71280 | abhave | 2015-08-03 20:27:03 -0700 (Mon, 03 Aug 2015) | 1 line

BE-22746 - AS version update in tag file.
------------------------------------------------------------------------
r71279 | abhave | 2015-08-03 20:23:40 -0700 (Mon, 03 Aug 2015) | 1 line

Renaming the AS runtime dummy contrib file to correct version
------------------------------------------------------------------------
r71278 | abhave | 2015-08-03 20:23:20 -0700 (Mon, 03 Aug 2015) | 1 line

Renaming the AS runtime dummy contrib file to correct version
------------------------------------------------------------------------
r71274 | qlbuild | 2015-08-03 06:27:18 -0700 (Mon, 03 Aug 2015) | 1 line

TIBCO BusinessEvents Nightly Build Version 5.2.1.037
------------------------------------------------------------------------
<<<<<5.2.1.038<<<<<




>>>>>5.2.1.037>>>>>
Mon Aug  3 06:59:07 PDT 2015
------------------------------------------------------------------------
r71270 | mgujrath | 2015-08-03 03:41:22 -0700 (Mon, 03 Aug 2015) | 1 line

updated 521 build script.
------------------------------------------------------------------------
r71269 | bgokhale | 2015-08-03 03:14:27 -0700 (Mon, 03 Aug 2015) | 1 line

print all non match patterns
------------------------------------------------------------------------
r71268 | mgujrath | 2015-08-03 02:41:11 -0700 (Mon, 03 Aug 2015) | 1 line

updating svn path.
------------------------------------------------------------------------
r71267 | mgujrath | 2015-08-03 02:35:57 -0700 (Mon, 03 Aug 2015) | 1 line

reverting.
------------------------------------------------------------------------
r71266 | qlbuild | 2015-08-03 02:29:31 -0700 (Mon, 03 Aug 2015) | 1 line

TIBCO BusinessEvents Nightly Build Version 5.2.1.037
------------------------------------------------------------------------
r71265 | mgujrath | 2015-08-03 02:16:31 -0700 (Mon, 03 Aug 2015) | 1 line

reverting.
------------------------------------------------------------------------
r71264 | qlbuild | 2015-08-03 02:13:30 -0700 (Mon, 03 Aug 2015) | 1 line

TIBCO BusinessEvents Nightly Build Version 5.2.1.037
------------------------------------------------------------------------
r71263 | mgujrath | 2015-08-03 02:10:35 -0700 (Mon, 03 Aug 2015) | 1 line

updated BE521 build script. (WIP).
------------------------------------------------------------------------
r71262 | bgokhale | 2015-08-03 02:06:49 -0700 (Mon, 03 Aug 2015) | 2 lines

build automation related

------------------------------------------------------------------------
r71261 | mgujrath | 2015-08-03 02:01:42 -0700 (Mon, 03 Aug 2015) | 1 line

updated BE521 build script. (WIP).
------------------------------------------------------------------------
r71260 | qlbuild | 2015-08-03 01:58:30 -0700 (Mon, 03 Aug 2015) | 1 line

TIBCO BusinessEvents Nightly Build Version 5.2.1.037
------------------------------------------------------------------------
r71259 | bgokhale | 2015-08-03 01:52:38 -0700 (Mon, 03 Aug 2015) | 1 line

script to check svn changelist with a pattern list
------------------------------------------------------------------------
r71258 | mgujrath | 2015-08-03 01:48:09 -0700 (Mon, 03 Aug 2015) | 1 line

updated BE521 build script. (WIP).
------------------------------------------------------------------------
r71257 | mgujrath | 2015-08-03 01:46:07 -0700 (Mon, 03 Aug 2015) | 1 line

updated BE521 build script. (WIP).
------------------------------------------------------------------------
r71256 | mgujrath | 2015-08-03 00:04:30 -0700 (Mon, 03 Aug 2015) | 1 line

reverting.
------------------------------------------------------------------------
r71255 | qlbuild | 2015-08-02 23:59:17 -0700 (Sun, 02 Aug 2015) | 1 line

TIBCO BusinessEvents Nightly Build Version 5.2.1.038
------------------------------------------------------------------------
r71254 | mgujrath | 2015-08-02 23:53:57 -0700 (Sun, 02 Aug 2015) | 1 line

updated BE521 build script. (WIP).
------------------------------------------------------------------------
r71253 | qlbuild | 2015-08-02 23:51:13 -0700 (Sun, 02 Aug 2015) | 1 line

build file 521
------------------------------------------------------------------------
r71252 | mgujrath | 2015-08-02 23:41:47 -0700 (Sun, 02 Aug 2015) | 1 line

updated BE521 build script. (WIP).
------------------------------------------------------------------------
r71251 | mgujrath | 2015-08-02 23:17:36 -0700 (Sun, 02 Aug 2015) | 1 line

updated BE521 build script. (WIP).
------------------------------------------------------------------------
r71250 | mgujrath | 2015-08-02 23:11:12 -0700 (Sun, 02 Aug 2015) | 1 line

updated BE521 build script. (WIP).
------------------------------------------------------------------------
r71247 | mgujrath | 2015-08-02 21:14:37 -0700 (Sun, 02 Aug 2015) | 2 lines

BE-22730
[Regression 521] AIX : Additional exceptions are seen while starting studio-tools
------------------------------------------------------------------------
r71229 | qlbuild | 2015-07-31 05:36:16 -0700 (Fri, 31 Jul 2015) | 1 line

TIBCO BusinessEvents Nightly Build Version 5.2.1.036
------------------------------------------------------------------------
<<<<<5.2.1.037<<<<<


>>>>>5.2.1.036>>>>>
Fri Jul 31 06:07:58 PDT 2015
------------------------------------------------------------------------
r71221 | vpatil | 2015-07-30 23:36:06 -0700 (Thu, 30 Jul 2015) | 1 line

BE-22490 - Added some more debug logs.
------------------------------------------------------------------------
r71203 | qlbuild | 2015-07-30 05:36:26 -0700 (Thu, 30 Jul 2015) | 1 line

TIBCO BusinessEvents Nightly Build Version 5.2.1.035
------------------------------------------------------------------------
<<<<<5.2.1.036<<<<<


>>>>>5.2.1.035>>>>>
Thu Jul 30 06:08:04 PDT 2015
------------------------------------------------------------------------
r71202 | vasharma | 2015-07-30 04:12:57 -0700 (Thu, 30 Jul 2015) | 4 lines

Committing scripts for :
1.findJarsScript.sh : checks svn commits between revisions to identify the jars needed to be included in Hotfixes
2.downloaddependencies_52.sh : Checks if there is any changes in shared.properties(any version update) and accordingly downloads the new dependencies
3.buildCopyScript.sh : Auto copies/downloads engg builds from builder and saves them to 201 machine
------------------------------------------------------------------------
r71201 | mjinia | 2015-07-30 04:11:11 -0700 (Thu, 30 Jul 2015) | 1 line

BE-22732 : make defensive test before reading JMS int props during deserialization.
------------------------------------------------------------------------
r71196 | vpatil | 2015-07-30 00:52:28 -0700 (Thu, 30 Jul 2015) | 1 line

BE-22733 - Corrected the migration for errorCallback when migrating 5.1.4 project to 5.2.1
------------------------------------------------------------------------
r71195 | vpatil | 2015-07-30 00:49:37 -0700 (Thu, 30 Jul 2015) | 1 line

BE-22734 - Moved array initialization codegen at the global level.
------------------------------------------------------------------------
r71181 | qlbuild | 2015-07-29 05:36:25 -0700 (Wed, 29 Jul 2015) | 1 line

TIBCO BusinessEvents Nightly Build Version 5.2.1.034
------------------------------------------------------------------------
<<<<<5.2.1.035<<<<<


>>>>>5.2.1.034>>>>>
Wed Jul 29 06:08:00 PDT 2015
------------------------------------------------------------------------
r71179 | mgujrath | 2015-07-29 04:18:25 -0700 (Wed, 29 Jul 2015) | 1 line

521 build script. (WIP).
------------------------------------------------------------------------
r71177 | mgujrath | 2015-07-29 04:00:54 -0700 (Wed, 29 Jul 2015) | 1 line

521 build script. (WIP).
------------------------------------------------------------------------
r71176 | qlbuild | 2015-07-29 03:27:12 -0700 (Wed, 29 Jul 2015) | 1 line

new consolidated build script
------------------------------------------------------------------------
r71173 | bgokhale | 2015-07-28 23:07:26 -0700 (Tue, 28 Jul 2015) | 2 lines

updated by update_vbuilds.sh to V33

------------------------------------------------------------------------
r71172 | bgokhale | 2015-07-28 23:06:25 -0700 (Tue, 28 Jul 2015) | 2 lines

removed extra print

------------------------------------------------------------------------
r71171 | bgokhale | 2015-07-28 23:04:46 -0700 (Tue, 28 Jul 2015) | 1 line

scripts to manually update vbuilds.log after an official vbuild
------------------------------------------------------------------------
r71166 | relbuild | 2015-07-28 14:34:49 -0700 (Tue, 28 Jul 2015) | 1 line

TIBCO BusinessEvents Version 5.2.1.033
------------------------------------------------------------------------
r71164 | relbuild | 2015-07-28 13:39:53 -0700 (Tue, 28 Jul 2015) | 1 line

TIBCO BusinessEvents Version 5.2.1.033
------------------------------------------------------------------------
r71163 | relbuild | 2015-07-28 13:39:51 -0700 (Tue, 28 Jul 2015) | 1 line

TIBCO BusinessEvents Version 5.2.1.033
------------------------------------------------------------------------
<<<<<5.2.1.034<<<<<


>>>>>5.2.1.033>>>>>
Tue Jul 28 23:06:33 PDT 2015
------------------------------------------------------------------------
r71162 | relbuild | 2015-07-29 02:09:18 +0530 (Wed, 29 Jul 2015) | 1 line

TIBCO BusinessEvents Version 5.2.1.033
------------------------------------------------------------------------
r71161 | qlbuild | 2015-07-28 19:07:31 +0530 (Tue, 28 Jul 2015) | 1 line

TIBCO BusinessEvents Nightly Build Version 5.2.1.032
------------------------------------------------------------------------
<<<<<5.2.1.033<<<<<


>>>>>5.2.1.032>>>>>
Tue Jul 28 07:09:04 PDT 2015
------------------------------------------------------------------------
r71154 | vpatil | 2015-07-28 00:10:29 -0700 (Tue, 28 Jul 2015) | 1 line

Added defensive check for build-studiofunctions, to check if sure studio plugins are compiled before hand.
------------------------------------------------------------------------
r71152 | qlbuild | 2015-07-27 23:40:43 -0700 (Mon, 27 Jul 2015) | 1 line

TIBCO BusinessEvents Nightly Build Version 5.2.1.031
------------------------------------------------------------------------
<<<<<5.2.1.032<<<<<


>>>>>5.2.1.031>>>>>
Tue Jul 28 00:12:13 PDT 2015
------------------------------------------------------------------------
r71150 | vasharma | 2015-07-27 23:01:29 -0700 (Mon, 27 Jul 2015) | 1 line

BE-22700 : BE 520 studio and studio-tools are broken after removing BE 521.
------------------------------------------------------------------------
r71144 | anpatil | 2015-07-27 18:19:00 -0700 (Mon, 27 Jul 2015) | 1 line

Modified to be BE-22726 [[Regression 520] : Views - Search, gallery, save and logout names labels are missing in chrome browser.]
------------------------------------------------------------------------
r71138 | mgujrath | 2015-07-27 03:02:03 -0700 (Mon, 27 Jul 2015) | 2 lines

BE-22722
[Regression 521] Linux : Studio is not opening in Linux - Updating the correct eclipse plugins path.
------------------------------------------------------------------------
r71137 | mgujrath | 2015-07-27 02:10:59 -0700 (Mon, 27 Jul 2015) | 2 lines

BE-22721
Installation Mac OSX[520+521] : Installation does not replace views related jar's with respective 5.2.1 jars
------------------------------------------------------------------------
r71133 | qlbuild | 2015-07-26 22:41:37 -0700 (Sun, 26 Jul 2015) | 1 line

TIBCO BusinessEvents Nightly Build Version 5.2.1.030
------------------------------------------------------------------------
<<<<<5.2.1.031<<<<<


>>>>>5.2.1.030>>>>>
Sun Jul 26 23:13:08 PDT 2015
------------------------------------------------------------------------
r71131 | mgujrath | 2015-07-26 22:30:17 -0700 (Sun, 26 Jul 2015) | 1 line

http://jira.tibco.com/browse/BE-22725 - AS update to 215 V36 - HF9.
------------------------------------------------------------------------
r71130 | mgujrath | 2015-07-26 21:51:29 -0700 (Sun, 26 Jul 2015) | 2 lines

BE-22722
[Regression 521] Linux : Studio is not opening in Linux
------------------------------------------------------------------------
r71129 | moshaikh | 2015-07-25 11:29:01 -0700 (Sat, 25 Jul 2015) | 3 lines

Fixed : http://jira.tibco.com/browse/BE-22711
Review/Approval: http://scr.tibco.com/be/r/125/
Now creating only the needed session (Previously a queue session and a topic session was always being created for every Channel destination).
------------------------------------------------------------------------
r71121 | mgujrath | 2015-07-24 09:05:00 -0700 (Fri, 24 Jul 2015) | 1 line

BE-22700, BE-22702 - correcting the correct position for the target.
------------------------------------------------------------------------
r71120 | mgujrath | 2015-07-24 08:50:22 -0700 (Fri, 24 Jul 2015) | 2 lines

BE-22720
Installation : BE 520+521 installation should be consistent with BE 521 installation
------------------------------------------------------------------------
r71116 | fildiz | 2015-07-23 11:49:30 -0700 (Thu, 23 Jul 2015) | 1 line

Fix parameter description errors caused by simple "copy & paste" 
------------------------------------------------------------------------
r71110 | bgokhale | 2015-07-22 21:02:14 -0700 (Wed, 22 Jul 2015) | 1 line

manually corrected the build log order
------------------------------------------------------------------------
r71108 | abhave | 2015-07-22 15:23:15 -0700 (Wed, 22 Jul 2015) | 1 line

BE-22400
------------------------------------------------------------------------
r71107 | abhave | 2015-07-22 15:13:15 -0700 (Wed, 22 Jul 2015) | 1 line

BE-22400
------------------------------------------------------------------------
r71106 | abhave | 2015-07-22 14:45:30 -0700 (Wed, 22 Jul 2015) | 1 line

BE-22400
------------------------------------------------------------------------
r71105 | qlbuild | 2015-07-22 10:54:49 -0700 (Wed, 22 Jul 2015) | 1 line

TIBCO BusinessEvents Nightly Build Version 5.2.1.029
------------------------------------------------------------------------
<<<<<5.2.1.030<<<<<


>>>>>5.2.1.029>>>>>
Wed Jul 22 11:26:08 PDT 2015
------------------------------------------------------------------------
r71104 | abhave | 2015-07-22 10:49:49 -0700 (Wed, 22 Jul 2015) | 1 line

BE-22715
------------------------------------------------------------------------
r71100 | qlbuild | 2015-07-22 03:58:38 -0700 (Wed, 22 Jul 2015) | 1 line

TIBCO BusinessEvents Nightly Build Version 5.2.1.028
------------------------------------------------------------------------
<<<<<5.2.1.029<<<<<

>>>>>5.2.1.028>>>>>
Wed Jul 22 04:29:58 PDT 2015
------------------------------------------------------------------------
r71099 | bgokhale | 2015-07-22 03:51:41 -0700 (Wed, 22 Jul 2015) | 1 line

updated to reflect the new file name ecj-4.4.2 bundled with Tomcat 7.0.62
------------------------------------------------------------------------
r71098 | vasharma | 2015-07-22 03:49:26 -0700 (Wed, 22 Jul 2015) | 1 line

BE-22700,BE-22702 : Installation : Studio and Studio-tools are broken in 521 when installed on top of 520 (Studio and studio-tools are used in 520).
------------------------------------------------------------------------
r71093 | qlbuild | 2015-07-22 02:15:46 -0700 (Wed, 22 Jul 2015) | 1 line

updated jenkins job
------------------------------------------------------------------------
r71092 | qlbuild | 2015-07-22 02:05:55 -0700 (Wed, 22 Jul 2015) | 2 lines

added date/spacers

------------------------------------------------------------------------
r71090 | qlbuild | 2015-07-21 23:35:28 -0700 (Tue, 21 Jul 2015) | 2 lines

Moved job configurations to "jobs" folder to avoid confusion

------------------------------------------------------------------------
r71088 | qlbuild | 2015-07-21 23:18:21 -0700 (Tue, 21 Jul 2015) | 1 line

Adding Jenkins jobs to svn
------------------------------------------------------------------------
r71085 | nwang | 2015-07-21 22:16:33 -0700 (Tue, 21 Jul 2015) | 1 line

fix BE-22531. Add ClearAlertEvent support
------------------------------------------------------------------------
r71084 | qlbuild | 2015-07-21 22:05:54 -0700 (Tue, 21 Jul 2015) | 1 line

TIBCO BusinessEvents Nightly Build Version 5.2.1.027
------------------------------------------------------------------------
<<<<<5.2.1.028<<<<<



>>>>>5.2.1.027>>>>>
Wed Jul 22 02:29:51 PDT 2015
------------------------------------------------------------------------
r71083 | mgujrath | 2015-07-21 22:03:06 -0700 (Tue, 21 Jul 2015) | 1 line

reverting.
------------------------------------------------------------------------
r71082 | qlbuild | 2015-07-21 21:57:15 -0700 (Tue, 21 Jul 2015) | 1 line

TIBCO BusinessEvents Nightly Build Version 5.2.1.027
------------------------------------------------------------------------
r71076 | abhave | 2015-07-21 10:56:01 -0700 (Tue, 21 Jul 2015) | 1 line

BE-22649, BE-22572
------------------------------------------------------------------------
r71071 | qlbuild | 2015-07-21 03:04:55 -0700 (Tue, 21 Jul 2015) | 1 line

TIBCO BusinessEvents Nightly Build Version 5.2.1.026
------------------------------------------------------------------------
<<<<<5.2.1.027<<<<<


>>>>>5.2.1.026>>>>>
Tue Jul 20 03:36:00 PDT 2015
------------------------------------------------------------------------
r71068 | vasharma | 2015-07-21 14:41:06 +0530 (Tue, 21 Jul 2015) | 2 lines

BE-22545 : Update all bundled projects w.r.t. 5.2.1. and ear's of bundled projects.
Updated all EARs after the fix in BE-17583 which was reverted in build V24.
------------------------------------------------------------------------
r71067 | vpatil | 2015-07-21 13:39:05 +0530 (Tue, 21 Jul 2015) | 1 line

BE-22624 - Correct the display model hierarchy when multi levels are used.
------------------------------------------------------------------------
r71066 | qlbuild | 2015-07-21 12:40:10 +0530 (Tue, 21 Jul 2015) | 1 line

Include relevant terr paths in the eclipse project
------------------------------------------------------------------------
r71061 | mgujrath | 2015-07-20 12:39:32 +0530 (Mon, 20 Jul 2015) | 1 line

cleaning up log file.
------------------------------------------------------------------------
r71060 | mgujrath | 2015-07-20 12:38:24 +0530 (Mon, 20 Jul 2015) | 1 line

rweverting.
------------------------------------------------------------------------
r71059 | qlbuild | 2015-07-20 12:17:57 +0530 (Mon, 20 Jul 2015) | 1 line

TIBCO BusinessEvents Nightly Build Version 5.2.1.026
------------------------------------------------------------------------
r71058 | qlbuild | 2015-07-20 12:16:30 +0530 (Mon, 20 Jul 2015) | 1 line

TIBCO BusinessEvents Nightly Build Version 5.2.1.026
------------------------------------------------------------------------
r71057 | qlbuild | 2015-07-20 12:16:29 +0530 (Mon, 20 Jul 2015) | 1 line

TIBCO BusinessEvents Nightly Build Version 5.2.1.026
------------------------------------------------------------------------
r71056 | mgujrath | 2015-07-20 12:10:29 +0530 (Mon, 20 Jul 2015) | 1 line

test checkin.
------------------------------------------------------------------------
r71055 | mgujrath | 2015-07-20 12:10:04 +0530 (Mon, 20 Jul 2015) | 1 line

reverting.
------------------------------------------------------------------------
r71054 | mgujrath | 2015-07-20 11:52:26 +0530 (Mon, 20 Jul 2015) | 1 line

test checkin.
------------------------------------------------------------------------
r71052 | qlbuild | 2015-07-20 11:48:08 +0530 (Mon, 20 Jul 2015) | 1 line

TIBCO BusinessEvents Nightly Build Version 5.2.1.026
------------------------------------------------------------------------
r71051 | vasharma | 2015-07-20 11:42:55 +0530 (Mon, 20 Jul 2015) | 1 line

BE-22698 :  Getting "Ant Task" warning for the failure of post installation tasks for BusinessEvents Standard Documentation.
------------------------------------------------------------------------
r71050 | mgujrath | 2015-07-20 10:46:31 +0530 (Mon, 20 Jul 2015) | 1 line

changing log file name.
------------------------------------------------------------------------
r71049 | mgujrath | 2015-07-20 10:25:23 +0530 (Mon, 20 Jul 2015) | 1 line

adding pl script to detect previous entry for same build.(to be called from jenkins.)
------------------------------------------------------------------------
r71047 | qlbuild | 2015-07-17 17:50:47 +0530 (Fri, 17 Jul 2015) | 1 line

update property file
------------------------------------------------------------------------
r71046 | qlbuild | 2015-07-17 17:50:45 +0530 (Fri, 17 Jul 2015) | 1 line

build-svn mapping file
------------------------------------------------------------------------
r71045 | qlbuild | 2015-07-17 17:49:07 +0530 (Fri, 17 Jul 2015) | 1 line

build-svn mapping file
------------------------------------------------------------------------
<<<<<5.2.1.026<<<<<
